16:33:41 **** Incremental Build of configuration Debug for project USART_rb ****
make -j12 all 
arm-none-eabi-gcc "../Core/Src/main.c" -mcpu=cortex-m3 -std=gnu11 -g3 -DDEBUG -DUSE_HAL_DRIVER -DSTM32F103xB -c -I../Core/Inc -I../Drivers/STM32F1xx_HAL_Driver/Inc -I../Drivers/STM32F1xx_HAL_Driver/Inc/Legacy -I../Drivers/CMSIS/Device/ST/STM32F1xx/Include -I../Drivers/CMSIS/Include -O0 -ffunction-sections -fdata-sections -Wall -fstack-usage -MMD -MP -MF"Core/Src/main.d" -MT"Core/Src/main.o" --specs=nano.specs -mfloat-abi=soft -mthumb -o "Core/Src/main.o"
../Core/Src/main.c:2:5: error: stray '@' in program
    2 |   * @file           : main.c
      |     ^
../Core/Src/main.c:2:21: error: expected '=', ',', ';', 'asm' or '__attribute__' before ':' token
    2 |   * @file           : main.c
      |                     ^
../Core/Src/main.c:3:5: error: stray '@' in program
    3 |   * @brief          : Main program body
      |     ^
../Core/Src/main.c:5:5: error: stray '@' in program
    5 |   * @attention
      |     ^
../Core/Src/main.c:7:24: warning: return type defaults to 'int' [-Wimplicit-int]
    7 |   * <h2><center>&copy; Copyright (c) 2020 STMicroelectronics.
      |                        ^~~~~~~~~
../Core/Src/main.c: In function 'Copyright':
../Core/Src/main.c:7:38: error: expected declaration specifiers before numeric constant
    7 |   * <h2><center>&copy; Copyright (c) 2020 STMicroelectronics.
      |                                      ^~~~
../Core/Src/main.c:11:20: error: unknown type name 'You'
   11 |   * the "License"; You may not use this file except in compliance with the
      |                    ^~~
../Core/Src/main.c:11:28: error: expected '=', ',', ';', 'asm' or '__attribute__' before 'not'
   11 |   * the "License"; You may not use this file except in compliance with the
      |                            ^~~
In file included from ../Drivers/CMSIS/Device/ST/STM32F1xx/Include/stm32f1xx.h:131,
                 from ../Drivers/STM32F1xx_HAL_Driver/Inc/stm32f1xx_hal_def.h:30,
                 from ../Drivers/STM32F1xx_HAL_Driver/Inc/stm32f1xx_hal_rcc.h:29,
                 from ../Core/Inc/stm32f1xx_hal_conf.h:238,
                 from ../Drivers/STM32F1xx_HAL_Driver/Inc/stm32f1xx_hal.h:30,
                 from ../Core/Inc/main.h:30,
                 from ../Core/Src/main.c:20:
../Drivers/CMSIS/Device/ST/STM32F1xx/Include/stm32f103xb.h:126:3: error: expected declaration specifiers before 'IRQn_Type'
  126 | } IRQn_Type;
      |   ^~~~~~~~~
In file included from d:\stm32cubeide_1.10.1\stm32cubeide\plugins\com.st.stm32cube.ide.mcu.externaltools.gnu-tools-for-stm32.10.3-2021.10.win32_1.0.0.202111181127\tools\arm-none-eabi\include\stdint.h:12,
                 from d:\stm32cubeide_1.10.1\stm32cubeide\plugins\com.st.stm32cube.ide.mcu.externaltools.gnu-tools-for-stm32.10.3-2021.10.win32_1.0.0.202111181127\tools\lib\gcc\arm-none-eabi\10.3.1\include\stdint.h:9,
                 from ../Drivers/CMSIS/Include/core_cm3.h:34,
                 from ../Drivers/CMSIS/Device/ST/STM32F1xx/Include/stm32f103xb.h:132,
                 from ../Drivers/CMSIS/Device/ST/STM32F1xx/Include/stm32f1xx.h:131,
                 from ../Drivers/STM32F1xx_HAL_Driver/Inc/stm32f1xx_hal_def.h:30,
                 from ../Drivers/STM32F1xx_HAL_Driver/Inc/stm32f1xx_hal_rcc.h:29,
                 from ../Core/Inc/stm32f1xx_hal_conf.h:238,
                 from ../Drivers/STM32F1xx_HAL_Driver/Inc/stm32f1xx_hal.h:30,
                 from ../Core/Inc/main.h:30,
                 from ../Core/Src/main.c:20:
d:\stm32cubeide_1.10.1\stm32cubeide\plugins\com.st.stm32cube.ide.mcu.externaltools.gnu-tools-for-stm32.10.3-2021.10.win32_1.0.0.202111181127\tools\arm-none-eabi\include\machine\_default_types.h:41:23: error: storage class specified for parameter '__int8_t'
   41 | typedef __INT8_TYPE__ __int8_t;
      |                       ^~~~~~~~
d:\stm32cubeide_1.10.1\stm32cubeide\plugins\com.st.stm32cube.ide.mcu.externaltools.gnu-tools-for-stm32.10.3-2021.10.win32_1.0.0.202111181127\tools\arm-none-eabi\include\machine\_default_types.h:43:24: error: storage class specified for parameter '__uint8_t'
   43 | typedef __UINT8_TYPE__ __uint8_t;
      |                        ^~~~~~~~~
d:\stm32cubeide_1.10.1\stm32cubeide\plugins\com.st.stm32cube.ide.mcu.externaltools.gnu-tools-for-stm32.10.3-2021.10.win32_1.0.0.202111181127\tools\arm-none-eabi\include\machine\_default_types.h:55:24: error: storage class specified for parameter '__int16_t'
   55 | typedef __INT16_TYPE__ __int16_t;
      |                        ^~~~~~~~~
d:\stm32cubeide_1.10.1\stm32cubeide\plugins\com.st.stm32cube.ide.mcu.externaltools.gnu-tools-for-stm32.10.3-2021.10.win32_1.0.0.202111181127\tools\arm-none-eabi\include\machine\_default_types.h:57:25: error: storage class specified for parameter '__uint16_t'
   57 | typedef __UINT16_TYPE__ __uint16_t;
      |                         ^~~~~~~~~~
d:\stm32cubeide_1.10.1\stm32cubeide\plugins\com.st.stm32cube.ide.mcu.externaltools.gnu-tools-for-stm32.10.3-2021.10.win32_1.0.0.202111181127\tools\arm-none-eabi\include\machine\_default_types.h:77:24: error: storage class specified for parameter '__int32_t'
   77 | typedef __INT32_TYPE__ __int32_t;
      |                        ^~~~~~~~~
d:\stm32cubeide_1.10.1\stm32cubeide\plugins\com.st.stm32cube.ide.mcu.externaltools.gnu-tools-for-stm32.10.3-2021.10.win32_1.0.0.202111181127\tools\arm-none-eabi\include\machine\_default_types.h:79:25: error: storage class specified for parameter '__uint32_t'
   79 | typedef __UINT32_TYPE__ __uint32_t;
      |                         ^~~~~~~~~~
d:\stm32cubeide_1.10.1\stm32cubeide\plugins\com.st.stm32cube.ide.mcu.externaltools.gnu-tools-for-stm32.10.3-2021.10.win32_1.0.0.202111181127\tools\arm-none-eabi\include\machine\_default_types.h:103:24: error: storage class specified for parameter '__int64_t'
  103 | typedef __INT64_TYPE__ __int64_t;
      |                        ^~~~~~~~~
d:\stm32cubeide_1.10.1\stm32cubeide\plugins\com.st.stm32cube.ide.mcu.externaltools.gnu-tools-for-stm32.10.3-2021.10.win32_1.0.0.202111181127\tools\arm-none-eabi\include\machine\_default_types.h:105:25: error: storage class specified for parameter '__uint64_t'
  105 | typedef __UINT64_TYPE__ __uint64_t;
      |                         ^~~~~~~~~~
d:\stm32cubeide_1.10.1\stm32cubeide\plugins\com.st.stm32cube.ide.mcu.externaltools.gnu-tools-for-stm32.10.3-2021.10.win32_1.0.0.202111181127\tools\arm-none-eabi\include\machine\_default_types.h:134:29: error: storage class specified for parameter '__int_least8_t'
  134 | typedef __INT_LEAST8_TYPE__ __int_least8_t;
      |                             ^~~~~~~~~~~~~~
d:\stm32cubeide_1.10.1\stm32cubeide\plugins\com.st.stm32cube.ide.mcu.externaltools.gnu-tools-for-stm32.10.3-2021.10.win32_1.0.0.202111181127\tools\arm-none-eabi\include\machine\_default_types.h:136:30: error: storage class specified for parameter '__uint_least8_t'
  136 | typedef __UINT_LEAST8_TYPE__ __uint_least8_t;
      |                              ^~~~~~~~~~~~~~~
d:\stm32cubeide_1.10.1\stm32cubeide\plugins\com.st.stm32cube.ide.mcu.externaltools.gnu-tools-for-stm32.10.3-2021.10.win32_1.0.0.202111181127\tools\arm-none-eabi\include\machine\_default_types.h:160:30: error: storage class specified for parameter '__int_least16_t'
  160 | typedef __INT_LEAST16_TYPE__ __int_least16_t;
      |                              ^~~~~~~~~~~~~~~
d:\stm32cubeide_1.10.1\stm32cubeide\plugins\com.st.stm32cube.ide.mcu.externaltools.gnu-tools-for-stm32.10.3-2021.10.win32_1.0.0.202111181127\tools\arm-none-eabi\include\machine\_default_types.h:162:31: error: storage class specified for parameter '__uint_least16_t'
  162 | typedef __UINT_LEAST16_TYPE__ __uint_least16_t;
      |                               ^~~~~~~~~~~~~~~~
d:\stm32cubeide_1.10.1\stm32cubeide\plugins\com.st.stm32cube.ide.mcu.externaltools.gnu-tools-for-stm32.10.3-2021.10.win32_1.0.0.202111181127\tools\arm-none-eabi\include\machine\_default_types.h:182:30: error: storage class specified for parameter '__int_least32_t'
  182 | typedef __INT_LEAST32_TYPE__ __int_least32_t;
      |                              ^~~~~~~~~~~~~~~
d:\stm32cubeide_1.10.1\stm32cubeide\plugins\com.st.stm32cube.ide.mcu.externaltools.gnu-tools-for-stm32.10.3-2021.10.win32_1.0.0.202111181127\tools\arm-none-eabi\include\machine\_default_types.h:184:31: error: storage class specified for parameter '__uint_least32_t'
  184 | typedef __UINT_LEAST32_TYPE__ __uint_least32_t;
      |                               ^~~~~~~~~~~~~~~~
d:\stm32cubeide_1.10.1\stm32cubeide\plugins\com.st.stm32cube.ide.mcu.externaltools.gnu-tools-for-stm32.10.3-2021.10.win32_1.0.0.202111181127\tools\arm-none-eabi\include\machine\_default_types.h:200:30: error: storage class specified for parameter '__int_least64_t'
  200 | typedef __INT_LEAST64_TYPE__ __int_least64_t;
      |                              ^~~~~~~~~~~~~~~
d:\stm32cubeide_1.10.1\stm32cubeide\plugins\com.st.stm32cube.ide.mcu.externaltools.gnu-tools-for-stm32.10.3-2021.10.win32_1.0.0.202111181127\tools\arm-none-eabi\include\machine\_default_types.h:202:31: error: storage class specified for parameter '__uint_least64_t'
  202 | typedef __UINT_LEAST64_TYPE__ __uint_least64_t;
      |                               ^~~~~~~~~~~~~~~~
d:\stm32cubeide_1.10.1\stm32cubeide\plugins\com.st.stm32cube.ide.mcu.externaltools.gnu-tools-for-stm32.10.3-2021.10.win32_1.0.0.202111181127\tools\arm-none-eabi\include\machine\_default_types.h:214:25: error: storage class specified for parameter '__intmax_t'
  214 | typedef __INTMAX_TYPE__ __intmax_t;
      |                         ^~~~~~~~~~
d:\stm32cubeide_1.10.1\stm32cubeide\plugins\com.st.stm32cube.ide.mcu.externaltools.gnu-tools-for-stm32.10.3-2021.10.win32_1.0.0.202111181127\tools\arm-none-eabi\include\machine\_default_types.h:222:26: error: storage class specified for parameter '__uintmax_t'
  222 | typedef __UINTMAX_TYPE__ __uintmax_t;
      |                          ^~~~~~~~~~~
d:\stm32cubeide_1.10.1\stm32cubeide\plugins\com.st.stm32cube.ide.mcu.externaltools.gnu-tools-for-stm32.10.3-2021.10.win32_1.0.0.202111181127\tools\arm-none-eabi\include\machine\_default_types.h:230:25: error: storage class specified for parameter '__intptr_t'
  230 | typedef __INTPTR_TYPE__ __intptr_t;
      |                         ^~~~~~~~~~
d:\stm32cubeide_1.10.1\stm32cubeide\plugins\com.st.stm32cube.ide.mcu.externaltools.gnu-tools-for-stm32.10.3-2021.10.win32_1.0.0.202111181127\tools\arm-none-eabi\include\machine\_default_types.h:232:26: error: storage class specified for parameter '__uintptr_t'
  232 | typedef __UINTPTR_TYPE__ __uintptr_t;
      |                          ^~~~~~~~~~~
In file included from d:\stm32cubeide_1.10.1\stm32cubeide\plugins\com.st.stm32cube.ide.mcu.externaltools.gnu-tools-for-stm32.10.3-2021.10.win32_1.0.0.202111181127\tools\arm-none-eabi\include\stdint.h:14,
                 from d:\stm32cubeide_1.10.1\stm32cubeide\plugins\com.st.stm32cube.ide.mcu.externaltools.gnu-tools-for-stm32.10.3-2021.10.win32_1.0.0.202111181127\tools\lib\gcc\arm-none-eabi\10.3.1\include\stdint.h:9,
                 from ../Drivers/CMSIS/Include/core_cm3.h:34,
                 from ../Drivers/CMSIS/Device/ST/STM32F1xx/Include/stm32f103xb.h:132,
                 from ../Drivers/CMSIS/Device/ST/STM32F1xx/Include/stm32f1xx.h:131,
                 from ../Drivers/STM32F1xx_HAL_Driver/Inc/stm32f1xx_hal_def.h:30,
                 from ../Drivers/STM32F1xx_HAL_Driver/Inc/stm32f1xx_hal_rcc.h:29,
                 from ../Core/Inc/stm32f1xx_hal_conf.h:238,
                 from ../Drivers/STM32F1xx_HAL_Driver/Inc/stm32f1xx_hal.h:30,
                 from ../Core/Inc/main.h:30,
                 from ../Core/Src/main.c:20:
d:\stm32cubeide_1.10.1\stm32cubeide\plugins\com.st.stm32cube.ide.mcu.externaltools.gnu-tools-for-stm32.10.3-2021.10.win32_1.0.0.202111181127\tools\arm-none-eabi\include\sys\_stdint.h:20:18: error: expected '=', ',', ';', 'asm' or '__attribute__' before 'int8_t'
   20 | typedef __int8_t int8_t ;
      |                  ^~~~~~
d:\stm32cubeide_1.10.1\stm32cubeide\plugins\com.st.stm32cube.ide.mcu.externaltools.gnu-tools-for-stm32.10.3-2021.10.win32_1.0.0.202111181127\tools\arm-none-eabi\include\sys\_stdint.h:24:19: error: expected '=', ',', ';', 'asm' or '__attribute__' before 'uint8_t'
   24 | typedef __uint8_t uint8_t ;
      |                   ^~~~~~~
d:\stm32cubeide_1.10.1\stm32cubeide\plugins\com.st.stm32cube.ide.mcu.externaltools.gnu-tools-for-stm32.10.3-2021.10.win32_1.0.0.202111181127\tools\arm-none-eabi\include\sys\_stdint.h:32:19: error: expected '=', ',', ';', 'asm' or '__attribute__' before 'int16_t'
   32 | typedef __int16_t int16_t ;
      |                   ^~~~~~~
d:\stm32cubeide_1.10.1\stm32cubeide\plugins\com.st.stm32cube.ide.mcu.externaltools.gnu-tools-for-stm32.10.3-2021.10.win32_1.0.0.202111181127\tools\arm-none-eabi\include\sys\_stdint.h:36:20: error: expected '=', ',', ';', 'asm' or '__attribute__' before 'uint16_t'
   36 | typedef __uint16_t uint16_t ;
      |                    ^~~~~~~~
d:\stm32cubeide_1.10.1\stm32cubeide\plugins\com.st.stm32cube.ide.mcu.externaltools.gnu-tools-for-stm32.10.3-2021.10.win32_1.0.0.202111181127\tools\arm-none-eabi\include\sys\_stdint.h:44:19: error: expected '=', ',', ';', 'asm' or '__attribute__' before 'int32_t'
   44 | typedef __int32_t int32_t ;
      |                   ^~~~~~~
d:\stm32cubeide_1.10.1\stm32cubeide\plugins\com.st.stm32cube.ide.mcu.externaltools.gnu-tools-for-stm32.10.3-2021.10.win32_1.0.0.202111181127\tools\arm-none-eabi\include\sys\_stdint.h:48:20: error: expected '=', ',', ';', 'asm' or '__attribute__' before 'uint32_t'
   48 | typedef __uint32_t uint32_t ;
      |                    ^~~~~~~~
d:\stm32cubeide_1.10.1\stm32cubeide\plugins\com.st.stm32cube.ide.mcu.externaltools.gnu-tools-for-stm32.10.3-2021.10.win32_1.0.0.202111181127\tools\arm-none-eabi\include\sys\_stdint.h:56:19: error: expected '=', ',', ';', 'asm' or '__attribute__' before 'int64_t'
   56 | typedef __int64_t int64_t ;
      |                   ^~~~~~~
d:\stm32cubeide_1.10.1\stm32cubeide\plugins\com.st.stm32cube.ide.mcu.externaltools.gnu-tools-for-stm32.10.3-2021.10.win32_1.0.0.202111181127\tools\arm-none-eabi\include\sys\_stdint.h:60:20: error: expected '=', ',', ';', 'asm' or '__attribute__' before 'uint64_t'
   60 | typedef __uint64_t uint64_t ;
      |                    ^~~~~~~~
d:\stm32cubeide_1.10.1\stm32cubeide\plugins\com.st.stm32cube.ide.mcu.externaltools.gnu-tools-for-stm32.10.3-2021.10.win32_1.0.0.202111181127\tools\arm-none-eabi\include\sys\_stdint.h:67:20: error: expected '=', ',', ';', 'asm' or '__attribute__' before 'intmax_t'
   67 | typedef __intmax_t intmax_t;
      |                    ^~~~~~~~
d:\stm32cubeide_1.10.1\stm32cubeide\plugins\com.st.stm32cube.ide.mcu.externaltools.gnu-tools-for-stm32.10.3-2021.10.win32_1.0.0.202111181127\tools\arm-none-eabi\include\sys\_stdint.h:72:21: error: expected '=', ',', ';', 'asm' or '__attribute__' before 'uintmax_t'
   72 | typedef __uintmax_t uintmax_t;
      |                     ^~~~~~~~~
d:\stm32cubeide_1.10.1\stm32cubeide\plugins\com.st.stm32cube.ide.mcu.externaltools.gnu-tools-for-stm32.10.3-2021.10.win32_1.0.0.202111181127\tools\arm-none-eabi\include\sys\_stdint.h:77:20: error: expected '=', ',', ';', 'asm' or '__attribute__' before 'intptr_t'
   77 | typedef __intptr_t intptr_t;
      |                    ^~~~~~~~
d:\stm32cubeide_1.10.1\stm32cubeide\plugins\com.st.stm32cube.ide.mcu.externaltools.gnu-tools-for-stm32.10.3-2021.10.win32_1.0.0.202111181127\tools\arm-none-eabi\include\sys\_stdint.h:82:21: error: expected '=', ',', ';', 'asm' or '__attribute__' before 'uintptr_t'
   82 | typedef __uintptr_t uintptr_t;
      |                     ^~~~~~~~~
In file included from d:\stm32cubeide_1.10.1\stm32cubeide\plugins\com.st.stm32cube.ide.mcu.externaltools.gnu-tools-for-stm32.10.3-2021.10.win32_1.0.0.202111181127\tools\lib\gcc\arm-none-eabi\10.3.1\include\stdint.h:9,
                 from ../Drivers/CMSIS/Include/core_cm3.h:34,
                 from ../Drivers/CMSIS/Device/ST/STM32F1xx/Include/stm32f103xb.h:132,
                 from ../Drivers/CMSIS/Device/ST/STM32F1xx/Include/stm32f1xx.h:131,
                 from ../Drivers/STM32F1xx_HAL_Driver/Inc/stm32f1xx_hal_def.h:30,
                 from ../Drivers/STM32F1xx_HAL_Driver/Inc/stm32f1xx_hal_rcc.h:29,
                 from ../Core/Inc/stm32f1xx_hal_conf.h:238,
                 from ../Drivers/STM32F1xx_HAL_Driver/Inc/stm32f1xx_hal.h:30,
                 from ../Core/Inc/main.h:30,
                 from ../Core/Src/main.c:20:
d:\stm32cubeide_1.10.1\stm32cubeide\plugins\com.st.stm32cube.ide.mcu.externaltools.gnu-tools-for-stm32.10.3-2021.10.win32_1.0.0.202111181127\tools\arm-none-eabi\include\stdint.h:21:24: error: expected '=', ',', ';', 'asm' or '__attribute__' before 'int_least8_t'
   21 | typedef __int_least8_t int_least8_t;
      |                        ^~~~~~~~~~~~
d:\stm32cubeide_1.10.1\stm32cubeide\plugins\com.st.stm32cube.ide.mcu.externaltools.gnu-tools-for-stm32.10.3-2021.10.win32_1.0.0.202111181127\tools\arm-none-eabi\include\stdint.h:22:25: error: expected '=', ',', ';', 'asm' or '__attribute__' before 'uint_least8_t'
   22 | typedef __uint_least8_t uint_least8_t;
      |                         ^~~~~~~~~~~~~
d:\stm32cubeide_1.10.1\stm32cubeide\plugins\com.st.stm32cube.ide.mcu.externaltools.gnu-tools-for-stm32.10.3-2021.10.win32_1.0.0.202111181127\tools\arm-none-eabi\include\stdint.h:27:25: error: expected '=', ',', ';', 'asm' or '__attribute__' before 'int_least16_t'
   27 | typedef __int_least16_t int_least16_t;
      |                         ^~~~~~~~~~~~~
d:\stm32cubeide_1.10.1\stm32cubeide\plugins\com.st.stm32cube.ide.mcu.externaltools.gnu-tools-for-stm32.10.3-2021.10.win32_1.0.0.202111181127\tools\arm-none-eabi\include\stdint.h:28:26: error: expected '=', ',', ';', 'asm' or '__attribute__' before 'uint_least16_t'
   28 | typedef __uint_least16_t uint_least16_t;
      |                          ^~~~~~~~~~~~~~
d:\stm32cubeide_1.10.1\stm32cubeide\plugins\com.st.stm32cube.ide.mcu.externaltools.gnu-tools-for-stm32.10.3-2021.10.win32_1.0.0.202111181127\tools\arm-none-eabi\include\stdint.h:33:25: error: expected '=', ',', ';', 'asm' or '__attribute__' before 'int_least32_t'
   33 | typedef __int_least32_t int_least32_t;
      |                         ^~~~~~~~~~~~~
d:\stm32cubeide_1.10.1\stm32cubeide\plugins\com.st.stm32cube.ide.mcu.externaltools.gnu-tools-for-stm32.10.3-2021.10.win32_1.0.0.202111181127\tools\arm-none-eabi\include\stdint.h:34:26: error: expected '=', ',', ';', 'asm' or '__attribute__' before 'uint_least32_t'
   34 | typedef __uint_least32_t uint_least32_t;
      |                          ^~~~~~~~~~~~~~
d:\stm32cubeide_1.10.1\stm32cubeide\plugins\com.st.stm32cube.ide.mcu.externaltools.gnu-tools-for-stm32.10.3-2021.10.win32_1.0.0.202111181127\tools\arm-none-eabi\include\stdint.h:39:25: error: expected '=', ',', ';', 'asm' or '__attribute__' before 'int_least64_t'
   39 | typedef __int_least64_t int_least64_t;
      |                         ^~~~~~~~~~~~~
d:\stm32cubeide_1.10.1\stm32cubeide\plugins\com.st.stm32cube.ide.mcu.externaltools.gnu-tools-for-stm32.10.3-2021.10.win32_1.0.0.202111181127\tools\arm-none-eabi\include\stdint.h:40:26: error: expected '=', ',', ';', 'asm' or '__attribute__' before 'uint_least64_t'
   40 | typedef __uint_least64_t uint_least64_t;
      |                          ^~~~~~~~~~~~~~
d:\stm32cubeide_1.10.1\stm32cubeide\plugins\com.st.stm32cube.ide.mcu.externaltools.gnu-tools-for-stm32.10.3-2021.10.win32_1.0.0.202111181127\tools\arm-none-eabi\include\stdint.h:51:30: error: storage class specified for parameter 'int_fast8_t'
   51 |   typedef __INT_FAST8_TYPE__ int_fast8_t;
      |                              ^~~~~~~~~~~
d:\stm32cubeide_1.10.1\stm32cubeide\plugins\com.st.stm32cube.ide.mcu.externaltools.gnu-tools-for-stm32.10.3-2021.10.win32_1.0.0.202111181127\tools\arm-none-eabi\include\stdint.h:52:31: error: storage class specified for parameter 'uint_fast8_t'
   52 |   typedef __UINT_FAST8_TYPE__ uint_fast8_t;
      |                               ^~~~~~~~~~~~
d:\stm32cubeide_1.10.1\stm32cubeide\plugins\com.st.stm32cube.ide.mcu.externaltools.gnu-tools-for-stm32.10.3-2021.10.win32_1.0.0.202111181127\tools\arm-none-eabi\include\stdint.h:61:31: error: storage class specified for parameter 'int_fast16_t'
   61 |   typedef __INT_FAST16_TYPE__ int_fast16_t;
      |                               ^~~~~~~~~~~~
d:\stm32cubeide_1.10.1\stm32cubeide\plugins\com.st.stm32cube.ide.mcu.externaltools.gnu-tools-for-stm32.10.3-2021.10.win32_1.0.0.202111181127\tools\arm-none-eabi\include\stdint.h:62:32: error: storage class specified for parameter 'uint_fast16_t'
   62 |   typedef __UINT_FAST16_TYPE__ uint_fast16_t;
      |                                ^~~~~~~~~~~~~
d:\stm32cubeide_1.10.1\stm32cubeide\plugins\com.st.stm32cube.ide.mcu.externaltools.gnu-tools-for-stm32.10.3-2021.10.win32_1.0.0.202111181127\tools\arm-none-eabi\include\stdint.h:71:31: error: storage class specified for parameter 'int_fast32_t'
   71 |   typedef __INT_FAST32_TYPE__ int_fast32_t;
      |                               ^~~~~~~~~~~~
d:\stm32cubeide_1.10.1\stm32cubeide\plugins\com.st.stm32cube.ide.mcu.externaltools.gnu-tools-for-stm32.10.3-2021.10.win32_1.0.0.202111181127\tools\arm-none-eabi\include\stdint.h:72:32: error: storage class specified for parameter 'uint_fast32_t'
   72 |   typedef __UINT_FAST32_TYPE__ uint_fast32_t;
      |                                ^~~~~~~~~~~~~
d:\stm32cubeide_1.10.1\stm32cubeide\plugins\com.st.stm32cube.ide.mcu.externaltools.gnu-tools-for-stm32.10.3-2021.10.win32_1.0.0.202111181127\tools\arm-none-eabi\include\stdint.h:81:31: error: storage class specified for parameter 'int_fast64_t'
   81 |   typedef __INT_FAST64_TYPE__ int_fast64_t;
      |                               ^~~~~~~~~~~~
d:\stm32cubeide_1.10.1\stm32cubeide\plugins\com.st.stm32cube.ide.mcu.externaltools.gnu-tools-for-stm32.10.3-2021.10.win32_1.0.0.202111181127\tools\arm-none-eabi\include\stdint.h:82:32: error: storage class specified for parameter 'uint_fast64_t'
   82 |   typedef __UINT_FAST64_TYPE__ uint_fast64_t;
      |                                ^~~~~~~~~~~~~
In file included from ../Drivers/CMSIS/Include/cmsis_compiler.h:48,
                 from ../Drivers/CMSIS/Include/core_cm3.h:115,
                 from ../Drivers/CMSIS/Device/ST/STM32F1xx/Include/stm32f103xb.h:132,
                 from ../Drivers/CMSIS/Device/ST/STM32F1xx/Include/stm32f1xx.h:131,
                 from ../Drivers/STM32F1xx_HAL_Driver/Inc/stm32f1xx_hal_def.h:30,
                 from ../Drivers/STM32F1xx_HAL_Driver/Inc/stm32f1xx_hal_rcc.h:29,
                 from ../Core/Inc/stm32f1xx_hal_conf.h:238,
                 from ../Drivers/STM32F1xx_HAL_Driver/Inc/stm32f1xx_hal.h:30,
                 from ../Core/Inc/main.h:30,
                 from ../Core/Src/main.c:20:
../Drivers/CMSIS/Include/cmsis_gcc.h:29:9: error: expected declaration specifiers before '#pragma'
   29 | #pragma GCC diagnostic push
      |         ^~~
../Drivers/CMSIS/Include/cmsis_gcc.h:74:58: error: expected declaration specifiers before ';' token
   74 |   struct __attribute__((packed)) T_UINT32 { uint32_t v; };
      |                                                          ^
../Drivers/CMSIS/Include/cmsis_gcc.h:75:11: error: expected declaration specifiers before '#pragma'
   75 |   #pragma GCC diagnostic pop
      |           ^~~
../Drivers/CMSIS/Include/cmsis_gcc.h:82:49: error: expected declaration specifiers before ';' token
   82 |   __PACKED_STRUCT T_UINT16_WRITE { uint16_t v; };
      |                                                 ^
../Drivers/CMSIS/Include/cmsis_gcc.h:83:11: error: expected declaration specifiers before '#pragma'
   83 |   #pragma GCC diagnostic pop
      |           ^~~
../Drivers/CMSIS/Include/cmsis_gcc.h:90:48: error: expected declaration specifiers before ';' token
   90 |   __PACKED_STRUCT T_UINT16_READ { uint16_t v; };
      |                                                ^
../Drivers/CMSIS/Include/cmsis_gcc.h:91:11: error: expected declaration specifiers before '#pragma'
   91 |   #pragma GCC diagnostic pop
      |           ^~~
../Drivers/CMSIS/Include/cmsis_gcc.h:98:49: error: expected declaration specifiers before ';' token
   98 |   __PACKED_STRUCT T_UINT32_WRITE { uint32_t v; };
      |                                                 ^
../Drivers/CMSIS/Include/cmsis_gcc.h:99:11: error: expected declaration specifiers before '#pragma'
   99 |   #pragma GCC diagnostic pop
      |           ^~~
../Drivers/CMSIS/Include/cmsis_gcc.h:106:48: error: expected declaration specifiers before ';' token
  106 |   __PACKED_STRUCT T_UINT32_READ { uint32_t v; };
      |                                                ^
../Drivers/CMSIS/Include/cmsis_gcc.h:107:11: error: expected declaration specifiers before '#pragma'
  107 |   #pragma GCC diagnostic pop
      |           ^~~
../Drivers/CMSIS/Include/cmsis_gcc.h:50:50: error: expected declaration specifiers before '__attribute__'
   50 |   #define __STATIC_FORCEINLINE                   __attribute__((always_inline)) static inline
      |                                                  ^~~~~~~~~~~~~
../Drivers/CMSIS/Include/cmsis_gcc.h:140:1: note: in expansion of macro '__STATIC_FORCEINLINE'
  140 | __STATIC_FORCEINLINE void __disable_irq(void)
      | ^~~~~~~~~~~~~~~~~~~~
../Drivers/CMSIS/Include/cmsis_gcc.h:50:50: error: expected declaration specifiers before '__attribute__'
   50 |   #define __STATIC_FORCEINLINE                   __attribute__((always_inline)) static inline
      |                                                  ^~~~~~~~~~~~~
../Drivers/CMSIS/Include/cmsis_gcc.h:151:1: note: in expansion of macro '__STATIC_FORCEINLINE'
  151 | __STATIC_FORCEINLINE uint32_t __get_CONTROL(void)
      | ^~~~~~~~~~~~~~~~~~~~
../Drivers/CMSIS/Include/cmsis_gcc.h:50:50: error: expected declaration specifiers before '__attribute__'
   50 |   #define __STATIC_FORCEINLINE                   __attribute__((always_inline)) static inline
      |                                                  ^~~~~~~~~~~~~
../Drivers/CMSIS/Include/cmsis_gcc.h:181:1: note: in expansion of macro '__STATIC_FORCEINLINE'
  181 | __STATIC_FORCEINLINE void __set_CONTROL(uint32_t control)
      | ^~~~~~~~~~~~~~~~~~~~
../Drivers/CMSIS/Include/cmsis_gcc.h:50:50: error: expected declaration specifiers before '__attribute__'
   50 |   #define __STATIC_FORCEINLINE                   __attribute__((always_inline)) static inline
      |                                                  ^~~~~~~~~~~~~
../Drivers/CMSIS/Include/cmsis_gcc.h:205:1: note: in expansion of macro '__STATIC_FORCEINLINE'
  205 | __STATIC_FORCEINLINE uint32_t __get_IPSR(void)
      | ^~~~~~~~~~~~~~~~~~~~
../Drivers/CMSIS/Include/cmsis_gcc.h:50:50: error: expected declaration specifiers before '__attribute__'
   50 |   #define __STATIC_FORCEINLINE                   __attribute__((always_inline)) static inline
      |                                                  ^~~~~~~~~~~~~
../Drivers/CMSIS/Include/cmsis_gcc.h:219:1: note: in expansion of macro '__STATIC_FORCEINLINE'
  219 | __STATIC_FORCEINLINE uint32_t __get_APSR(void)
      | ^~~~~~~~~~~~~~~~~~~~
../Drivers/CMSIS/Include/cmsis_gcc.h:50:50: error: expected declaration specifiers before '__attribute__'
   50 |   #define __STATIC_FORCEINLINE                   __attribute__((always_inline)) static inline
      |                                                  ^~~~~~~~~~~~~
../Drivers/CMSIS/Include/cmsis_gcc.h:233:1: note: in expansion of macro '__STATIC_FORCEINLINE'
  233 | __STATIC_FORCEINLINE uint32_t __get_xPSR(void)
      | ^~~~~~~~~~~~~~~~~~~~
../Drivers/CMSIS/Include/cmsis_gcc.h:50:50: error: expected declaration specifiers before '__attribute__'
   50 |   #define __STATIC_FORCEINLINE                   __attribute__((always_inline)) static inline
      |                                                  ^~~~~~~~~~~~~
../Drivers/CMSIS/Include/cmsis_gcc.h:247:1: note: in expansion of macro '__STATIC_FORCEINLINE'
  247 | __STATIC_FORCEINLINE uint32_t __get_PSP(void)
      | ^~~~~~~~~~~~~~~~~~~~
../Drivers/CMSIS/Include/cmsis_gcc.h:50:50: error: expected declaration specifiers before '__attribute__'
   50 |   #define __STATIC_FORCEINLINE                   __attribute__((always_inline)) static inline
      |                                                  ^~~~~~~~~~~~~
../Drivers/CMSIS/Include/cmsis_gcc.h:277:1: note: in expansion of macro '__STATIC_FORCEINLINE'
  277 | __STATIC_FORCEINLINE void __set_PSP(uint32_t topOfProcStack)
      | ^~~~~~~~~~~~~~~~~~~~
../Drivers/CMSIS/Include/cmsis_gcc.h:50:50: error: expected declaration specifiers before '__attribute__'
   50 |   #define __STATIC_FORCEINLINE                   __attribute__((always_inline)) static inline
      |                                                  ^~~~~~~~~~~~~
../Drivers/CMSIS/Include/cmsis_gcc.h:301:1: note: in expansion of macro '__STATIC_FORCEINLINE'
  301 | __STATIC_FORCEINLINE uint32_t __get_MSP(void)
      | ^~~~~~~~~~~~~~~~~~~~
../Drivers/CMSIS/Include/cmsis_gcc.h:50:50: error: expected declaration specifiers before '__attribute__'
   50 |   #define __STATIC_FORCEINLINE                   __attribute__((always_inline)) static inline
      |                                                  ^~~~~~~~~~~~~
../Drivers/CMSIS/Include/cmsis_gcc.h:331:1: note: in expansion of macro '__STATIC_FORCEINLINE'
  331 | __STATIC_FORCEINLINE void __set_MSP(uint32_t topOfMainStack)
      | ^~~~~~~~~~~~~~~~~~~~
../Drivers/CMSIS/Include/cmsis_gcc.h:50:50: error: expected declaration specifiers before '__attribute__'
   50 |   #define __STATIC_FORCEINLINE                   __attribute__((always_inline)) static inline
      |                                                  ^~~~~~~~~~~~~
../Drivers/CMSIS/Include/cmsis_gcc.h:382:1: note: in expansion of macro '__STATIC_FORCEINLINE'
  382 | __STATIC_FORCEINLINE uint32_t __get_PRIMASK(void)
      | ^~~~~~~~~~~~~~~~~~~~
../Drivers/CMSIS/Include/cmsis_gcc.h:50:50: error: expected declaration specifiers before '__attribute__'
   50 |   #define __STATIC_FORCEINLINE                   __attribute__((always_inline)) static inline
      |                                                  ^~~~~~~~~~~~~
../Drivers/CMSIS/Include/cmsis_gcc.h:412:1: note: in expansion of macro '__STATIC_FORCEINLINE'
  412 | __STATIC_FORCEINLINE void __set_PRIMASK(uint32_t priMask)
      | ^~~~~~~~~~~~~~~~~~~~
../Drivers/CMSIS/Include/cmsis_gcc.h:50:50: error: expected declaration specifiers before '__attribute__'
   50 |   #define __STATIC_FORCEINLINE                   __attribute__((always_inline)) static inline
      |                                                  ^~~~~~~~~~~~~
../Drivers/CMSIS/Include/cmsis_gcc.h:439:1: note: in expansion of macro '__STATIC_FORCEINLINE'
  439 | __STATIC_FORCEINLINE void __enable_fault_irq(void)
      | ^~~~~~~~~~~~~~~~~~~~
../Drivers/CMSIS/Include/cmsis_gcc.h:50:50: error: expected declaration specifiers before '__attribute__'
   50 |   #define __STATIC_FORCEINLINE                   __attribute__((always_inline)) static inline
      |                                                  ^~~~~~~~~~~~~
../Drivers/CMSIS/Include/cmsis_gcc.h:450:1: note: in expansion of macro '__STATIC_FORCEINLINE'
  450 | __STATIC_FORCEINLINE void __disable_fault_irq(void)
      | ^~~~~~~~~~~~~~~~~~~~
../Drivers/CMSIS/Include/cmsis_gcc.h:50:50: error: expected declaration specifiers before '__attribute__'
   50 |   #define __STATIC_FORCEINLINE                   __attribute__((always_inline)) static inline
      |                                                  ^~~~~~~~~~~~~
../Drivers/CMSIS/Include/cmsis_gcc.h:461:1: note: in expansion of macro '__STATIC_FORCEINLINE'
  461 | __STATIC_FORCEINLINE uint32_t __get_BASEPRI(void)
      | ^~~~~~~~~~~~~~~~~~~~
../Drivers/CMSIS/Include/cmsis_gcc.h:50:50: error: expected declaration specifiers before '__attribute__'
   50 |   #define __STATIC_FORCEINLINE                   __attribute__((always_inline)) static inline
      |                                                  ^~~~~~~~~~~~~
../Drivers/CMSIS/Include/cmsis_gcc.h:491:1: note: in expansion of macro '__STATIC_FORCEINLINE'
  491 | __STATIC_FORCEINLINE void __set_BASEPRI(uint32_t basePri)
      | ^~~~~~~~~~~~~~~~~~~~
../Drivers/CMSIS/Include/cmsis_gcc.h:50:50: error: expected declaration specifiers before '__attribute__'
   50 |   #define __STATIC_FORCEINLINE                   __attribute__((always_inline)) static inline
      |                                                  ^~~~~~~~~~~~~
../Drivers/CMSIS/Include/cmsis_gcc.h:516:1: note: in expansion of macro '__STATIC_FORCEINLINE'
  516 | __STATIC_FORCEINLINE void __set_BASEPRI_MAX(uint32_t basePri)
      | ^~~~~~~~~~~~~~~~~~~~
../Drivers/CMSIS/Include/cmsis_gcc.h:50:50: error: expected declaration specifiers before '__attribute__'
   50 |   #define __STATIC_FORCEINLINE                   __attribute__((always_inline)) static inline
      |                                                  ^~~~~~~~~~~~~
../Drivers/CMSIS/Include/cmsis_gcc.h:527:1: note: in expansion of macro '__STATIC_FORCEINLINE'
  527 | __STATIC_FORCEINLINE uint32_t __get_FAULTMASK(void)
      | ^~~~~~~~~~~~~~~~~~~~
../Drivers/CMSIS/Include/cmsis_gcc.h:50:50: error: expected declaration specifiers before '__attribute__'
   50 |   #define __STATIC_FORCEINLINE                   __attribute__((always_inline)) static inline
      |                                                  ^~~~~~~~~~~~~
../Drivers/CMSIS/Include/cmsis_gcc.h:557:1: note: in expansion of macro '__STATIC_FORCEINLINE'
  557 | __STATIC_FORCEINLINE void __set_FAULTMASK(uint32_t faultMask)
      | ^~~~~~~~~~~~~~~~~~~~
../Drivers/CMSIS/Include/cmsis_gcc.h:50:50: error: expected declaration specifiers before '__attribute__'
   50 |   #define __STATIC_FORCEINLINE                   __attribute__((always_inline)) static inline
      |                                                  ^~~~~~~~~~~~~
../Drivers/CMSIS/Include/cmsis_gcc.h:766:1: note: in expansion of macro '__STATIC_FORCEINLINE'
  766 | __STATIC_FORCEINLINE uint32_t __get_FPSCR(void)
      | ^~~~~~~~~~~~~~~~~~~~
../Drivers/CMSIS/Include/cmsis_gcc.h:50:50: error: expected declaration specifiers before '__attribute__'
   50 |   #define __STATIC_FORCEINLINE                   __attribute__((always_inline)) static inline
      |                                                  ^~~~~~~~~~~~~
../Drivers/CMSIS/Include/cmsis_gcc.h:792:1: note: in expansion of macro '__STATIC_FORCEINLINE'
  792 | __STATIC_FORCEINLINE void __set_FPSCR(uint32_t fpscr)
      | ^~~~~~~~~~~~~~~~~~~~
../Drivers/CMSIS/Include/cmsis_gcc.h:50:50: error: expected declaration specifiers before '__attribute__'
   50 |   #define __STATIC_FORCEINLINE                   __attribute__((always_inline)) static inline
      |                                                  ^~~~~~~~~~~~~
../Drivers/CMSIS/Include/cmsis_gcc.h:866:1: note: in expansion of macro '__STATIC_FORCEINLINE'
  866 | __STATIC_FORCEINLINE void __ISB(void)
      | ^~~~~~~~~~~~~~~~~~~~
../Drivers/CMSIS/Include/cmsis_gcc.h:50:50: error: expected declaration specifiers before '__attribute__'
   50 |   #define __STATIC_FORCEINLINE                   __attribute__((always_inline)) static inline
      |                                                  ^~~~~~~~~~~~~
../Drivers/CMSIS/Include/cmsis_gcc.h:877:1: note: in expansion of macro '__STATIC_FORCEINLINE'
  877 | __STATIC_FORCEINLINE void __DSB(void)
      | ^~~~~~~~~~~~~~~~~~~~
../Drivers/CMSIS/Include/cmsis_gcc.h:50:50: error: expected declaration specifiers before '__attribute__'
   50 |   #define __STATIC_FORCEINLINE                   __attribute__((always_inline)) static inline
      |                                                  ^~~~~~~~~~~~~
../Drivers/CMSIS/Include/cmsis_gcc.h:888:1: note: in expansion of macro '__STATIC_FORCEINLINE'
  888 | __STATIC_FORCEINLINE void __DMB(void)
      | ^~~~~~~~~~~~~~~~~~~~
../Drivers/CMSIS/Include/cmsis_gcc.h:50:50: error: expected declaration specifiers before '__attribute__'
   50 |   #define __STATIC_FORCEINLINE                   __attribute__((always_inline)) static inline
      |                                                  ^~~~~~~~~~~~~
../Drivers/CMSIS/Include/cmsis_gcc.h:900:1: note: in expansion of macro '__STATIC_FORCEINLINE'
  900 | __STATIC_FORCEINLINE uint32_t __REV(uint32_t value)
      | ^~~~~~~~~~~~~~~~~~~~
../Drivers/CMSIS/Include/cmsis_gcc.h:50:50: error: expected declaration specifiers before '__attribute__'
   50 |   #define __STATIC_FORCEINLINE                   __attribute__((always_inline)) static inline
      |                                                  ^~~~~~~~~~~~~
../Drivers/CMSIS/Include/cmsis_gcc.h:919:1: note: in expansion of macro '__STATIC_FORCEINLINE'
  919 | __STATIC_FORCEINLINE uint32_t __REV16(uint32_t value)
      | ^~~~~~~~~~~~~~~~~~~~
../Drivers/CMSIS/Include/cmsis_gcc.h:50:50: error: expected declaration specifiers before '__attribute__'
   50 |   #define __STATIC_FORCEINLINE                   __attribute__((always_inline)) static inline
      |                                                  ^~~~~~~~~~~~~
../Drivers/CMSIS/Include/cmsis_gcc.h:934:1: note: in expansion of macro '__STATIC_FORCEINLINE'
  934 | __STATIC_FORCEINLINE int16_t __REVSH(int16_t value)
      | ^~~~~~~~~~~~~~~~~~~~
../Drivers/CMSIS/Include/cmsis_gcc.h:50:50: error: expected declaration specifiers before '__attribute__'
   50 |   #define __STATIC_FORCEINLINE                   __attribute__((always_inline)) static inline
      |                                                  ^~~~~~~~~~~~~
../Drivers/CMSIS/Include/cmsis_gcc.h:954:1: note: in expansion of macro '__STATIC_FORCEINLINE'
  954 | __STATIC_FORCEINLINE uint32_t __ROR(uint32_t op1, uint32_t op2)
      | ^~~~~~~~~~~~~~~~~~~~
../Drivers/CMSIS/Include/cmsis_gcc.h:50:50: error: expected declaration specifiers before '__attribute__'
   50 |   #define __STATIC_FORCEINLINE                   __attribute__((always_inline)) static inline
      |                                                  ^~~~~~~~~~~~~
../Drivers/CMSIS/Include/cmsis_gcc.h:981:1: note: in expansion of macro '__STATIC_FORCEINLINE'
  981 | __STATIC_FORCEINLINE uint32_t __RBIT(uint32_t value)
      | ^~~~~~~~~~~~~~~~~~~~
../Drivers/CMSIS/Include/cmsis_gcc.h:50:50: error: expected declaration specifiers before '__attribute__'
   50 |   #define __STATIC_FORCEINLINE                   __attribute__((always_inline)) static inline
      |                                                  ^~~~~~~~~~~~~
../Drivers/CMSIS/Include/cmsis_gcc.h:1024:1: note: in expansion of macro '__STATIC_FORCEINLINE'
 1024 | __STATIC_FORCEINLINE uint8_t __LDREXB(volatile uint8_t *addr)
      | ^~~~~~~~~~~~~~~~~~~~
../Drivers/CMSIS/Include/cmsis_gcc.h:50:50: error: expected declaration specifiers before '__attribute__'
   50 |   #define __STATIC_FORCEINLINE                   __attribute__((always_inline)) static inline
      |                                                  ^~~~~~~~~~~~~
../Drivers/CMSIS/Include/cmsis_gcc.h:1046:1: note: in expansion of macro '__STATIC_FORCEINLINE'
 1046 | __STATIC_FORCEINLINE uint16_t __LDREXH(volatile uint16_t *addr)
      | ^~~~~~~~~~~~~~~~~~~~
../Drivers/CMSIS/Include/cmsis_gcc.h:50:50: error: expected declaration specifiers before '__attribute__'
   50 |   #define __STATIC_FORCEINLINE                   __attribute__((always_inline)) static inline
      |                                                  ^~~~~~~~~~~~~
../Drivers/CMSIS/Include/cmsis_gcc.h:1068:1: note: in expansion of macro '__STATIC_FORCEINLINE'
 1068 | __STATIC_FORCEINLINE uint32_t __LDREXW(volatile uint32_t *addr)
      | ^~~~~~~~~~~~~~~~~~~~
../Drivers/CMSIS/Include/cmsis_gcc.h:50:50: error: expected declaration specifiers before '__attribute__'
   50 |   #define __STATIC_FORCEINLINE                   __attribute__((always_inline)) static inline
      |                                                  ^~~~~~~~~~~~~
../Drivers/CMSIS/Include/cmsis_gcc.h:1085:1: note: in expansion of macro '__STATIC_FORCEINLINE'
 1085 | __STATIC_FORCEINLINE uint32_t __STREXB(uint8_t value, volatile uint8_t *addr)
      | ^~~~~~~~~~~~~~~~~~~~
../Drivers/CMSIS/Include/cmsis_gcc.h:50:50: error: expected declaration specifiers before '__attribute__'
   50 |   #define __STATIC_FORCEINLINE                   __attribute__((always_inline)) static inline
      |                                                  ^~~~~~~~~~~~~
../Drivers/CMSIS/Include/cmsis_gcc.h:1102:1: note: in expansion of macro '__STATIC_FORCEINLINE'
 1102 | __STATIC_FORCEINLINE uint32_t __STREXH(uint16_t value, volatile uint16_t *addr)
      | ^~~~~~~~~~~~~~~~~~~~
../Drivers/CMSIS/Include/cmsis_gcc.h:50:50: error: expected declaration specifiers before '__attribute__'
   50 |   #define __STATIC_FORCEINLINE                   __attribute__((always_inline)) static inline
      |                                                  ^~~~~~~~~~~~~
../Drivers/CMSIS/Include/cmsis_gcc.h:1119:1: note: in expansion of macro '__STATIC_FORCEINLINE'
 1119 | __STATIC_FORCEINLINE uint32_t __STREXW(uint32_t value, volatile uint32_t *addr)
      | ^~~~~~~~~~~~~~~~~~~~
../Drivers/CMSIS/Include/cmsis_gcc.h:50:50: error: expected declaration specifiers before '__attribute__'
   50 |   #define __STATIC_FORCEINLINE                   __attribute__((always_inline)) static inline
      |                                                  ^~~~~~~~~~~~~
../Drivers/CMSIS/Include/cmsis_gcc.h:1132:1: note: in expansion of macro '__STATIC_FORCEINLINE'
 1132 | __STATIC_FORCEINLINE void __CLREX(void)
      | ^~~~~~~~~~~~~~~~~~~~
../Drivers/CMSIS/Include/cmsis_gcc.h:50:50: error: expected declaration specifiers before '__attribute__'
   50 |   #define __STATIC_FORCEINLINE                   __attribute__((always_inline)) static inline
      |                                                  ^~~~~~~~~~~~~
../Drivers/CMSIS/Include/cmsis_gcc.h:1185:1: note: in expansion of macro '__STATIC_FORCEINLINE'
 1185 | __STATIC_FORCEINLINE uint32_t __RRX(uint32_t value)
      | ^~~~~~~~~~~~~~~~~~~~
../Drivers/CMSIS/Include/cmsis_gcc.h:50:50: error: expected declaration specifiers before '__attribute__'
   50 |   #define __STATIC_FORCEINLINE                   __attribute__((always_inline)) static inline
      |                                                  ^~~~~~~~~~~~~
../Drivers/CMSIS/Include/cmsis_gcc.h:1200:1: note: in expansion of macro '__STATIC_FORCEINLINE'
 1200 | __STATIC_FORCEINLINE uint8_t __LDRBT(volatile uint8_t *ptr)
      | ^~~~~~~~~~~~~~~~~~~~
../Drivers/CMSIS/Include/cmsis_gcc.h:50:50: error: expected declaration specifiers before '__attribute__'
   50 |   #define __STATIC_FORCEINLINE                   __attribute__((always_inline)) static inline
      |                                                  ^~~~~~~~~~~~~
../Drivers/CMSIS/Include/cmsis_gcc.h:1222:1: note: in expansion of macro '__STATIC_FORCEINLINE'
 1222 | __STATIC_FORCEINLINE uint16_t __LDRHT(volatile uint16_t *ptr)
      | ^~~~~~~~~~~~~~~~~~~~
../Drivers/CMSIS/Include/cmsis_gcc.h:50:50: error: expected declaration specifiers before '__attribute__'
   50 |   #define __STATIC_FORCEINLINE                   __attribute__((always_inline)) static inline
      |                                                  ^~~~~~~~~~~~~
../Drivers/CMSIS/Include/cmsis_gcc.h:1244:1: note: in expansion of macro '__STATIC_FORCEINLINE'
 1244 | __STATIC_FORCEINLINE uint32_t __LDRT(volatile uint32_t *ptr)
      | ^~~~~~~~~~~~~~~~~~~~
../Drivers/CMSIS/Include/cmsis_gcc.h:50:50: error: expected declaration specifiers before '__attribute__'
   50 |   #define __STATIC_FORCEINLINE                   __attribute__((always_inline)) static inline
      |                                                  ^~~~~~~~~~~~~
../Drivers/CMSIS/Include/cmsis_gcc.h:1259:1: note: in expansion of macro '__STATIC_FORCEINLINE'
 1259 | __STATIC_FORCEINLINE void __STRBT(uint8_t value, volatile uint8_t *ptr)
      | ^~~~~~~~~~~~~~~~~~~~
../Drivers/CMSIS/Include/cmsis_gcc.h:50:50: error: expected declaration specifiers before '__attribute__'
   50 |   #define __STATIC_FORCEINLINE                   __attribute__((always_inline)) static inline
      |                                                  ^~~~~~~~~~~~~
../Drivers/CMSIS/Include/cmsis_gcc.h:1271:1: note: in expansion of macro '__STATIC_FORCEINLINE'
 1271 | __STATIC_FORCEINLINE void __STRHT(uint16_t value, volatile uint16_t *ptr)
      | ^~~~~~~~~~~~~~~~~~~~
../Drivers/CMSIS/Include/cmsis_gcc.h:50:50: error: expected declaration specifiers before '__attribute__'
   50 |   #define __STATIC_FORCEINLINE                   __attribute__((always_inline)) static inline
      |                                                  ^~~~~~~~~~~~~
../Drivers/CMSIS/Include/cmsis_gcc.h:1283:1: note: in expansion of macro '__STATIC_FORCEINLINE'
 1283 | __STATIC_FORCEINLINE void __STRT(uint32_t value, volatile uint32_t *ptr)
      | ^~~~~~~~~~~~~~~~~~~~
In file included from ../Drivers/CMSIS/Include/cmsis_compiler.h:48,
                 from ../Drivers/CMSIS/Include/core_cm3.h:115,
                 from ../Drivers/CMSIS/Device/ST/STM32F1xx/Include/stm32f103xb.h:132,
                 from ../Drivers/CMSIS/Device/ST/STM32F1xx/Include/stm32f1xx.h:131,
                 from ../Drivers/STM32F1xx_HAL_Driver/Inc/stm32f1xx_hal_def.h:30,
                 from ../Drivers/STM32F1xx_HAL_Driver/Inc/stm32f1xx_hal_rcc.h:29,
                 from ../Core/Inc/stm32f1xx_hal_conf.h:238,
                 from ../Drivers/STM32F1xx_HAL_Driver/Inc/stm32f1xx_hal.h:30,
                 from ../Core/Inc/main.h:30,
                 from ../Core/Src/main.c:20:
../Drivers/CMSIS/Include/cmsis_gcc.h:2083:9: error: expected declaration specifiers before '#pragma'
 2083 | #pragma GCC diagnostic pop
      |         ^~~
In file included from ../Drivers/CMSIS/Device/ST/STM32F1xx/Include/stm32f103xb.h:132,
                 from ../Drivers/CMSIS/Device/ST/STM32F1xx/Include/stm32f1xx.h:131,
                 from ../Drivers/STM32F1xx_HAL_Driver/Inc/stm32f1xx_hal_def.h:30,
                 from ../Drivers/STM32F1xx_HAL_Driver/Inc/stm32f1xx_hal_rcc.h:29,
                 from ../Core/Inc/stm32f1xx_hal_conf.h:238,
                 from ../Drivers/STM32F1xx_HAL_Driver/Inc/stm32f1xx_hal.h:30,
                 from ../Core/Inc/main.h:30,
                 from ../Core/Src/main.c:20:
../Drivers/CMSIS/Include/core_cm3.h:218:3: error: expected declaration specifiers before 'APSR_Type'
  218 | } APSR_Type;
      |   ^~~~~~~~~
../Drivers/CMSIS/Include/core_cm3.h:244:5: error: unknown type name 'uint32_t'
  244 |     uint32_t ISR:9;                      /*!< bit:  0.. 8  Exception number */
      |     ^~~~~~~~
../Drivers/CMSIS/Include/core_cm3.h:245:5: error: unknown type name 'uint32_t'
  245 |     uint32_t _reserved0:23;              /*!< bit:  9..31  Reserved */
      |     ^~~~~~~~
../Drivers/CMSIS/Include/core_cm3.h:247:3: error: unknown type name 'uint32_t'
  247 |   uint32_t w;                            /*!< Type      used for word access */
      |   ^~~~~~~~
../Drivers/CMSIS/Include/core_cm3.h:248:3: error: storage class specified for parameter 'IPSR_Type'
  248 | } IPSR_Type;
      |   ^~~~~~~~~
../Drivers/CMSIS/Include/core_cm3.h:262:5: error: unknown type name 'uint32_t'
  262 |     uint32_t ISR:9;                      /*!< bit:  0.. 8  Exception number */
      |     ^~~~~~~~
../Drivers/CMSIS/Include/core_cm3.h:263:5: error: unknown type name 'uint32_t'
  263 |     uint32_t _reserved0:1;               /*!< bit:      9  Reserved */
      |     ^~~~~~~~
../Drivers/CMSIS/Include/core_cm3.h:264:5: error: unknown type name 'uint32_t'
  264 |     uint32_t ICI_IT_1:6;                 /*!< bit: 10..15  ICI/IT part 1 */
      |     ^~~~~~~~
../Drivers/CMSIS/Include/core_cm3.h:265:5: error: unknown type name 'uint32_t'
  265 |     uint32_t _reserved1:8;               /*!< bit: 16..23  Reserved */
      |     ^~~~~~~~
../Drivers/CMSIS/Include/core_cm3.h:266:5: error: unknown type name 'uint32_t'
  266 |     uint32_t T:1;                        /*!< bit:     24  Thumb bit */
      |     ^~~~~~~~
../Drivers/CMSIS/Include/core_cm3.h:267:5: error: unknown type name 'uint32_t'
  267 |     uint32_t ICI_IT_2:2;                 /*!< bit: 25..26  ICI/IT part 2 */
      |     ^~~~~~~~
../Drivers/CMSIS/Include/core_cm3.h:268:5: error: unknown type name 'uint32_t'
  268 |     uint32_t Q:1;                        /*!< bit:     27  Saturation condition flag */
      |     ^~~~~~~~
../Drivers/CMSIS/Include/core_cm3.h:269:5: error: unknown type name 'uint32_t'
  269 |     uint32_t V:1;                        /*!< bit:     28  Overflow condition code flag */
      |     ^~~~~~~~
../Drivers/CMSIS/Include/core_cm3.h:270:5: error: unknown type name 'uint32_t'
  270 |     uint32_t C:1;                        /*!< bit:     29  Carry condition code flag */
      |     ^~~~~~~~
../Drivers/CMSIS/Include/core_cm3.h:271:5: error: unknown type name 'uint32_t'
  271 |     uint32_t Z:1;                        /*!< bit:     30  Zero condition code flag */
      |     ^~~~~~~~
../Drivers/CMSIS/Include/core_cm3.h:272:5: error: unknown type name 'uint32_t'
  272 |     uint32_t N:1;                        /*!< bit:     31  Negative condition code flag */
      |     ^~~~~~~~
../Drivers/CMSIS/Include/core_cm3.h:274:3: error: unknown type name 'uint32_t'
  274 |   uint32_t w;                            /*!< Type      used for word access */
      |   ^~~~~~~~
../Drivers/CMSIS/Include/core_cm3.h:275:3: error: storage class specified for parameter 'xPSR_Type'
  275 | } xPSR_Type;
      |   ^~~~~~~~~
../Drivers/CMSIS/Include/core_cm3.h:313:5: error: unknown type name 'uint32_t'
  313 |     uint32_t nPRIV:1;                    /*!< bit:      0  Execution privilege in Thread mode */
      |     ^~~~~~~~
../Drivers/CMSIS/Include/core_cm3.h:314:5: error: unknown type name 'uint32_t'
  314 |     uint32_t SPSEL:1;                    /*!< bit:      1  Stack to be used */
      |     ^~~~~~~~
../Drivers/CMSIS/Include/core_cm3.h:315:5: error: unknown type name 'uint32_t'
  315 |     uint32_t _reserved1:30;              /*!< bit:  2..31  Reserved */
      |     ^~~~~~~~
../Drivers/CMSIS/Include/core_cm3.h:317:3: error: unknown type name 'uint32_t'
  317 |   uint32_t w;                            /*!< Type      used for word access */
      |   ^~~~~~~~
../Drivers/CMSIS/Include/core_cm3.h:318:3: error: storage class specified for parameter 'CONTROL_Type'
  318 | } CONTROL_Type;
      |   ^~~~~~~~~~~~
../Drivers/CMSIS/Include/core_cm3.h:342:9: error: unknown type name 'uint32_t'
  342 |   __IOM uint32_t ISER[8U];               /*!< Offset: 0x000 (R/W)  Interrupt Set Enable Register */
      |         ^~~~~~~~
../Drivers/CMSIS/Include/core_cm3.h:343:9: error: unknown type name 'uint32_t'
  343 |         uint32_t RESERVED0[24U];
      |         ^~~~~~~~
../Drivers/CMSIS/Include/core_cm3.h:344:9: error: unknown type name 'uint32_t'
  344 |   __IOM uint32_t ICER[8U];               /*!< Offset: 0x080 (R/W)  Interrupt Clear Enable Register */
      |         ^~~~~~~~
../Drivers/CMSIS/Include/core_cm3.h:345:9: error: unknown type name 'uint32_t'
  345 |         uint32_t RSERVED1[24U];
      |         ^~~~~~~~
../Drivers/CMSIS/Include/core_cm3.h:346:9: error: unknown type name 'uint32_t'
  346 |   __IOM uint32_t ISPR[8U];               /*!< Offset: 0x100 (R/W)  Interrupt Set Pending Register */
      |         ^~~~~~~~
../Drivers/CMSIS/Include/core_cm3.h:347:9: error: unknown type name 'uint32_t'
  347 |         uint32_t RESERVED2[24U];
      |         ^~~~~~~~
../Drivers/CMSIS/Include/core_cm3.h:348:9: error: unknown type name 'uint32_t'
  348 |   __IOM uint32_t ICPR[8U];               /*!< Offset: 0x180 (R/W)  Interrupt Clear Pending Register */
      |         ^~~~~~~~
../Drivers/CMSIS/Include/core_cm3.h:349:9: error: unknown type name 'uint32_t'
  349 |         uint32_t RESERVED3[24U];
      |         ^~~~~~~~
../Drivers/CMSIS/Include/core_cm3.h:350:9: error: unknown type name 'uint32_t'
  350 |   __IOM uint32_t IABR[8U];               /*!< Offset: 0x200 (R/W)  Interrupt Active bit Register */
      |         ^~~~~~~~
../Drivers/CMSIS/Include/core_cm3.h:351:9: error: unknown type name 'uint32_t'
  351 |         uint32_t RESERVED4[56U];
      |         ^~~~~~~~
../Drivers/CMSIS/Include/core_cm3.h:352:9: error: unknown type name 'uint8_t'
  352 |   __IOM uint8_t  IP[240U];               /*!< Offset: 0x300 (R/W)  Interrupt Priority Register (8Bit wide) */
      |         ^~~~~~~
../Drivers/CMSIS/Include/core_cm3.h:353:9: error: unknown type name 'uint32_t'
  353 |         uint32_t RESERVED5[644U];
      |         ^~~~~~~~
../Drivers/CMSIS/Include/core_cm3.h:354:9: error: unknown type name 'uint32_t'
  354 |   __OM  uint32_t STIR;                   /*!< Offset: 0xE00 ( /W)  Software Trigger Interrupt Register */
      |         ^~~~~~~~
../Drivers/CMSIS/Include/core_cm3.h:355:4: error: storage class specified for parameter 'NVIC_Type'
  355 | }  NVIC_Type;
      |    ^~~~~~~~~
../Drivers/CMSIS/Include/core_cm3.h:376:9: error: unknown type name 'uint32_t'
  376 |   __IM  uint32_t CPUID;                  /*!< Offset: 0x000 (R/ )  CPUID Base Register */
      |         ^~~~~~~~
../Drivers/CMSIS/Include/core_cm3.h:377:9: error: unknown type name 'uint32_t'
  377 |   __IOM uint32_t ICSR;                   /*!< Offset: 0x004 (R/W)  Interrupt Control and State Register */
      |         ^~~~~~~~
../Drivers/CMSIS/Include/core_cm3.h:378:9: error: unknown type name 'uint32_t'
  378 |   __IOM uint32_t VTOR;                   /*!< Offset: 0x008 (R/W)  Vector Table Offset Register */
      |         ^~~~~~~~
../Drivers/CMSIS/Include/core_cm3.h:379:9: error: unknown type name 'uint32_t'
  379 |   __IOM uint32_t AIRCR;                  /*!< Offset: 0x00C (R/W)  Application Interrupt and Reset Control Register */
      |         ^~~~~~~~
../Drivers/CMSIS/Include/core_cm3.h:380:9: error: unknown type name 'uint32_t'
  380 |   __IOM uint32_t SCR;                    /*!< Offset: 0x010 (R/W)  System Control Register */
      |         ^~~~~~~~
../Drivers/CMSIS/Include/core_cm3.h:381:9: error: unknown type name 'uint32_t'
  381 |   __IOM uint32_t CCR;                    /*!< Offset: 0x014 (R/W)  Configuration Control Register */
      |         ^~~~~~~~
../Drivers/CMSIS/Include/core_cm3.h:382:9: error: unknown type name 'uint8_t'
  382 |   __IOM uint8_t  SHP[12U];               /*!< Offset: 0x018 (R/W)  System Handlers Priority Registers (4-7, 8-11, 12-15) */
      |         ^~~~~~~
../Drivers/CMSIS/Include/core_cm3.h:383:9: error: unknown type name 'uint32_t'
  383 |   __IOM uint32_t SHCSR;                  /*!< Offset: 0x024 (R/W)  System Handler Control and State Register */
      |         ^~~~~~~~
../Drivers/CMSIS/Include/core_cm3.h:384:9: error: unknown type name 'uint32_t'
  384 |   __IOM uint32_t CFSR;                   /*!< Offset: 0x028 (R/W)  Configurable Fault Status Register */
      |         ^~~~~~~~
../Drivers/CMSIS/Include/core_cm3.h:385:9: error: unknown type name 'uint32_t'
  385 |   __IOM uint32_t HFSR;                   /*!< Offset: 0x02C (R/W)  HardFault Status Register */
      |         ^~~~~~~~
../Drivers/CMSIS/Include/core_cm3.h:386:9: error: unknown type name 'uint32_t'
  386 |   __IOM uint32_t DFSR;                   /*!< Offset: 0x030 (R/W)  Debug Fault Status Register */
      |         ^~~~~~~~
../Drivers/CMSIS/Include/core_cm3.h:387:9: error: unknown type name 'uint32_t'
  387 |   __IOM uint32_t MMFAR;                  /*!< Offset: 0x034 (R/W)  MemManage Fault Address Register */
      |         ^~~~~~~~
../Drivers/CMSIS/Include/core_cm3.h:388:9: error: unknown type name 'uint32_t'
  388 |   __IOM uint32_t BFAR;                   /*!< Offset: 0x038 (R/W)  BusFault Address Register */
      |         ^~~~~~~~
../Drivers/CMSIS/Include/core_cm3.h:389:9: error: unknown type name 'uint32_t'
  389 |   __IOM uint32_t AFSR;                   /*!< Offset: 0x03C (R/W)  Auxiliary Fault Status Register */
      |         ^~~~~~~~
../Drivers/CMSIS/Include/core_cm3.h:390:9: error: unknown type name 'uint32_t'
  390 |   __IM  uint32_t PFR[2U];                /*!< Offset: 0x040 (R/ )  Processor Feature Register */
      |         ^~~~~~~~
../Drivers/CMSIS/Include/core_cm3.h:391:9: error: unknown type name 'uint32_t'
  391 |   __IM  uint32_t DFR;                    /*!< Offset: 0x048 (R/ )  Debug Feature Register */
      |         ^~~~~~~~
../Drivers/CMSIS/Include/core_cm3.h:392:9: error: unknown type name 'uint32_t'
  392 |   __IM  uint32_t ADR;                    /*!< Offset: 0x04C (R/ )  Auxiliary Feature Register */
      |         ^~~~~~~~
../Drivers/CMSIS/Include/core_cm3.h:393:9: error: unknown type name 'uint32_t'
  393 |   __IM  uint32_t MMFR[4U];               /*!< Offset: 0x050 (R/ )  Memory Model Feature Register */
      |         ^~~~~~~~
../Drivers/CMSIS/Include/core_cm3.h:394:9: error: unknown type name 'uint32_t'
  394 |   __IM  uint32_t ISAR[5U];               /*!< Offset: 0x060 (R/ )  Instruction Set Attributes Register */
      |         ^~~~~~~~
../Drivers/CMSIS/Include/core_cm3.h:395:9: error: unknown type name 'uint32_t'
  395 |         uint32_t RESERVED0[5U];
      |         ^~~~~~~~
../Drivers/CMSIS/Include/core_cm3.h:396:9: error: unknown type name 'uint32_t'
  396 |   __IOM uint32_t CPACR;                  /*!< Offset: 0x088 (R/W)  Coprocessor Access Control Register */
      |         ^~~~~~~~
../Drivers/CMSIS/Include/core_cm3.h:397:3: error: storage class specified for parameter 'SCB_Type'
  397 | } SCB_Type;
      |   ^~~~~~~~
In file included from ../Drivers/CMSIS/Device/ST/STM32F1xx/Include/stm32f103xb.h:132,
                 from ../Drivers/CMSIS/Device/ST/STM32F1xx/Include/stm32f1xx.h:131,
                 from ../Drivers/STM32F1xx_HAL_Driver/Inc/stm32f1xx_hal_def.h:30,
                 from ../Drivers/STM32F1xx_HAL_Driver/Inc/stm32f1xx_hal_rcc.h:29,
                 from ../Core/Inc/stm32f1xx_hal_conf.h:238,
                 from ../Drivers/STM32F1xx_HAL_Driver/Inc/stm32f1xx_hal.h:30,
                 from ../Core/Inc/main.h:30,
                 from ../Core/Src/main.c:20:
../Drivers/CMSIS/Include/core_cm3.h:657:9: error: unknown type name 'uint32_t'
  657 |         uint32_t RESERVED0[1U];
      |         ^~~~~~~~
../Drivers/CMSIS/Include/core_cm3.h:658:9: error: unknown type name 'uint32_t'
  658 |   __IM  uint32_t ICTR;                   /*!< Offset: 0x004 (R/ )  Interrupt Controller Type Register */
      |         ^~~~~~~~
../Drivers/CMSIS/Include/core_cm3.h:660:9: error: unknown type name 'uint32_t'
  660 |   __IOM uint32_t ACTLR;                  /*!< Offset: 0x008 (R/W)  Auxiliary Control Register */
      |         ^~~~~~~~
../Drivers/CMSIS/Include/core_cm3.h:664:3: error: storage class specified for parameter 'SCnSCB_Type'
  664 | } SCnSCB_Type;
      |   ^~~~~~~~~~~
../Drivers/CMSIS/Include/core_cm3.h:696:9: error: unknown type name 'uint32_t'
  696 |   __IOM uint32_t CTRL;                   /*!< Offset: 0x000 (R/W)  SysTick Control and Status Register */
      |         ^~~~~~~~
../Drivers/CMSIS/Include/core_cm3.h:697:9: error: unknown type name 'uint32_t'
  697 |   __IOM uint32_t LOAD;                   /*!< Offset: 0x004 (R/W)  SysTick Reload Value Register */
      |         ^~~~~~~~
../Drivers/CMSIS/Include/core_cm3.h:698:9: error: unknown type name 'uint32_t'
  698 |   __IOM uint32_t VAL;                    /*!< Offset: 0x008 (R/W)  SysTick Current Value Register */
      |         ^~~~~~~~
../Drivers/CMSIS/Include/core_cm3.h:699:9: error: unknown type name 'uint32_t'
  699 |   __IM  uint32_t CALIB;                  /*!< Offset: 0x00C (R/ )  SysTick Calibration Register */
      |         ^~~~~~~~
../Drivers/CMSIS/Include/core_cm3.h:700:3: error: storage class specified for parameter 'SysTick_Type'
  700 | } SysTick_Type;
      |   ^~~~~~~~~~~~
../Drivers/CMSIS/Include/core_cm3.h:750:11: error: unknown type name 'uint8_t'
  750 |     __OM  uint8_t    u8;                 /*!< Offset: 0x000 ( /W)  ITM Stimulus Port 8-bit */
      |           ^~~~~~~
../Drivers/CMSIS/Include/core_cm3.h:751:11: error: unknown type name 'uint16_t'
  751 |     __OM  uint16_t   u16;                /*!< Offset: 0x000 ( /W)  ITM Stimulus Port 16-bit */
      |           ^~~~~~~~
../Drivers/CMSIS/Include/core_cm3.h:752:11: error: unknown type name 'uint32_t'
  752 |     __OM  uint32_t   u32;                /*!< Offset: 0x000 ( /W)  ITM Stimulus Port 32-bit */
      |           ^~~~~~~~
../Drivers/CMSIS/Include/core_cm3.h:754:9: error: unknown type name 'uint32_t'
  754 |         uint32_t RESERVED0[864U];
      |         ^~~~~~~~
../Drivers/CMSIS/Include/core_cm3.h:755:9: error: unknown type name 'uint32_t'
  755 |   __IOM uint32_t TER;                    /*!< Offset: 0xE00 (R/W)  ITM Trace Enable Register */
      |         ^~~~~~~~
../Drivers/CMSIS/Include/core_cm3.h:756:9: error: unknown type name 'uint32_t'
  756 |         uint32_t RESERVED1[15U];
      |         ^~~~~~~~
../Drivers/CMSIS/Include/core_cm3.h:757:9: error: unknown type name 'uint32_t'
  757 |   __IOM uint32_t TPR;                    /*!< Offset: 0xE40 (R/W)  ITM Trace Privilege Register */
      |         ^~~~~~~~
../Drivers/CMSIS/Include/core_cm3.h:758:9: error: unknown type name 'uint32_t'
  758 |         uint32_t RESERVED2[15U];
      |         ^~~~~~~~
../Drivers/CMSIS/Include/core_cm3.h:759:9: error: unknown type name 'uint32_t'
  759 |   __IOM uint32_t TCR;                    /*!< Offset: 0xE80 (R/W)  ITM Trace Control Register */
      |         ^~~~~~~~
../Drivers/CMSIS/Include/core_cm3.h:760:9: error: unknown type name 'uint32_t'
  760 |         uint32_t RESERVED3[29U];
      |         ^~~~~~~~
../Drivers/CMSIS/Include/core_cm3.h:761:9: error: unknown type name 'uint32_t'
  761 |   __OM  uint32_t IWR;                    /*!< Offset: 0xEF8 ( /W)  ITM Integration Write Register */
      |         ^~~~~~~~
../Drivers/CMSIS/Include/core_cm3.h:762:9: error: unknown type name 'uint32_t'
  762 |   __IM  uint32_t IRR;                    /*!< Offset: 0xEFC (R/ )  ITM Integration Read Register */
      |         ^~~~~~~~
../Drivers/CMSIS/Include/core_cm3.h:763:9: error: unknown type name 'uint32_t'
  763 |   __IOM uint32_t IMCR;                   /*!< Offset: 0xF00 (R/W)  ITM Integration Mode Control Register */
      |         ^~~~~~~~
../Drivers/CMSIS/Include/core_cm3.h:764:9: error: unknown type name 'uint32_t'
  764 |         uint32_t RESERVED4[43U];
      |         ^~~~~~~~
../Drivers/CMSIS/Include/core_cm3.h:765:9: error: unknown type name 'uint32_t'
  765 |   __OM  uint32_t LAR;                    /*!< Offset: 0xFB0 ( /W)  ITM Lock Access Register */
      |         ^~~~~~~~
../Drivers/CMSIS/Include/core_cm3.h:766:9: error: unknown type name 'uint32_t'
  766 |   __IM  uint32_t LSR;                    /*!< Offset: 0xFB4 (R/ )  ITM Lock Status Register */
      |         ^~~~~~~~
../Drivers/CMSIS/Include/core_cm3.h:767:9: error: unknown type name 'uint32_t'
  767 |         uint32_t RESERVED5[6U];
      |         ^~~~~~~~
../Drivers/CMSIS/Include/core_cm3.h:768:9: error: unknown type name 'uint32_t'
  768 |   __IM  uint32_t PID4;                   /*!< Offset: 0xFD0 (R/ )  ITM Peripheral Identification Register #4 */
      |         ^~~~~~~~
../Drivers/CMSIS/Include/core_cm3.h:769:9: error: unknown type name 'uint32_t'
  769 |   __IM  uint32_t PID5;                   /*!< Offset: 0xFD4 (R/ )  ITM Peripheral Identification Register #5 */
      |         ^~~~~~~~
../Drivers/CMSIS/Include/core_cm3.h:770:9: error: unknown type name 'uint32_t'
  770 |   __IM  uint32_t PID6;                   /*!< Offset: 0xFD8 (R/ )  ITM Peripheral Identification Register #6 */
      |         ^~~~~~~~
../Drivers/CMSIS/Include/core_cm3.h:771:9: error: unknown type name 'uint32_t'
  771 |   __IM  uint32_t PID7;                   /*!< Offset: 0xFDC (R/ )  ITM Peripheral Identification Register #7 */
      |         ^~~~~~~~
../Drivers/CMSIS/Include/core_cm3.h:772:9: error: unknown type name 'uint32_t'
  772 |   __IM  uint32_t PID0;                   /*!< Offset: 0xFE0 (R/ )  ITM Peripheral Identification Register #0 */
      |         ^~~~~~~~
../Drivers/CMSIS/Include/core_cm3.h:773:9: error: unknown type name 'uint32_t'
  773 |   __IM  uint32_t PID1;                   /*!< Offset: 0xFE4 (R/ )  ITM Peripheral Identification Register #1 */
      |         ^~~~~~~~
../Drivers/CMSIS/Include/core_cm3.h:774:9: error: unknown type name 'uint32_t'
  774 |   __IM  uint32_t PID2;                   /*!< Offset: 0xFE8 (R/ )  ITM Peripheral Identification Register #2 */
      |         ^~~~~~~~
../Drivers/CMSIS/Include/core_cm3.h:775:9: error: unknown type name 'uint32_t'
  775 |   __IM  uint32_t PID3;                   /*!< Offset: 0xFEC (R/ )  ITM Peripheral Identification Register #3 */
      |         ^~~~~~~~
../Drivers/CMSIS/Include/core_cm3.h:776:9: error: unknown type name 'uint32_t'
  776 |   __IM  uint32_t CID0;                   /*!< Offset: 0xFF0 (R/ )  ITM Component  Identification Register #0 */
      |         ^~~~~~~~
../Drivers/CMSIS/Include/core_cm3.h:777:9: error: unknown type name 'uint32_t'
  777 |   __IM  uint32_t CID1;                   /*!< Offset: 0xFF4 (R/ )  ITM Component  Identification Register #1 */
      |         ^~~~~~~~
../Drivers/CMSIS/Include/core_cm3.h:778:9: error: unknown type name 'uint32_t'
  778 |   __IM  uint32_t CID2;                   /*!< Offset: 0xFF8 (R/ )  ITM Component  Identification Register #2 */
      |         ^~~~~~~~
../Drivers/CMSIS/Include/core_cm3.h:779:9: error: unknown type name 'uint32_t'
  779 |   __IM  uint32_t CID3;                   /*!< Offset: 0xFFC (R/ )  ITM Component  Identification Register #3 */
      |         ^~~~~~~~
../Drivers/CMSIS/Include/core_cm3.h:780:3: error: storage class specified for parameter 'ITM_Type'
  780 | } ITM_Type;
      |   ^~~~~~~~
../Drivers/CMSIS/Include/core_cm3.h:851:9: error: unknown type name 'uint32_t'
  851 |   __IOM uint32_t CTRL;                   /*!< Offset: 0x000 (R/W)  Control Register */
      |         ^~~~~~~~
../Drivers/CMSIS/Include/core_cm3.h:852:9: error: unknown type name 'uint32_t'
  852 |   __IOM uint32_t CYCCNT;                 /*!< Offset: 0x004 (R/W)  Cycle Count Register */
      |         ^~~~~~~~
../Drivers/CMSIS/Include/core_cm3.h:853:9: error: unknown type name 'uint32_t'
  853 |   __IOM uint32_t CPICNT;                 /*!< Offset: 0x008 (R/W)  CPI Count Register */
      |         ^~~~~~~~
../Drivers/CMSIS/Include/core_cm3.h:854:9: error: unknown type name 'uint32_t'
  854 |   __IOM uint32_t EXCCNT;                 /*!< Offset: 0x00C (R/W)  Exception Overhead Count Register */
      |         ^~~~~~~~
../Drivers/CMSIS/Include/core_cm3.h:855:9: error: unknown type name 'uint32_t'
  855 |   __IOM uint32_t SLEEPCNT;               /*!< Offset: 0x010 (R/W)  Sleep Count Register */
      |         ^~~~~~~~
../Drivers/CMSIS/Include/core_cm3.h:856:9: error: unknown type name 'uint32_t'
  856 |   __IOM uint32_t LSUCNT;                 /*!< Offset: 0x014 (R/W)  LSU Count Register */
      |         ^~~~~~~~
../Drivers/CMSIS/Include/core_cm3.h:857:9: error: unknown type name 'uint32_t'
  857 |   __IOM uint32_t FOLDCNT;                /*!< Offset: 0x018 (R/W)  Folded-instruction Count Register */
      |         ^~~~~~~~
../Drivers/CMSIS/Include/core_cm3.h:858:9: error: unknown type name 'uint32_t'
  858 |   __IM  uint32_t PCSR;                   /*!< Offset: 0x01C (R/ )  Program Counter Sample Register */
      |         ^~~~~~~~
../Drivers/CMSIS/Include/core_cm3.h:859:9: error: unknown type name 'uint32_t'
  859 |   __IOM uint32_t COMP0;                  /*!< Offset: 0x020 (R/W)  Comparator Register 0 */
      |         ^~~~~~~~
../Drivers/CMSIS/Include/core_cm3.h:860:9: error: unknown type name 'uint32_t'
  860 |   __IOM uint32_t MASK0;                  /*!< Offset: 0x024 (R/W)  Mask Register 0 */
      |         ^~~~~~~~
../Drivers/CMSIS/Include/core_cm3.h:861:9: error: unknown type name 'uint32_t'
  861 |   __IOM uint32_t FUNCTION0;              /*!< Offset: 0x028 (R/W)  Function Register 0 */
      |         ^~~~~~~~
../Drivers/CMSIS/Include/core_cm3.h:862:9: error: unknown type name 'uint32_t'
  862 |         uint32_t RESERVED0[1U];
      |         ^~~~~~~~
../Drivers/CMSIS/Include/core_cm3.h:863:9: error: unknown type name 'uint32_t'
  863 |   __IOM uint32_t COMP1;                  /*!< Offset: 0x030 (R/W)  Comparator Register 1 */
      |         ^~~~~~~~
../Drivers/CMSIS/Include/core_cm3.h:864:9: error: unknown type name 'uint32_t'
  864 |   __IOM uint32_t MASK1;                  /*!< Offset: 0x034 (R/W)  Mask Register 1 */
      |         ^~~~~~~~
../Drivers/CMSIS/Include/core_cm3.h:865:9: error: unknown type name 'uint32_t'
  865 |   __IOM uint32_t FUNCTION1;              /*!< Offset: 0x038 (R/W)  Function Register 1 */
      |         ^~~~~~~~
../Drivers/CMSIS/Include/core_cm3.h:866:9: error: unknown type name 'uint32_t'
  866 |         uint32_t RESERVED1[1U];
      |         ^~~~~~~~
../Drivers/CMSIS/Include/core_cm3.h:867:9: error: unknown type name 'uint32_t'
  867 |   __IOM uint32_t COMP2;                  /*!< Offset: 0x040 (R/W)  Comparator Register 2 */
      |         ^~~~~~~~
../Drivers/CMSIS/Include/core_cm3.h:868:9: error: unknown type name 'uint32_t'
  868 |   __IOM uint32_t MASK2;                  /*!< Offset: 0x044 (R/W)  Mask Register 2 */
      |         ^~~~~~~~
../Drivers/CMSIS/Include/core_cm3.h:869:9: error: unknown type name 'uint32_t'
  869 |   __IOM uint32_t FUNCTION2;              /*!< Offset: 0x048 (R/W)  Function Register 2 */
      |         ^~~~~~~~
../Drivers/CMSIS/Include/core_cm3.h:870:9: error: unknown type name 'uint32_t'
  870 |         uint32_t RESERVED2[1U];
      |         ^~~~~~~~
../Drivers/CMSIS/Include/core_cm3.h:871:9: error: unknown type name 'uint32_t'
  871 |   __IOM uint32_t COMP3;                  /*!< Offset: 0x050 (R/W)  Comparator Register 3 */
      |         ^~~~~~~~
../Drivers/CMSIS/Include/core_cm3.h:872:9: error: unknown type name 'uint32_t'
  872 |   __IOM uint32_t MASK3;                  /*!< Offset: 0x054 (R/W)  Mask Register 3 */
      |         ^~~~~~~~
../Drivers/CMSIS/Include/core_cm3.h:873:9: error: unknown type name 'uint32_t'
  873 |   __IOM uint32_t FUNCTION3;              /*!< Offset: 0x058 (R/W)  Function Register 3 */
      |         ^~~~~~~~
../Drivers/CMSIS/Include/core_cm3.h:874:3: error: storage class specified for parameter 'DWT_Type'
  874 | } DWT_Type;
      |   ^~~~~~~~
../Drivers/CMSIS/Include/core_cm3.h:998:9: error: unknown type name 'uint32_t'
  998 |   __IM  uint32_t SSPSR;                  /*!< Offset: 0x000 (R/ )  Supported Parallel Port Size Register */
      |         ^~~~~~~~
../Drivers/CMSIS/Include/core_cm3.h:999:9: error: unknown type name 'uint32_t'
  999 |   __IOM uint32_t CSPSR;                  /*!< Offset: 0x004 (R/W)  Current Parallel Port Size Register */
      |         ^~~~~~~~
../Drivers/CMSIS/Include/core_cm3.h:1000:9: error: unknown type name 'uint32_t'
 1000 |         uint32_t RESERVED0[2U];
      |         ^~~~~~~~
../Drivers/CMSIS/Include/core_cm3.h:1001:9: error: unknown type name 'uint32_t'
 1001 |   __IOM uint32_t ACPR;                   /*!< Offset: 0x010 (R/W)  Asynchronous Clock Prescaler Register */
      |         ^~~~~~~~
../Drivers/CMSIS/Include/core_cm3.h:1002:9: error: unknown type name 'uint32_t'
 1002 |         uint32_t RESERVED1[55U];
      |         ^~~~~~~~
../Drivers/CMSIS/Include/core_cm3.h:1003:9: error: unknown type name 'uint32_t'
 1003 |   __IOM uint32_t SPPR;                   /*!< Offset: 0x0F0 (R/W)  Selected Pin Protocol Register */
      |         ^~~~~~~~
../Drivers/CMSIS/Include/core_cm3.h:1004:9: error: unknown type name 'uint32_t'
 1004 |         uint32_t RESERVED2[131U];
      |         ^~~~~~~~
../Drivers/CMSIS/Include/core_cm3.h:1005:9: error: unknown type name 'uint32_t'
 1005 |   __IM  uint32_t FFSR;                   /*!< Offset: 0x300 (R/ )  Formatter and Flush Status Register */
      |         ^~~~~~~~
../Drivers/CMSIS/Include/core_cm3.h:1006:9: error: unknown type name 'uint32_t'
 1006 |   __IOM uint32_t FFCR;                   /*!< Offset: 0x304 (R/W)  Formatter and Flush Control Register */
      |         ^~~~~~~~
../Drivers/CMSIS/Include/core_cm3.h:1007:9: error: unknown type name 'uint32_t'
 1007 |   __IM  uint32_t FSCR;                   /*!< Offset: 0x308 (R/ )  Formatter Synchronization Counter Register */
      |         ^~~~~~~~
../Drivers/CMSIS/Include/core_cm3.h:1008:9: error: unknown type name 'uint32_t'
 1008 |         uint32_t RESERVED3[759U];
      |         ^~~~~~~~
../Drivers/CMSIS/Include/core_cm3.h:1009:9: error: unknown type name 'uint32_t'
 1009 |   __IM  uint32_t TRIGGER;                /*!< Offset: 0xEE8 (R/ )  TRIGGER Register */
      |         ^~~~~~~~
../Drivers/CMSIS/Include/core_cm3.h:1010:9: error: unknown type name 'uint32_t'
 1010 |   __IM  uint32_t FIFO0;                  /*!< Offset: 0xEEC (R/ )  Integration ETM Data */
      |         ^~~~~~~~
../Drivers/CMSIS/Include/core_cm3.h:1011:9: error: unknown type name 'uint32_t'
 1011 |   __IM  uint32_t ITATBCTR2;              /*!< Offset: 0xEF0 (R/ )  ITATBCTR2 */
      |         ^~~~~~~~
../Drivers/CMSIS/Include/core_cm3.h:1012:9: error: unknown type name 'uint32_t'
 1012 |         uint32_t RESERVED4[1U];
      |         ^~~~~~~~
../Drivers/CMSIS/Include/core_cm3.h:1013:9: error: unknown type name 'uint32_t'
 1013 |   __IM  uint32_t ITATBCTR0;              /*!< Offset: 0xEF8 (R/ )  ITATBCTR0 */
      |         ^~~~~~~~
../Drivers/CMSIS/Include/core_cm3.h:1014:9: error: unknown type name 'uint32_t'
 1014 |   __IM  uint32_t FIFO1;                  /*!< Offset: 0xEFC (R/ )  Integration ITM Data */
      |         ^~~~~~~~
../Drivers/CMSIS/Include/core_cm3.h:1015:9: error: unknown type name 'uint32_t'
 1015 |   __IOM uint32_t ITCTRL;                 /*!< Offset: 0xF00 (R/W)  Integration Mode Control */
      |         ^~~~~~~~
../Drivers/CMSIS/Include/core_cm3.h:1016:9: error: unknown type name 'uint32_t'
 1016 |         uint32_t RESERVED5[39U];
      |         ^~~~~~~~
../Drivers/CMSIS/Include/core_cm3.h:1017:9: error: unknown type name 'uint32_t'
 1017 |   __IOM uint32_t CLAIMSET;               /*!< Offset: 0xFA0 (R/W)  Claim tag set */
      |         ^~~~~~~~
../Drivers/CMSIS/Include/core_cm3.h:1018:9: error: unknown type name 'uint32_t'
 1018 |   __IOM uint32_t CLAIMCLR;               /*!< Offset: 0xFA4 (R/W)  Claim tag clear */
      |         ^~~~~~~~
../Drivers/CMSIS/Include/core_cm3.h:1019:9: error: unknown type name 'uint32_t'
 1019 |         uint32_t RESERVED7[8U];
      |         ^~~~~~~~
../Drivers/CMSIS/Include/core_cm3.h:1020:9: error: unknown type name 'uint32_t'
 1020 |   __IM  uint32_t DEVID;                  /*!< Offset: 0xFC8 (R/ )  TPIU_DEVID */
      |         ^~~~~~~~
../Drivers/CMSIS/Include/core_cm3.h:1021:9: error: unknown type name 'uint32_t'
 1021 |   __IM  uint32_t DEVTYPE;                /*!< Offset: 0xFCC (R/ )  TPIU_DEVTYPE */
      |         ^~~~~~~~
../Drivers/CMSIS/Include/core_cm3.h:1022:3: error: storage class specified for parameter 'TPI_Type'
 1022 | } TPI_Type;
      |   ^~~~~~~~
../Drivers/CMSIS/Include/core_cm3.h:1256:9: error: unknown type name 'uint32_t'
 1256 |   __IOM uint32_t DHCSR;                  /*!< Offset: 0x000 (R/W)  Debug Halting Control and Status Register */
      |         ^~~~~~~~
../Drivers/CMSIS/Include/core_cm3.h:1257:9: error: unknown type name 'uint32_t'
 1257 |   __OM  uint32_t DCRSR;                  /*!< Offset: 0x004 ( /W)  Debug Core Register Selector Register */
      |         ^~~~~~~~
../Drivers/CMSIS/Include/core_cm3.h:1258:9: error: unknown type name 'uint32_t'
 1258 |   __IOM uint32_t DCRDR;                  /*!< Offset: 0x008 (R/W)  Debug Core Register Data Register */
      |         ^~~~~~~~
../Drivers/CMSIS/Include/core_cm3.h:1259:9: error: unknown type name 'uint32_t'
 1259 |   __IOM uint32_t DEMCR;                  /*!< Offset: 0x00C (R/W)  Debug Exception and Monitor Control Register */
      |         ^~~~~~~~
../Drivers/CMSIS/Include/core_cm3.h:1260:3: error: storage class specified for parameter 'CoreDebug_Type'
 1260 | } CoreDebug_Type;
      |   ^~~~~~~~~~~~~~
../Drivers/CMSIS/Include/core_cm3.h:1480:49: error: unknown type name 'uint32_t'
 1480 | __STATIC_INLINE void __NVIC_SetPriorityGrouping(uint32_t PriorityGroup)
      |                                                 ^~~~~~~~
../Drivers/CMSIS/Include/core_cm3.h:1499:17: error: unknown type name 'uint32_t'
 1499 | __STATIC_INLINE uint32_t __NVIC_GetPriorityGrouping(void)
      |                 ^~~~~~~~
../Drivers/CMSIS/Include/core_cm3.h:1500:1: error: expected '=', ',', ';', 'asm' or '__attribute__' before '{' token
 1500 | {
      | ^
../Drivers/CMSIS/Include/core_cm3.h:1511:39: error: unknown type name 'IRQn_Type'
 1511 | __STATIC_INLINE void __NVIC_EnableIRQ(IRQn_Type IRQn)
      |                                       ^~~~~~~~~
../Drivers/CMSIS/Include/core_cm3.h:1528:17: error: unknown type name 'uint32_t'
 1528 | __STATIC_INLINE uint32_t __NVIC_GetEnableIRQ(IRQn_Type IRQn)
      |                 ^~~~~~~~
../Drivers/CMSIS/Include/core_cm3.h:1528:46: error: unknown type name 'IRQn_Type'
 1528 | __STATIC_INLINE uint32_t __NVIC_GetEnableIRQ(IRQn_Type IRQn)
      |                                              ^~~~~~~~~
../Drivers/CMSIS/Include/core_cm3.h:1547:40: error: unknown type name 'IRQn_Type'
 1547 | __STATIC_INLINE void __NVIC_DisableIRQ(IRQn_Type IRQn)
      |                                        ^~~~~~~~~
../Drivers/CMSIS/Include/core_cm3.h:1566:17: error: unknown type name 'uint32_t'
 1566 | __STATIC_INLINE uint32_t __NVIC_GetPendingIRQ(IRQn_Type IRQn)
      |                 ^~~~~~~~
../Drivers/CMSIS/Include/core_cm3.h:1566:47: error: unknown type name 'IRQn_Type'
 1566 | __STATIC_INLINE uint32_t __NVIC_GetPendingIRQ(IRQn_Type IRQn)
      |                                               ^~~~~~~~~
../Drivers/CMSIS/Include/core_cm3.h:1585:43: error: unknown type name 'IRQn_Type'
 1585 | __STATIC_INLINE void __NVIC_SetPendingIRQ(IRQn_Type IRQn)
      |                                           ^~~~~~~~~
../Drivers/CMSIS/Include/core_cm3.h:1600:45: error: unknown type name 'IRQn_Type'
 1600 | __STATIC_INLINE void __NVIC_ClearPendingIRQ(IRQn_Type IRQn)
      |                                             ^~~~~~~~~
../Drivers/CMSIS/Include/core_cm3.h:1617:17: error: unknown type name 'uint32_t'
 1617 | __STATIC_INLINE uint32_t __NVIC_GetActive(IRQn_Type IRQn)
      |                 ^~~~~~~~
../Drivers/CMSIS/Include/core_cm3.h:1617:43: error: unknown type name 'IRQn_Type'
 1617 | __STATIC_INLINE uint32_t __NVIC_GetActive(IRQn_Type IRQn)
      |                                           ^~~~~~~~~
../Drivers/CMSIS/Include/core_cm3.h:1639:41: error: unknown type name 'IRQn_Type'
 1639 | __STATIC_INLINE void __NVIC_SetPriority(IRQn_Type IRQn, uint32_t priority)
      |                                         ^~~~~~~~~
../Drivers/CMSIS/Include/core_cm3.h:1639:57: error: unknown type name 'uint32_t'
 1639 | __STATIC_INLINE void __NVIC_SetPriority(IRQn_Type IRQn, uint32_t priority)
      |                                                         ^~~~~~~~
../Drivers/CMSIS/Include/core_cm3.h:1661:17: error: unknown type name 'uint32_t'
 1661 | __STATIC_INLINE uint32_t __NVIC_GetPriority(IRQn_Type IRQn)
      |                 ^~~~~~~~
../Drivers/CMSIS/Include/core_cm3.h:1661:45: error: unknown type name 'IRQn_Type'
 1661 | __STATIC_INLINE uint32_t __NVIC_GetPriority(IRQn_Type IRQn)
      |                                             ^~~~~~~~~
../Drivers/CMSIS/Include/core_cm3.h:1686:17: error: unknown type name 'uint32_t'
 1686 | __STATIC_INLINE uint32_t NVIC_EncodePriority (uint32_t PriorityGroup, uint32_t PreemptPriority, uint32_t SubPriority)
      |                 ^~~~~~~~
../Drivers/CMSIS/Include/core_cm3.h:1686:47: error: unknown type name 'uint32_t'
 1686 | __STATIC_INLINE uint32_t NVIC_EncodePriority (uint32_t PriorityGroup, uint32_t PreemptPriority, uint32_t SubPriority)
      |                                               ^~~~~~~~
../Drivers/CMSIS/Include/core_cm3.h:1686:71: error: unknown type name 'uint32_t'
 1686 | __STATIC_INLINE uint32_t NVIC_EncodePriority (uint32_t PriorityGroup, uint32_t PreemptPriority, uint32_t SubPriority)
      |                                                                       ^~~~~~~~
../Drivers/CMSIS/Include/core_cm3.h:1686:97: error: unknown type name 'uint32_t'
 1686 | __STATIC_INLINE uint32_t NVIC_EncodePriority (uint32_t PriorityGroup, uint32_t PreemptPriority, uint32_t SubPriority)
      |                                                                                                 ^~~~~~~~
../Drivers/CMSIS/Include/core_cm3.h:1713:43: error: unknown type name 'uint32_t'
 1713 | __STATIC_INLINE void NVIC_DecodePriority (uint32_t Priority, uint32_t PriorityGroup, uint32_t* const pPreemptPriority, uint32_t* const pSubPriority)
      |                                           ^~~~~~~~
../Drivers/CMSIS/Include/core_cm3.h:1713:62: error: unknown type name 'uint32_t'
 1713 | __STATIC_INLINE void NVIC_DecodePriority (uint32_t Priority, uint32_t PriorityGroup, uint32_t* const pPreemptPriority, uint32_t* const pSubPriority)
      |                                                              ^~~~~~~~
../Drivers/CMSIS/Include/core_cm3.h:1713:86: error: unknown type name 'uint32_t'
 1713 | __STATIC_INLINE void NVIC_DecodePriority (uint32_t Priority, uint32_t PriorityGroup, uint32_t* const pPreemptPriority, uint32_t* const pSubPriority)
      |                                                                                      ^~~~~~~~
../Drivers/CMSIS/Include/core_cm3.h:1713:120: error: unknown type name 'uint32_t'
 1713 | __STATIC_INLINE void NVIC_DecodePriority (uint32_t Priority, uint32_t PriorityGroup, uint32_t* const pPreemptPriority, uint32_t* const pSubPriority)
      |                                                                                                                        ^~~~~~~~
../Drivers/CMSIS/Include/core_cm3.h:1736:39: error: unknown type name 'IRQn_Type'
 1736 | __STATIC_INLINE void __NVIC_SetVector(IRQn_Type IRQn, uint32_t vector)
      |                                       ^~~~~~~~~
../Drivers/CMSIS/Include/core_cm3.h:1736:55: error: unknown type name 'uint32_t'
 1736 | __STATIC_INLINE void __NVIC_SetVector(IRQn_Type IRQn, uint32_t vector)
      |                                                       ^~~~~~~~
../Drivers/CMSIS/Include/core_cm3.h:1751:17: error: unknown type name 'uint32_t'
 1751 | __STATIC_INLINE uint32_t __NVIC_GetVector(IRQn_Type IRQn)
      |                 ^~~~~~~~
../Drivers/CMSIS/Include/core_cm3.h:1751:43: error: unknown type name 'IRQn_Type'
 1751 | __STATIC_INLINE uint32_t __NVIC_GetVector(IRQn_Type IRQn)
      |                                           ^~~~~~~~~
In file included from ../Drivers/CMSIS/Include/cmsis_compiler.h:48,
                 from ../Drivers/CMSIS/Include/core_cm3.h:115,
                 from ../Drivers/CMSIS/Device/ST/STM32F1xx/Include/stm32f103xb.h:132,
                 from ../Drivers/CMSIS/Device/ST/STM32F1xx/Include/stm32f1xx.h:131,
                 from ../Drivers/STM32F1xx_HAL_Driver/Inc/stm32f1xx_hal_def.h:30,
                 from ../Drivers/STM32F1xx_HAL_Driver/Inc/stm32f1xx_hal_rcc.h:29,
                 from ../Core/Inc/stm32f1xx_hal_conf.h:238,
                 from ../Drivers/STM32F1xx_HAL_Driver/Inc/stm32f1xx_hal.h:30,
                 from ../Core/Inc/main.h:30,
                 from ../Core/Src/main.c:20:
../Drivers/CMSIS/Include/cmsis_gcc.h:53:50: error: expected declaration specifiers before '__attribute__'
   53 |   #define __NO_RETURN                            __attribute__((__noreturn__))
      |                                                  ^~~~~~~~~~~~~
../Drivers/CMSIS/Include/core_cm3.h:1762:1: note: in expansion of macro '__NO_RETURN'
 1762 | __NO_RETURN __STATIC_INLINE void __NVIC_SystemReset(void)
      | ^~~~~~~~~~~
In file included from ../Drivers/CMSIS/Device/ST/STM32F1xx/Include/stm32f103xb.h:132,
                 from ../Drivers/CMSIS/Device/ST/STM32F1xx/Include/stm32f1xx.h:131,
                 from ../Drivers/STM32F1xx_HAL_Driver/Inc/stm32f1xx_hal_def.h:30,
                 from ../Drivers/STM32F1xx_HAL_Driver/Inc/stm32f1xx_hal_rcc.h:29,
                 from ../Core/Inc/stm32f1xx_hal_conf.h:238,
                 from ../Drivers/STM32F1xx_HAL_Driver/Inc/stm32f1xx_hal.h:30,
                 from ../Core/Inc/main.h:30,
                 from ../Core/Src/main.c:20:
../Drivers/CMSIS/Include/core_cm3.h:1803:17: error: unknown type name 'uint32_t'
 1803 | __STATIC_INLINE uint32_t SCB_GetFPUType(void)
      |                 ^~~~~~~~
../Drivers/CMSIS/Include/core_cm3.h:1804:1: error: expected '=', ',', ';', 'asm' or '__attribute__' before '{' token
 1804 | {
      | ^
../Drivers/CMSIS/Include/core_cm3.h:1834:17: error: unknown type name 'uint32_t'
 1834 | __STATIC_INLINE uint32_t SysTick_Config(uint32_t ticks)
      |                 ^~~~~~~~
../Drivers/CMSIS/Include/core_cm3.h:1834:41: error: unknown type name 'uint32_t'
 1834 | __STATIC_INLINE uint32_t SysTick_Config(uint32_t ticks)
      |                                         ^~~~~~~~
../Drivers/CMSIS/Include/core_cm3.h:1864:17: error: unknown type name 'int32_t'
 1864 | extern volatile int32_t ITM_RxBuffer;                              /*!< External variable to receive characters. */
      |                 ^~~~~~~
../Drivers/CMSIS/Include/core_cm3.h:1864:25: error: storage class specified for parameter 'ITM_RxBuffer'
 1864 | extern volatile int32_t ITM_RxBuffer;                              /*!< External variable to receive characters. */
      |                         ^~~~~~~~~~~~
../Drivers/CMSIS/Include/core_cm3.h:1876:17: error: unknown type name 'uint32_t'
 1876 | __STATIC_INLINE uint32_t ITM_SendChar (uint32_t ch)
      |                 ^~~~~~~~
../Drivers/CMSIS/Include/core_cm3.h:1876:40: error: unknown type name 'uint32_t'
 1876 | __STATIC_INLINE uint32_t ITM_SendChar (uint32_t ch)
      |                                        ^~~~~~~~
../Drivers/CMSIS/Include/core_cm3.h:1897:17: error: unknown type name 'int32_t'
 1897 | __STATIC_INLINE int32_t ITM_ReceiveChar (void)
      |                 ^~~~~~~
../Drivers/CMSIS/Include/core_cm3.h:1898:1: error: expected '=', ',', ';', 'asm' or '__attribute__' before '{' token
 1898 | {
      | ^
../Drivers/CMSIS/Include/core_cm3.h:1917:17: error: unknown type name 'int32_t'
 1917 | __STATIC_INLINE int32_t ITM_CheckChar (void)
      |                 ^~~~~~~
../Drivers/CMSIS/Include/core_cm3.h:1918:1: error: expected '=', ',', ';', 'asm' or '__attribute__' before '{' token
 1918 | {
      | ^
In file included from ../Drivers/CMSIS/Device/ST/STM32F1xx/Include/stm32f103xb.h:133,
                 from ../Drivers/CMSIS/Device/ST/STM32F1xx/Include/stm32f1xx.h:131,
                 from ../Drivers/STM32F1xx_HAL_Driver/Inc/stm32f1xx_hal_def.h:30,
                 from ../Drivers/STM32F1xx_HAL_Driver/Inc/stm32f1xx_hal_rcc.h:29,
                 from ../Core/Inc/stm32f1xx_hal_conf.h:238,
                 from ../Drivers/STM32F1xx_HAL_Driver/Inc/stm32f1xx_hal.h:30,
                 from ../Core/Inc/main.h:30,
                 from ../Core/Src/main.c:20:
../Drivers/CMSIS/Device/ST/STM32F1xx/Include/system_stm32f1xx.h:51:8: error: unknown type name 'uint32_t'
   51 | extern uint32_t SystemCoreClock;          /*!< System Clock Frequency (Core Clock) */
      |        ^~~~~~~~
../Drivers/CMSIS/Device/ST/STM32F1xx/Include/system_stm32f1xx.h:51:17: error: storage class specified for parameter 'SystemCoreClock'
   51 | extern uint32_t SystemCoreClock;          /*!< System Clock Frequency (Core Clock) */
      |                 ^~~~~~~~~~~~~~~
../Drivers/CMSIS/Device/ST/STM32F1xx/Include/system_stm32f1xx.h:52:14: error: unknown type name 'uint8_t'
   52 | extern const uint8_t  AHBPrescTable[16U];  /*!< AHB prescalers table values */
      |              ^~~~~~~
../Drivers/CMSIS/Device/ST/STM32F1xx/Include/system_stm32f1xx.h:52:23: error: storage class specified for parameter 'AHBPrescTable'
   52 | extern const uint8_t  AHBPrescTable[16U];  /*!< AHB prescalers table values */
      |                       ^~~~~~~~~~~~~
../Drivers/CMSIS/Device/ST/STM32F1xx/Include/system_stm32f1xx.h:53:14: error: unknown type name 'uint8_t'
   53 | extern const uint8_t  APBPrescTable[8U];   /*!< APB prescalers table values */
      |              ^~~~~~~
../Drivers/CMSIS/Device/ST/STM32F1xx/Include/system_stm32f1xx.h:53:23: error: storage class specified for parameter 'APBPrescTable'
   53 | extern const uint8_t  APBPrescTable[8U];   /*!< APB prescalers table values */
      |                       ^~~~~~~~~~~~~
../Drivers/CMSIS/Device/ST/STM32F1xx/Include/system_stm32f1xx.h:79:13: error: storage class specified for parameter 'SystemInit'
   79 | extern void SystemInit(void);
      |             ^~~~~~~~~~
../Drivers/CMSIS/Device/ST/STM32F1xx/Include/system_stm32f1xx.h:80:13: error: storage class specified for parameter 'SystemCoreClockUpdate'
   80 | extern void SystemCoreClockUpdate(void);
      |             ^~~~~~~~~~~~~~~~~~~~~
In file included from ../Drivers/CMSIS/Device/ST/STM32F1xx/Include/stm32f1xx.h:131,
                 from ../Drivers/STM32F1xx_HAL_Driver/Inc/stm32f1xx_hal_def.h:30,
                 from ../Drivers/STM32F1xx_HAL_Driver/Inc/stm32f1xx_hal_rcc.h:29,
                 from ../Core/Inc/stm32f1xx_hal_conf.h:238,
                 from ../Drivers/STM32F1xx_HAL_Driver/Inc/stm32f1xx_hal.h:30,
                 from ../Core/Inc/main.h:30,
                 from ../Core/Src/main.c:20:
../Drivers/CMSIS/Device/ST/STM32F1xx/Include/stm32f103xb.h:146:8: error: unknown type name 'uint32_t'
  146 |   __IO uint32_t SR;
      |        ^~~~~~~~
../Drivers/CMSIS/Device/ST/STM32F1xx/Include/stm32f103xb.h:147:8: error: unknown type name 'uint32_t'
  147 |   __IO uint32_t CR1;
      |        ^~~~~~~~
../Drivers/CMSIS/Device/ST/STM32F1xx/Include/stm32f103xb.h:148:8: error: unknown type name 'uint32_t'
  148 |   __IO uint32_t CR2;
      |        ^~~~~~~~
../Drivers/CMSIS/Device/ST/STM32F1xx/Include/stm32f103xb.h:149:8: error: unknown type name 'uint32_t'
  149 |   __IO uint32_t SMPR1;
      |        ^~~~~~~~
../Drivers/CMSIS/Device/ST/STM32F1xx/Include/stm32f103xb.h:150:8: error: unknown type name 'uint32_t'
  150 |   __IO uint32_t SMPR2;
      |        ^~~~~~~~
../Drivers/CMSIS/Device/ST/STM32F1xx/Include/stm32f103xb.h:151:8: error: unknown type name 'uint32_t'
  151 |   __IO uint32_t JOFR1;
      |        ^~~~~~~~
../Drivers/CMSIS/Device/ST/STM32F1xx/Include/stm32f103xb.h:152:8: error: unknown type name 'uint32_t'
  152 |   __IO uint32_t JOFR2;
      |        ^~~~~~~~
../Drivers/CMSIS/Device/ST/STM32F1xx/Include/stm32f103xb.h:153:8: error: unknown type name 'uint32_t'
  153 |   __IO uint32_t JOFR3;
      |        ^~~~~~~~
../Drivers/CMSIS/Device/ST/STM32F1xx/Include/stm32f103xb.h:154:8: error: unknown type name 'uint32_t'
  154 |   __IO uint32_t JOFR4;
      |        ^~~~~~~~
../Drivers/CMSIS/Device/ST/STM32F1xx/Include/stm32f103xb.h:155:8: error: unknown type name 'uint32_t'
  155 |   __IO uint32_t HTR;
      |        ^~~~~~~~
../Drivers/CMSIS/Device/ST/STM32F1xx/Include/stm32f103xb.h:156:8: error: unknown type name 'uint32_t'
  156 |   __IO uint32_t LTR;
      |        ^~~~~~~~
../Drivers/CMSIS/Device/ST/STM32F1xx/Include/stm32f103xb.h:157:8: error: unknown type name 'uint32_t'
  157 |   __IO uint32_t SQR1;
      |        ^~~~~~~~
../Drivers/CMSIS/Device/ST/STM32F1xx/Include/stm32f103xb.h:158:8: error: unknown type name 'uint32_t'
  158 |   __IO uint32_t SQR2;
      |        ^~~~~~~~
../Drivers/CMSIS/Device/ST/STM32F1xx/Include/stm32f103xb.h:159:8: error: unknown type name 'uint32_t'
  159 |   __IO uint32_t SQR3;
      |        ^~~~~~~~
../Drivers/CMSIS/Device/ST/STM32F1xx/Include/stm32f103xb.h:160:8: error: unknown type name 'uint32_t'
  160 |   __IO uint32_t JSQR;
      |        ^~~~~~~~
../Drivers/CMSIS/Device/ST/STM32F1xx/Include/stm32f103xb.h:161:8: error: unknown type name 'uint32_t'
  161 |   __IO uint32_t JDR1;
      |        ^~~~~~~~
../Drivers/CMSIS/Device/ST/STM32F1xx/Include/stm32f103xb.h:162:8: error: unknown type name 'uint32_t'
  162 |   __IO uint32_t JDR2;
      |        ^~~~~~~~
../Drivers/CMSIS/Device/ST/STM32F1xx/Include/stm32f103xb.h:163:8: error: unknown type name 'uint32_t'
  163 |   __IO uint32_t JDR3;
      |        ^~~~~~~~
../Drivers/CMSIS/Device/ST/STM32F1xx/Include/stm32f103xb.h:164:8: error: unknown type name 'uint32_t'
  164 |   __IO uint32_t JDR4;
      |        ^~~~~~~~
../Drivers/CMSIS/Device/ST/STM32F1xx/Include/stm32f103xb.h:165:8: error: unknown type name 'uint32_t'
  165 |   __IO uint32_t DR;
      |        ^~~~~~~~
../Drivers/CMSIS/Device/ST/STM32F1xx/Include/stm32f103xb.h:166:3: error: storage class specified for parameter 'ADC_TypeDef'
  166 | } ADC_TypeDef;
      |   ^~~~~~~~~~~
../Drivers/CMSIS/Device/ST/STM32F1xx/Include/stm32f103xb.h:170:8: error: unknown type name 'uint32_t'
  170 |   __IO uint32_t SR;               /*!< ADC status register,    used for ADC multimode (bits common to several ADC instances). Address offset: ADC1 base address         */
      |        ^~~~~~~~
In file included from ../Drivers/CMSIS/Device/ST/STM32F1xx/Include/stm32f1xx.h:131,
                 from ../Drivers/STM32F1xx_HAL_Driver/Inc/stm32f1xx_hal_def.h:30,
                 from ../Drivers/STM32F1xx_HAL_Driver/Inc/stm32f1xx_hal_rcc.h:29,
                 from ../Core/Inc/stm32f1xx_hal_conf.h:238,
                 from ../Drivers/STM32F1xx_HAL_Driver/Inc/stm32f1xx_hal.h:30,
                 from ../Core/Inc/main.h:30,
                 from ../Core/Src/main.c:20:
../Drivers/CMSIS/Device/ST/STM32F1xx/Include/stm32f103xb.h:171:8: error: unknown type name 'uint32_t'
  171 |   __IO uint32_t CR1;              /*!< ADC control register 1, used for ADC multimode (bits common to several ADC instances). Address offset: ADC1 base address + 0x04  */
      |        ^~~~~~~~
../Drivers/CMSIS/Device/ST/STM32F1xx/Include/stm32f103xb.h:172:8: error: unknown type name 'uint32_t'
  172 |   __IO uint32_t CR2;              /*!< ADC control register 2, used for ADC multimode (bits common to several ADC instances). Address offset: ADC1 base address + 0x08  */
      |        ^~~~~~~~
../Drivers/CMSIS/Device/ST/STM32F1xx/Include/stm32f103xb.h:173:3: error: unknown type name 'uint32_t'
  173 |   uint32_t  RESERVED[16];
      |   ^~~~~~~~
../Drivers/CMSIS/Device/ST/STM32F1xx/Include/stm32f103xb.h:174:8: error: unknown type name 'uint32_t'
  174 |   __IO uint32_t DR;               /*!< ADC data register,      used for ADC multimode (bits common to several ADC instances). Address offset: ADC1 base address + 0x4C  */
      |        ^~~~~~~~
../Drivers/CMSIS/Device/ST/STM32F1xx/Include/stm32f103xb.h:175:3: error: storage class specified for parameter 'ADC_Common_TypeDef'
  175 | } ADC_Common_TypeDef;
      |   ^~~~~~~~~~~~~~~~~~
../Drivers/CMSIS/Device/ST/STM32F1xx/Include/stm32f103xb.h:183:3: error: unknown type name 'uint32_t'
  183 |   uint32_t  RESERVED0;
      |   ^~~~~~~~
../Drivers/CMSIS/Device/ST/STM32F1xx/Include/stm32f103xb.h:184:8: error: unknown type name 'uint32_t'
  184 |   __IO uint32_t DR1;
      |        ^~~~~~~~
../Drivers/CMSIS/Device/ST/STM32F1xx/Include/stm32f103xb.h:185:8: error: unknown type name 'uint32_t'
  185 |   __IO uint32_t DR2;
      |        ^~~~~~~~
../Drivers/CMSIS/Device/ST/STM32F1xx/Include/stm32f103xb.h:186:8: error: unknown type name 'uint32_t'
  186 |   __IO uint32_t DR3;
      |        ^~~~~~~~
../Drivers/CMSIS/Device/ST/STM32F1xx/Include/stm32f103xb.h:187:8: error: unknown type name 'uint32_t'
  187 |   __IO uint32_t DR4;
      |        ^~~~~~~~
../Drivers/CMSIS/Device/ST/STM32F1xx/Include/stm32f103xb.h:188:8: error: unknown type name 'uint32_t'
  188 |   __IO uint32_t DR5;
      |        ^~~~~~~~
../Drivers/CMSIS/Device/ST/STM32F1xx/Include/stm32f103xb.h:189:8: error: unknown type name 'uint32_t'
  189 |   __IO uint32_t DR6;
      |        ^~~~~~~~
../Drivers/CMSIS/Device/ST/STM32F1xx/Include/stm32f103xb.h:190:8: error: unknown type name 'uint32_t'
  190 |   __IO uint32_t DR7;
      |        ^~~~~~~~
../Drivers/CMSIS/Device/ST/STM32F1xx/Include/stm32f103xb.h:191:8: error: unknown type name 'uint32_t'
  191 |   __IO uint32_t DR8;
      |        ^~~~~~~~
../Drivers/CMSIS/Device/ST/STM32F1xx/Include/stm32f103xb.h:192:8: error: unknown type name 'uint32_t'
  192 |   __IO uint32_t DR9;
      |        ^~~~~~~~
../Drivers/CMSIS/Device/ST/STM32F1xx/Include/stm32f103xb.h:193:8: error: unknown type name 'uint32_t'
  193 |   __IO uint32_t DR10;
      |        ^~~~~~~~
../Drivers/CMSIS/Device/ST/STM32F1xx/Include/stm32f103xb.h:194:8: error: unknown type name 'uint32_t'
  194 |   __IO uint32_t RTCCR;
      |        ^~~~~~~~
../Drivers/CMSIS/Device/ST/STM32F1xx/Include/stm32f103xb.h:195:8: error: unknown type name 'uint32_t'
  195 |   __IO uint32_t CR;
      |        ^~~~~~~~
../Drivers/CMSIS/Device/ST/STM32F1xx/Include/stm32f103xb.h:196:8: error: unknown type name 'uint32_t'
  196 |   __IO uint32_t CSR;
      |        ^~~~~~~~
../Drivers/CMSIS/Device/ST/STM32F1xx/Include/stm32f103xb.h:197:3: error: storage class specified for parameter 'BKP_TypeDef'
  197 | } BKP_TypeDef;
      |   ^~~~~~~~~~~
../Drivers/CMSIS/Device/ST/STM32F1xx/Include/stm32f103xb.h:205:8: error: unknown type name 'uint32_t'
  205 |   __IO uint32_t TIR;
      |        ^~~~~~~~
../Drivers/CMSIS/Device/ST/STM32F1xx/Include/stm32f103xb.h:206:8: error: unknown type name 'uint32_t'
  206 |   __IO uint32_t TDTR;
      |        ^~~~~~~~
../Drivers/CMSIS/Device/ST/STM32F1xx/Include/stm32f103xb.h:207:8: error: unknown type name 'uint32_t'
  207 |   __IO uint32_t TDLR;
      |        ^~~~~~~~
../Drivers/CMSIS/Device/ST/STM32F1xx/Include/stm32f103xb.h:208:8: error: unknown type name 'uint32_t'
  208 |   __IO uint32_t TDHR;
      |        ^~~~~~~~
../Drivers/CMSIS/Device/ST/STM32F1xx/Include/stm32f103xb.h:209:3: error: storage class specified for parameter 'CAN_TxMailBox_TypeDef'
  209 | } CAN_TxMailBox_TypeDef;
      |   ^~~~~~~~~~~~~~~~~~~~~
../Drivers/CMSIS/Device/ST/STM32F1xx/Include/stm32f103xb.h:217:8: error: unknown type name 'uint32_t'
  217 |   __IO uint32_t RIR;
      |        ^~~~~~~~
../Drivers/CMSIS/Device/ST/STM32F1xx/Include/stm32f103xb.h:218:8: error: unknown type name 'uint32_t'
  218 |   __IO uint32_t RDTR;
      |        ^~~~~~~~
../Drivers/CMSIS/Device/ST/STM32F1xx/Include/stm32f103xb.h:219:8: error: unknown type name 'uint32_t'
  219 |   __IO uint32_t RDLR;
      |        ^~~~~~~~
../Drivers/CMSIS/Device/ST/STM32F1xx/Include/stm32f103xb.h:220:8: error: unknown type name 'uint32_t'
  220 |   __IO uint32_t RDHR;
      |        ^~~~~~~~
../Drivers/CMSIS/Device/ST/STM32F1xx/Include/stm32f103xb.h:221:3: error: storage class specified for parameter 'CAN_FIFOMailBox_TypeDef'
  221 | } CAN_FIFOMailBox_TypeDef;
      |   ^~~~~~~~~~~~~~~~~~~~~~~
../Drivers/CMSIS/Device/ST/STM32F1xx/Include/stm32f103xb.h:229:8: error: unknown type name 'uint32_t'
  229 |   __IO uint32_t FR1;
      |        ^~~~~~~~
../Drivers/CMSIS/Device/ST/STM32F1xx/Include/stm32f103xb.h:230:8: error: unknown type name 'uint32_t'
  230 |   __IO uint32_t FR2;
      |        ^~~~~~~~
../Drivers/CMSIS/Device/ST/STM32F1xx/Include/stm32f103xb.h:231:3: error: storage class specified for parameter 'CAN_FilterRegister_TypeDef'
  231 | } CAN_FilterRegister_TypeDef;
      |   ^~~~~~~~~~~~~~~~~~~~~~~~~~
../Drivers/CMSIS/Device/ST/STM32F1xx/Include/stm32f103xb.h:239:8: error: unknown type name 'uint32_t'
  239 |   __IO uint32_t MCR;
      |        ^~~~~~~~
../Drivers/CMSIS/Device/ST/STM32F1xx/Include/stm32f103xb.h:240:8: error: unknown type name 'uint32_t'
  240 |   __IO uint32_t MSR;
      |        ^~~~~~~~
../Drivers/CMSIS/Device/ST/STM32F1xx/Include/stm32f103xb.h:241:8: error: unknown type name 'uint32_t'
  241 |   __IO uint32_t TSR;
      |        ^~~~~~~~
../Drivers/CMSIS/Device/ST/STM32F1xx/Include/stm32f103xb.h:242:8: error: unknown type name 'uint32_t'
  242 |   __IO uint32_t RF0R;
      |        ^~~~~~~~
../Drivers/CMSIS/Device/ST/STM32F1xx/Include/stm32f103xb.h:243:8: error: unknown type name 'uint32_t'
  243 |   __IO uint32_t RF1R;
      |        ^~~~~~~~
../Drivers/CMSIS/Device/ST/STM32F1xx/Include/stm32f103xb.h:244:8: error: unknown type name 'uint32_t'
  244 |   __IO uint32_t IER;
      |        ^~~~~~~~
../Drivers/CMSIS/Device/ST/STM32F1xx/Include/stm32f103xb.h:245:8: error: unknown type name 'uint32_t'
  245 |   __IO uint32_t ESR;
      |        ^~~~~~~~
../Drivers/CMSIS/Device/ST/STM32F1xx/Include/stm32f103xb.h:246:8: error: unknown type name 'uint32_t'
  246 |   __IO uint32_t BTR;
      |        ^~~~~~~~
../Drivers/CMSIS/Device/ST/STM32F1xx/Include/stm32f103xb.h:247:3: error: unknown type name 'uint32_t'
  247 |   uint32_t  RESERVED0[88];
      |   ^~~~~~~~
../Drivers/CMSIS/Device/ST/STM32F1xx/Include/stm32f103xb.h:248:3: error: expected specifier-qualifier-list before 'CAN_TxMailBox_TypeDef'
  248 |   CAN_TxMailBox_TypeDef sTxMailBox[3];
      |   ^~~~~~~~~~~~~~~~~~~~~
../Drivers/CMSIS/Device/ST/STM32F1xx/Include/stm32f103xb.h:261:3: error: storage class specified for parameter 'CAN_TypeDef'
  261 | } CAN_TypeDef;
      |   ^~~~~~~~~~~
../Drivers/CMSIS/Device/ST/STM32F1xx/Include/stm32f103xb.h:269:8: error: unknown type name 'uint32_t'
  269 |   __IO uint32_t DR;           /*!< CRC Data register,                           Address offset: 0x00 */
      |        ^~~~~~~~
../Drivers/CMSIS/Device/ST/STM32F1xx/Include/stm32f103xb.h:270:8: error: unknown type name 'uint8_t'
  270 |   __IO uint8_t  IDR;          /*!< CRC Independent data register,               Address offset: 0x04 */
      |        ^~~~~~~
../Drivers/CMSIS/Device/ST/STM32F1xx/Include/stm32f103xb.h:271:3: error: unknown type name 'uint8_t'
  271 |   uint8_t       RESERVED0;    /*!< Reserved,                                    Address offset: 0x05 */
      |   ^~~~~~~
../Drivers/CMSIS/Device/ST/STM32F1xx/Include/stm32f103xb.h:272:3: error: unknown type name 'uint16_t'
  272 |   uint16_t      RESERVED1;    /*!< Reserved,                                    Address offset: 0x06 */
      |   ^~~~~~~~
../Drivers/CMSIS/Device/ST/STM32F1xx/Include/stm32f103xb.h:273:8: error: unknown type name 'uint32_t'
  273 |   __IO uint32_t CR;           /*!< CRC Control register,                        Address offset: 0x08 */
      |        ^~~~~~~~
../Drivers/CMSIS/Device/ST/STM32F1xx/Include/stm32f103xb.h:274:3: error: storage class specified for parameter 'CRC_TypeDef'
  274 | } CRC_TypeDef;
      |   ^~~~~~~~~~~
../Drivers/CMSIS/Device/ST/STM32F1xx/Include/stm32f103xb.h:283:8: error: unknown type name 'uint32_t'
  283 |   __IO uint32_t IDCODE;
      |        ^~~~~~~~
../Drivers/CMSIS/Device/ST/STM32F1xx/Include/stm32f103xb.h:284:8: error: unknown type name 'uint32_t'
  284 |   __IO uint32_t CR;
      |        ^~~~~~~~
../Drivers/CMSIS/Device/ST/STM32F1xx/Include/stm32f103xb.h:285:2: error: storage class specified for parameter 'DBGMCU_TypeDef'
  285 | }DBGMCU_TypeDef;
      |  ^~~~~~~~~~~~~~
../Drivers/CMSIS/Device/ST/STM32F1xx/Include/stm32f103xb.h:293:8: error: unknown type name 'uint32_t'
  293 |   __IO uint32_t CCR;
      |        ^~~~~~~~
../Drivers/CMSIS/Device/ST/STM32F1xx/Include/stm32f103xb.h:294:8: error: unknown type name 'uint32_t'
  294 |   __IO uint32_t CNDTR;
      |        ^~~~~~~~
../Drivers/CMSIS/Device/ST/STM32F1xx/Include/stm32f103xb.h:295:8: error: unknown type name 'uint32_t'
  295 |   __IO uint32_t CPAR;
      |        ^~~~~~~~
../Drivers/CMSIS/Device/ST/STM32F1xx/Include/stm32f103xb.h:296:8: error: unknown type name 'uint32_t'
  296 |   __IO uint32_t CMAR;
      |        ^~~~~~~~
../Drivers/CMSIS/Device/ST/STM32F1xx/Include/stm32f103xb.h:297:3: error: storage class specified for parameter 'DMA_Channel_TypeDef'
  297 | } DMA_Channel_TypeDef;
      |   ^~~~~~~~~~~~~~~~~~~
../Drivers/CMSIS/Device/ST/STM32F1xx/Include/stm32f103xb.h:301:8: error: unknown type name 'uint32_t'
  301 |   __IO uint32_t ISR;
      |        ^~~~~~~~
../Drivers/CMSIS/Device/ST/STM32F1xx/Include/stm32f103xb.h:302:8: error: unknown type name 'uint32_t'
  302 |   __IO uint32_t IFCR;
      |        ^~~~~~~~
../Drivers/CMSIS/Device/ST/STM32F1xx/Include/stm32f103xb.h:303:3: error: storage class specified for parameter 'DMA_TypeDef'
  303 | } DMA_TypeDef;
      |   ^~~~~~~~~~~
../Drivers/CMSIS/Device/ST/STM32F1xx/Include/stm32f103xb.h:313:8: error: unknown type name 'uint32_t'
  313 |   __IO uint32_t IMR;
      |        ^~~~~~~~
../Drivers/CMSIS/Device/ST/STM32F1xx/Include/stm32f103xb.h:314:8: error: unknown type name 'uint32_t'
  314 |   __IO uint32_t EMR;
      |        ^~~~~~~~
../Drivers/CMSIS/Device/ST/STM32F1xx/Include/stm32f103xb.h:315:8: error: unknown type name 'uint32_t'
  315 |   __IO uint32_t RTSR;
      |        ^~~~~~~~
../Drivers/CMSIS/Device/ST/STM32F1xx/Include/stm32f103xb.h:316:8: error: unknown type name 'uint32_t'
  316 |   __IO uint32_t FTSR;
      |        ^~~~~~~~
../Drivers/CMSIS/Device/ST/STM32F1xx/Include/stm32f103xb.h:317:8: error: unknown type name 'uint32_t'
  317 |   __IO uint32_t SWIER;
      |        ^~~~~~~~
../Drivers/CMSIS/Device/ST/STM32F1xx/Include/stm32f103xb.h:318:8: error: unknown type name 'uint32_t'
  318 |   __IO uint32_t PR;
      |        ^~~~~~~~
../Drivers/CMSIS/Device/ST/STM32F1xx/Include/stm32f103xb.h:319:3: error: storage class specified for parameter 'EXTI_TypeDef'
  319 | } EXTI_TypeDef;
      |   ^~~~~~~~~~~~
../Drivers/CMSIS/Device/ST/STM32F1xx/Include/stm32f103xb.h:327:8: error: unknown type name 'uint32_t'
  327 |   __IO uint32_t ACR;
      |        ^~~~~~~~
../Drivers/CMSIS/Device/ST/STM32F1xx/Include/stm32f103xb.h:328:8: error: unknown type name 'uint32_t'
  328 |   __IO uint32_t KEYR;
      |        ^~~~~~~~
../Drivers/CMSIS/Device/ST/STM32F1xx/Include/stm32f103xb.h:329:8: error: unknown type name 'uint32_t'
  329 |   __IO uint32_t OPTKEYR;
      |        ^~~~~~~~
../Drivers/CMSIS/Device/ST/STM32F1xx/Include/stm32f103xb.h:330:8: error: unknown type name 'uint32_t'
  330 |   __IO uint32_t SR;
      |        ^~~~~~~~
../Drivers/CMSIS/Device/ST/STM32F1xx/Include/stm32f103xb.h:331:8: error: unknown type name 'uint32_t'
  331 |   __IO uint32_t CR;
      |        ^~~~~~~~
../Drivers/CMSIS/Device/ST/STM32F1xx/Include/stm32f103xb.h:332:8: error: unknown type name 'uint32_t'
  332 |   __IO uint32_t AR;
      |        ^~~~~~~~
../Drivers/CMSIS/Device/ST/STM32F1xx/Include/stm32f103xb.h:333:8: error: unknown type name 'uint32_t'
  333 |   __IO uint32_t RESERVED;
      |        ^~~~~~~~
../Drivers/CMSIS/Device/ST/STM32F1xx/Include/stm32f103xb.h:334:8: error: unknown type name 'uint32_t'
  334 |   __IO uint32_t OBR;
      |        ^~~~~~~~
../Drivers/CMSIS/Device/ST/STM32F1xx/Include/stm32f103xb.h:335:8: error: unknown type name 'uint32_t'
  335 |   __IO uint32_t WRPR;
      |        ^~~~~~~~
../Drivers/CMSIS/Device/ST/STM32F1xx/Include/stm32f103xb.h:336:3: error: storage class specified for parameter 'FLASH_TypeDef'
  336 | } FLASH_TypeDef;
      |   ^~~~~~~~~~~~~
../Drivers/CMSIS/Device/ST/STM32F1xx/Include/stm32f103xb.h:344:8: error: unknown type name 'uint16_t'
  344 |   __IO uint16_t RDP;
      |        ^~~~~~~~
../Drivers/CMSIS/Device/ST/STM32F1xx/Include/stm32f103xb.h:345:8: error: unknown type name 'uint16_t'
  345 |   __IO uint16_t USER;
      |        ^~~~~~~~
../Drivers/CMSIS/Device/ST/STM32F1xx/Include/stm32f103xb.h:346:8: error: unknown type name 'uint16_t'
  346 |   __IO uint16_t Data0;
      |        ^~~~~~~~
../Drivers/CMSIS/Device/ST/STM32F1xx/Include/stm32f103xb.h:347:8: error: unknown type name 'uint16_t'
  347 |   __IO uint16_t Data1;
      |        ^~~~~~~~
../Drivers/CMSIS/Device/ST/STM32F1xx/Include/stm32f103xb.h:348:8: error: unknown type name 'uint16_t'
  348 |   __IO uint16_t WRP0;
      |        ^~~~~~~~
../Drivers/CMSIS/Device/ST/STM32F1xx/Include/stm32f103xb.h:349:8: error: unknown type name 'uint16_t'
  349 |   __IO uint16_t WRP1;
      |        ^~~~~~~~
../Drivers/CMSIS/Device/ST/STM32F1xx/Include/stm32f103xb.h:350:8: error: unknown type name 'uint16_t'
  350 |   __IO uint16_t WRP2;
      |        ^~~~~~~~
../Drivers/CMSIS/Device/ST/STM32F1xx/Include/stm32f103xb.h:351:8: error: unknown type name 'uint16_t'
  351 |   __IO uint16_t WRP3;
      |        ^~~~~~~~
../Drivers/CMSIS/Device/ST/STM32F1xx/Include/stm32f103xb.h:352:3: error: storage class specified for parameter 'OB_TypeDef'
  352 | } OB_TypeDef;
      |   ^~~~~~~~~~
../Drivers/CMSIS/Device/ST/STM32F1xx/Include/stm32f103xb.h:360:8: error: unknown type name 'uint32_t'
  360 |   __IO uint32_t CRL;
      |        ^~~~~~~~
../Drivers/CMSIS/Device/ST/STM32F1xx/Include/stm32f103xb.h:361:8: error: unknown type name 'uint32_t'
  361 |   __IO uint32_t CRH;
      |        ^~~~~~~~
../Drivers/CMSIS/Device/ST/STM32F1xx/Include/stm32f103xb.h:362:8: error: unknown type name 'uint32_t'
  362 |   __IO uint32_t IDR;
      |        ^~~~~~~~
../Drivers/CMSIS/Device/ST/STM32F1xx/Include/stm32f103xb.h:363:8: error: unknown type name 'uint32_t'
  363 |   __IO uint32_t ODR;
      |        ^~~~~~~~
../Drivers/CMSIS/Device/ST/STM32F1xx/Include/stm32f103xb.h:364:8: error: unknown type name 'uint32_t'
  364 |   __IO uint32_t BSRR;
      |        ^~~~~~~~
../Drivers/CMSIS/Device/ST/STM32F1xx/Include/stm32f103xb.h:365:8: error: unknown type name 'uint32_t'
  365 |   __IO uint32_t BRR;
      |        ^~~~~~~~
../Drivers/CMSIS/Device/ST/STM32F1xx/Include/stm32f103xb.h:366:8: error: unknown type name 'uint32_t'
  366 |   __IO uint32_t LCKR;
      |        ^~~~~~~~
../Drivers/CMSIS/Device/ST/STM32F1xx/Include/stm32f103xb.h:367:3: error: storage class specified for parameter 'GPIO_TypeDef'
  367 | } GPIO_TypeDef;
      |   ^~~~~~~~~~~~
../Drivers/CMSIS/Device/ST/STM32F1xx/Include/stm32f103xb.h:375:8: error: unknown type name 'uint32_t'
  375 |   __IO uint32_t EVCR;
      |        ^~~~~~~~
../Drivers/CMSIS/Device/ST/STM32F1xx/Include/stm32f103xb.h:376:8: error: unknown type name 'uint32_t'
  376 |   __IO uint32_t MAPR;
      |        ^~~~~~~~
../Drivers/CMSIS/Device/ST/STM32F1xx/Include/stm32f103xb.h:377:8: error: unknown type name 'uint32_t'
  377 |   __IO uint32_t EXTICR[4];
      |        ^~~~~~~~
../Drivers/CMSIS/Device/ST/STM32F1xx/Include/stm32f103xb.h:378:3: error: unknown type name 'uint32_t'
  378 |   uint32_t RESERVED0;
      |   ^~~~~~~~
../Drivers/CMSIS/Device/ST/STM32F1xx/Include/stm32f103xb.h:379:8: error: unknown type name 'uint32_t'
  379 |   __IO uint32_t MAPR2;
      |        ^~~~~~~~
../Drivers/CMSIS/Device/ST/STM32F1xx/Include/stm32f103xb.h:380:3: error: storage class specified for parameter 'AFIO_TypeDef'
  380 | } AFIO_TypeDef;
      |   ^~~~~~~~~~~~
../Drivers/CMSIS/Device/ST/STM32F1xx/Include/stm32f103xb.h:387:8: error: unknown type name 'uint32_t'
  387 |   __IO uint32_t CR1;
      |        ^~~~~~~~
../Drivers/CMSIS/Device/ST/STM32F1xx/Include/stm32f103xb.h:388:8: error: unknown type name 'uint32_t'
  388 |   __IO uint32_t CR2;
      |        ^~~~~~~~
../Drivers/CMSIS/Device/ST/STM32F1xx/Include/stm32f103xb.h:389:8: error: unknown type name 'uint32_t'
  389 |   __IO uint32_t OAR1;
      |        ^~~~~~~~
../Drivers/CMSIS/Device/ST/STM32F1xx/Include/stm32f103xb.h:390:8: error: unknown type name 'uint32_t'
  390 |   __IO uint32_t OAR2;
      |        ^~~~~~~~
../Drivers/CMSIS/Device/ST/STM32F1xx/Include/stm32f103xb.h:391:8: error: unknown type name 'uint32_t'
  391 |   __IO uint32_t DR;
      |        ^~~~~~~~
../Drivers/CMSIS/Device/ST/STM32F1xx/Include/stm32f103xb.h:392:8: error: unknown type name 'uint32_t'
  392 |   __IO uint32_t SR1;
      |        ^~~~~~~~
../Drivers/CMSIS/Device/ST/STM32F1xx/Include/stm32f103xb.h:393:8: error: unknown type name 'uint32_t'
  393 |   __IO uint32_t SR2;
      |        ^~~~~~~~
../Drivers/CMSIS/Device/ST/STM32F1xx/Include/stm32f103xb.h:394:8: error: unknown type name 'uint32_t'
  394 |   __IO uint32_t CCR;
      |        ^~~~~~~~
../Drivers/CMSIS/Device/ST/STM32F1xx/Include/stm32f103xb.h:395:8: error: unknown type name 'uint32_t'
  395 |   __IO uint32_t TRISE;
      |        ^~~~~~~~
../Drivers/CMSIS/Device/ST/STM32F1xx/Include/stm32f103xb.h:396:3: error: storage class specified for parameter 'I2C_TypeDef'
  396 | } I2C_TypeDef;
      |   ^~~~~~~~~~~
../Drivers/CMSIS/Device/ST/STM32F1xx/Include/stm32f103xb.h:404:8: error: unknown type name 'uint32_t'
  404 |   __IO uint32_t KR;           /*!< Key register,                                Address offset: 0x00 */
      |        ^~~~~~~~
../Drivers/CMSIS/Device/ST/STM32F1xx/Include/stm32f103xb.h:405:8: error: unknown type name 'uint32_t'
  405 |   __IO uint32_t PR;           /*!< Prescaler register,                          Address offset: 0x04 */
      |        ^~~~~~~~
../Drivers/CMSIS/Device/ST/STM32F1xx/Include/stm32f103xb.h:406:8: error: unknown type name 'uint32_t'
  406 |   __IO uint32_t RLR;          /*!< Reload register,                             Address offset: 0x08 */
      |        ^~~~~~~~
../Drivers/CMSIS/Device/ST/STM32F1xx/Include/stm32f103xb.h:407:8: error: unknown type name 'uint32_t'
  407 |   __IO uint32_t SR;           /*!< Status register,                             Address offset: 0x0C */
      |        ^~~~~~~~
../Drivers/CMSIS/Device/ST/STM32F1xx/Include/stm32f103xb.h:408:3: error: storage class specified for parameter 'IWDG_TypeDef'
  408 | } IWDG_TypeDef;
      |   ^~~~~~~~~~~~
../Drivers/CMSIS/Device/ST/STM32F1xx/Include/stm32f103xb.h:416:8: error: unknown type name 'uint32_t'
  416 |   __IO uint32_t CR;
      |        ^~~~~~~~
../Drivers/CMSIS/Device/ST/STM32F1xx/Include/stm32f103xb.h:417:8: error: unknown type name 'uint32_t'
  417 |   __IO uint32_t CSR;
      |        ^~~~~~~~
../Drivers/CMSIS/Device/ST/STM32F1xx/Include/stm32f103xb.h:418:3: error: storage class specified for parameter 'PWR_TypeDef'
  418 | } PWR_TypeDef;
      |   ^~~~~~~~~~~
../Drivers/CMSIS/Device/ST/STM32F1xx/Include/stm32f103xb.h:426:8: error: unknown type name 'uint32_t'
  426 |   __IO uint32_t CR;
      |        ^~~~~~~~
../Drivers/CMSIS/Device/ST/STM32F1xx/Include/stm32f103xb.h:427:8: error: unknown type name 'uint32_t'
  427 |   __IO uint32_t CFGR;
      |        ^~~~~~~~
../Drivers/CMSIS/Device/ST/STM32F1xx/Include/stm32f103xb.h:428:8: error: unknown type name 'uint32_t'
  428 |   __IO uint32_t CIR;
      |        ^~~~~~~~
../Drivers/CMSIS/Device/ST/STM32F1xx/Include/stm32f103xb.h:429:8: error: unknown type name 'uint32_t'
  429 |   __IO uint32_t APB2RSTR;
      |        ^~~~~~~~
../Drivers/CMSIS/Device/ST/STM32F1xx/Include/stm32f103xb.h:430:8: error: unknown type name 'uint32_t'
  430 |   __IO uint32_t APB1RSTR;
      |        ^~~~~~~~
../Drivers/CMSIS/Device/ST/STM32F1xx/Include/stm32f103xb.h:431:8: error: unknown type name 'uint32_t'
  431 |   __IO uint32_t AHBENR;
      |        ^~~~~~~~
../Drivers/CMSIS/Device/ST/STM32F1xx/Include/stm32f103xb.h:432:8: error: unknown type name 'uint32_t'
  432 |   __IO uint32_t APB2ENR;
      |        ^~~~~~~~
../Drivers/CMSIS/Device/ST/STM32F1xx/Include/stm32f103xb.h:433:8: error: unknown type name 'uint32_t'
  433 |   __IO uint32_t APB1ENR;
      |        ^~~~~~~~
../Drivers/CMSIS/Device/ST/STM32F1xx/Include/stm32f103xb.h:434:8: error: unknown type name 'uint32_t'
  434 |   __IO uint32_t BDCR;
      |        ^~~~~~~~
../Drivers/CMSIS/Device/ST/STM32F1xx/Include/stm32f103xb.h:435:8: error: unknown type name 'uint32_t'
  435 |   __IO uint32_t CSR;
      |        ^~~~~~~~
../Drivers/CMSIS/Device/ST/STM32F1xx/Include/stm32f103xb.h:438:3: error: storage class specified for parameter 'RCC_TypeDef'
  438 | } RCC_TypeDef;
      |   ^~~~~~~~~~~
../Drivers/CMSIS/Device/ST/STM32F1xx/Include/stm32f103xb.h:446:8: error: unknown type name 'uint32_t'
  446 |   __IO uint32_t CRH;
      |        ^~~~~~~~
../Drivers/CMSIS/Device/ST/STM32F1xx/Include/stm32f103xb.h:447:8: error: unknown type name 'uint32_t'
  447 |   __IO uint32_t CRL;
      |        ^~~~~~~~
../Drivers/CMSIS/Device/ST/STM32F1xx/Include/stm32f103xb.h:448:8: error: unknown type name 'uint32_t'
  448 |   __IO uint32_t PRLH;
      |        ^~~~~~~~
../Drivers/CMSIS/Device/ST/STM32F1xx/Include/stm32f103xb.h:449:8: error: unknown type name 'uint32_t'
  449 |   __IO uint32_t PRLL;
      |        ^~~~~~~~
../Drivers/CMSIS/Device/ST/STM32F1xx/Include/stm32f103xb.h:450:8: error: unknown type name 'uint32_t'
  450 |   __IO uint32_t DIVH;
      |        ^~~~~~~~
../Drivers/CMSIS/Device/ST/STM32F1xx/Include/stm32f103xb.h:451:8: error: unknown type name 'uint32_t'
  451 |   __IO uint32_t DIVL;
      |        ^~~~~~~~
../Drivers/CMSIS/Device/ST/STM32F1xx/Include/stm32f103xb.h:452:8: error: unknown type name 'uint32_t'
  452 |   __IO uint32_t CNTH;
      |        ^~~~~~~~
../Drivers/CMSIS/Device/ST/STM32F1xx/Include/stm32f103xb.h:453:8: error: unknown type name 'uint32_t'
  453 |   __IO uint32_t CNTL;
      |        ^~~~~~~~
../Drivers/CMSIS/Device/ST/STM32F1xx/Include/stm32f103xb.h:454:8: error: unknown type name 'uint32_t'
  454 |   __IO uint32_t ALRH;
      |        ^~~~~~~~
../Drivers/CMSIS/Device/ST/STM32F1xx/Include/stm32f103xb.h:455:8: error: unknown type name 'uint32_t'
  455 |   __IO uint32_t ALRL;
      |        ^~~~~~~~
../Drivers/CMSIS/Device/ST/STM32F1xx/Include/stm32f103xb.h:456:3: error: storage class specified for parameter 'RTC_TypeDef'
  456 | } RTC_TypeDef;
      |   ^~~~~~~~~~~
../Drivers/CMSIS/Device/ST/STM32F1xx/Include/stm32f103xb.h:464:8: error: unknown type name 'uint32_t'
  464 |   __IO uint32_t CR1;
      |        ^~~~~~~~
../Drivers/CMSIS/Device/ST/STM32F1xx/Include/stm32f103xb.h:465:8: error: unknown type name 'uint32_t'
  465 |   __IO uint32_t CR2;
      |        ^~~~~~~~
../Drivers/CMSIS/Device/ST/STM32F1xx/Include/stm32f103xb.h:466:8: error: unknown type name 'uint32_t'
  466 |   __IO uint32_t SR;
      |        ^~~~~~~~
../Drivers/CMSIS/Device/ST/STM32F1xx/Include/stm32f103xb.h:467:8: error: unknown type name 'uint32_t'
  467 |   __IO uint32_t DR;
      |        ^~~~~~~~
../Drivers/CMSIS/Device/ST/STM32F1xx/Include/stm32f103xb.h:468:8: error: unknown type name 'uint32_t'
  468 |   __IO uint32_t CRCPR;
      |        ^~~~~~~~
../Drivers/CMSIS/Device/ST/STM32F1xx/Include/stm32f103xb.h:469:8: error: unknown type name 'uint32_t'
  469 |   __IO uint32_t RXCRCR;
      |        ^~~~~~~~
../Drivers/CMSIS/Device/ST/STM32F1xx/Include/stm32f103xb.h:470:8: error: unknown type name 'uint32_t'
  470 |   __IO uint32_t TXCRCR;
      |        ^~~~~~~~
../Drivers/CMSIS/Device/ST/STM32F1xx/Include/stm32f103xb.h:471:8: error: unknown type name 'uint32_t'
  471 |   __IO uint32_t I2SCFGR;
      |        ^~~~~~~~
../Drivers/CMSIS/Device/ST/STM32F1xx/Include/stm32f103xb.h:472:3: error: storage class specified for parameter 'SPI_TypeDef'
  472 | } SPI_TypeDef;
      |   ^~~~~~~~~~~
../Drivers/CMSIS/Device/ST/STM32F1xx/Include/stm32f103xb.h:479:8: error: unknown type name 'uint32_t'
  479 |   __IO uint32_t CR1;             /*!< TIM control register 1,                      Address offset: 0x00 */
      |        ^~~~~~~~
../Drivers/CMSIS/Device/ST/STM32F1xx/Include/stm32f103xb.h:480:8: error: unknown type name 'uint32_t'
  480 |   __IO uint32_t CR2;             /*!< TIM control register 2,                      Address offset: 0x04 */
      |        ^~~~~~~~
../Drivers/CMSIS/Device/ST/STM32F1xx/Include/stm32f103xb.h:481:8: error: unknown type name 'uint32_t'
  481 |   __IO uint32_t SMCR;            /*!< TIM slave Mode Control register,             Address offset: 0x08 */
      |        ^~~~~~~~
../Drivers/CMSIS/Device/ST/STM32F1xx/Include/stm32f103xb.h:482:8: error: unknown type name 'uint32_t'
  482 |   __IO uint32_t DIER;            /*!< TIM DMA/interrupt enable register,           Address offset: 0x0C */
      |        ^~~~~~~~
../Drivers/CMSIS/Device/ST/STM32F1xx/Include/stm32f103xb.h:483:8: error: unknown type name 'uint32_t'
  483 |   __IO uint32_t SR;              /*!< TIM status register,                         Address offset: 0x10 */
      |        ^~~~~~~~
../Drivers/CMSIS/Device/ST/STM32F1xx/Include/stm32f103xb.h:484:8: error: unknown type name 'uint32_t'
  484 |   __IO uint32_t EGR;             /*!< TIM event generation register,               Address offset: 0x14 */
      |        ^~~~~~~~
../Drivers/CMSIS/Device/ST/STM32F1xx/Include/stm32f103xb.h:485:8: error: unknown type name 'uint32_t'
  485 |   __IO uint32_t CCMR1;           /*!< TIM  capture/compare mode register 1,        Address offset: 0x18 */
      |        ^~~~~~~~
../Drivers/CMSIS/Device/ST/STM32F1xx/Include/stm32f103xb.h:486:8: error: unknown type name 'uint32_t'
  486 |   __IO uint32_t CCMR2;           /*!< TIM  capture/compare mode register 2,        Address offset: 0x1C */
      |        ^~~~~~~~
../Drivers/CMSIS/Device/ST/STM32F1xx/Include/stm32f103xb.h:487:8: error: unknown type name 'uint32_t'
  487 |   __IO uint32_t CCER;            /*!< TIM capture/compare enable register,         Address offset: 0x20 */
      |        ^~~~~~~~
../Drivers/CMSIS/Device/ST/STM32F1xx/Include/stm32f103xb.h:488:8: error: unknown type name 'uint32_t'
  488 |   __IO uint32_t CNT;             /*!< TIM counter register,                        Address offset: 0x24 */
      |        ^~~~~~~~
../Drivers/CMSIS/Device/ST/STM32F1xx/Include/stm32f103xb.h:489:8: error: unknown type name 'uint32_t'
  489 |   __IO uint32_t PSC;             /*!< TIM prescaler register,                      Address offset: 0x28 */
      |        ^~~~~~~~
../Drivers/CMSIS/Device/ST/STM32F1xx/Include/stm32f103xb.h:490:8: error: unknown type name 'uint32_t'
  490 |   __IO uint32_t ARR;             /*!< TIM auto-reload register,                    Address offset: 0x2C */
      |        ^~~~~~~~
../Drivers/CMSIS/Device/ST/STM32F1xx/Include/stm32f103xb.h:491:8: error: unknown type name 'uint32_t'
  491 |   __IO uint32_t RCR;             /*!< TIM  repetition counter register,            Address offset: 0x30 */
      |        ^~~~~~~~
../Drivers/CMSIS/Device/ST/STM32F1xx/Include/stm32f103xb.h:492:8: error: unknown type name 'uint32_t'
  492 |   __IO uint32_t CCR1;            /*!< TIM capture/compare register 1,              Address offset: 0x34 */
      |        ^~~~~~~~
../Drivers/CMSIS/Device/ST/STM32F1xx/Include/stm32f103xb.h:493:8: error: unknown type name 'uint32_t'
  493 |   __IO uint32_t CCR2;            /*!< TIM capture/compare register 2,              Address offset: 0x38 */
      |        ^~~~~~~~
../Drivers/CMSIS/Device/ST/STM32F1xx/Include/stm32f103xb.h:494:8: error: unknown type name 'uint32_t'
  494 |   __IO uint32_t CCR3;            /*!< TIM capture/compare register 3,              Address offset: 0x3C */
      |        ^~~~~~~~
../Drivers/CMSIS/Device/ST/STM32F1xx/Include/stm32f103xb.h:495:8: error: unknown type name 'uint32_t'
  495 |   __IO uint32_t CCR4;            /*!< TIM capture/compare register 4,              Address offset: 0x40 */
      |        ^~~~~~~~
../Drivers/CMSIS/Device/ST/STM32F1xx/Include/stm32f103xb.h:496:8: error: unknown type name 'uint32_t'
  496 |   __IO uint32_t BDTR;            /*!< TIM break and dead-time register,            Address offset: 0x44 */
      |        ^~~~~~~~
../Drivers/CMSIS/Device/ST/STM32F1xx/Include/stm32f103xb.h:497:8: error: unknown type name 'uint32_t'
  497 |   __IO uint32_t DCR;             /*!< TIM DMA control register,                    Address offset: 0x48 */
      |        ^~~~~~~~
../Drivers/CMSIS/Device/ST/STM32F1xx/Include/stm32f103xb.h:498:8: error: unknown type name 'uint32_t'
  498 |   __IO uint32_t DMAR;            /*!< TIM DMA address for full transfer register,  Address offset: 0x4C */
      |        ^~~~~~~~
../Drivers/CMSIS/Device/ST/STM32F1xx/Include/stm32f103xb.h:499:8: error: unknown type name 'uint32_t'
  499 |   __IO uint32_t OR;              /*!< TIM option register,                         Address offset: 0x50 */
      |        ^~~~~~~~
../Drivers/CMSIS/Device/ST/STM32F1xx/Include/stm32f103xb.h:500:2: error: storage class specified for parameter 'TIM_TypeDef'
  500 | }TIM_TypeDef;
      |  ^~~~~~~~~~~
../Drivers/CMSIS/Device/ST/STM32F1xx/Include/stm32f103xb.h:509:8: error: unknown type name 'uint32_t'
  509 |   __IO uint32_t SR;         /*!< USART Status register,                   Address offset: 0x00 */
      |        ^~~~~~~~
../Drivers/CMSIS/Device/ST/STM32F1xx/Include/stm32f103xb.h:510:8: error: unknown type name 'uint32_t'
  510 |   __IO uint32_t DR;         /*!< USART Data register,                     Address offset: 0x04 */
      |        ^~~~~~~~
../Drivers/CMSIS/Device/ST/STM32F1xx/Include/stm32f103xb.h:511:8: error: unknown type name 'uint32_t'
  511 |   __IO uint32_t BRR;        /*!< USART Baud rate register,                Address offset: 0x08 */
      |        ^~~~~~~~
../Drivers/CMSIS/Device/ST/STM32F1xx/Include/stm32f103xb.h:512:8: error: unknown type name 'uint32_t'
  512 |   __IO uint32_t CR1;        /*!< USART Control register 1,                Address offset: 0x0C */
      |        ^~~~~~~~
../Drivers/CMSIS/Device/ST/STM32F1xx/Include/stm32f103xb.h:513:8: error: unknown type name 'uint32_t'
  513 |   __IO uint32_t CR2;        /*!< USART Control register 2,                Address offset: 0x10 */
      |        ^~~~~~~~
../Drivers/CMSIS/Device/ST/STM32F1xx/Include/stm32f103xb.h:514:8: error: unknown type name 'uint32_t'
  514 |   __IO uint32_t CR3;        /*!< USART Control register 3,                Address offset: 0x14 */
      |        ^~~~~~~~
../Drivers/CMSIS/Device/ST/STM32F1xx/Include/stm32f103xb.h:515:8: error: unknown type name 'uint32_t'
  515 |   __IO uint32_t GTPR;       /*!< USART Guard time and prescaler register, Address offset: 0x18 */
      |        ^~~~~~~~
../Drivers/CMSIS/Device/ST/STM32F1xx/Include/stm32f103xb.h:516:3: error: storage class specified for parameter 'USART_TypeDef'
  516 | } USART_TypeDef;
      |   ^~~~~~~~~~~~~
../Drivers/CMSIS/Device/ST/STM32F1xx/Include/stm32f103xb.h:524:8: error: unknown type name 'uint16_t'
  524 |   __IO uint16_t EP0R;                 /*!< USB Endpoint 0 register,                   Address offset: 0x00 */
      |        ^~~~~~~~
../Drivers/CMSIS/Device/ST/STM32F1xx/Include/stm32f103xb.h:525:8: error: unknown type name 'uint16_t'
  525 |   __IO uint16_t RESERVED0;            /*!< Reserved */
      |        ^~~~~~~~
../Drivers/CMSIS/Device/ST/STM32F1xx/Include/stm32f103xb.h:526:8: error: unknown type name 'uint16_t'
  526 |   __IO uint16_t EP1R;                 /*!< USB Endpoint 1 register,                   Address offset: 0x04 */
      |        ^~~~~~~~
../Drivers/CMSIS/Device/ST/STM32F1xx/Include/stm32f103xb.h:527:8: error: unknown type name 'uint16_t'
  527 |   __IO uint16_t RESERVED1;            /*!< Reserved */
      |        ^~~~~~~~
../Drivers/CMSIS/Device/ST/STM32F1xx/Include/stm32f103xb.h:528:8: error: unknown type name 'uint16_t'
  528 |   __IO uint16_t EP2R;                 /*!< USB Endpoint 2 register,                   Address offset: 0x08 */
      |        ^~~~~~~~
../Drivers/CMSIS/Device/ST/STM32F1xx/Include/stm32f103xb.h:529:8: error: unknown type name 'uint16_t'
  529 |   __IO uint16_t RESERVED2;            /*!< Reserved */
      |        ^~~~~~~~
../Drivers/CMSIS/Device/ST/STM32F1xx/Include/stm32f103xb.h:530:8: error: unknown type name 'uint16_t'
  530 |   __IO uint16_t EP3R;                 /*!< USB Endpoint 3 register,                   Address offset: 0x0C */
      |        ^~~~~~~~
../Drivers/CMSIS/Device/ST/STM32F1xx/Include/stm32f103xb.h:531:8: error: unknown type name 'uint16_t'
  531 |   __IO uint16_t RESERVED3;            /*!< Reserved */
      |        ^~~~~~~~
../Drivers/CMSIS/Device/ST/STM32F1xx/Include/stm32f103xb.h:532:8: error: unknown type name 'uint16_t'
  532 |   __IO uint16_t EP4R;                 /*!< USB Endpoint 4 register,                   Address offset: 0x10 */
      |        ^~~~~~~~
../Drivers/CMSIS/Device/ST/STM32F1xx/Include/stm32f103xb.h:533:8: error: unknown type name 'uint16_t'
  533 |   __IO uint16_t RESERVED4;            /*!< Reserved */
      |        ^~~~~~~~
../Drivers/CMSIS/Device/ST/STM32F1xx/Include/stm32f103xb.h:534:8: error: unknown type name 'uint16_t'
  534 |   __IO uint16_t EP5R;                 /*!< USB Endpoint 5 register,                   Address offset: 0x14 */
      |        ^~~~~~~~
../Drivers/CMSIS/Device/ST/STM32F1xx/Include/stm32f103xb.h:535:8: error: unknown type name 'uint16_t'
  535 |   __IO uint16_t RESERVED5;            /*!< Reserved */
      |        ^~~~~~~~
../Drivers/CMSIS/Device/ST/STM32F1xx/Include/stm32f103xb.h:536:8: error: unknown type name 'uint16_t'
  536 |   __IO uint16_t EP6R;                 /*!< USB Endpoint 6 register,                   Address offset: 0x18 */
      |        ^~~~~~~~
../Drivers/CMSIS/Device/ST/STM32F1xx/Include/stm32f103xb.h:537:8: error: unknown type name 'uint16_t'
  537 |   __IO uint16_t RESERVED6;            /*!< Reserved */
      |        ^~~~~~~~
../Drivers/CMSIS/Device/ST/STM32F1xx/Include/stm32f103xb.h:538:8: error: unknown type name 'uint16_t'
  538 |   __IO uint16_t EP7R;                 /*!< USB Endpoint 7 register,                   Address offset: 0x1C */
      |        ^~~~~~~~
../Drivers/CMSIS/Device/ST/STM32F1xx/Include/stm32f103xb.h:539:8: error: unknown type name 'uint16_t'
  539 |   __IO uint16_t RESERVED7[17];        /*!< Reserved */
      |        ^~~~~~~~
../Drivers/CMSIS/Device/ST/STM32F1xx/Include/stm32f103xb.h:540:8: error: unknown type name 'uint16_t'
  540 |   __IO uint16_t CNTR;                 /*!< Control register,                          Address offset: 0x40 */
      |        ^~~~~~~~
../Drivers/CMSIS/Device/ST/STM32F1xx/Include/stm32f103xb.h:541:8: error: unknown type name 'uint16_t'
  541 |   __IO uint16_t RESERVED8;            /*!< Reserved */
      |        ^~~~~~~~
../Drivers/CMSIS/Device/ST/STM32F1xx/Include/stm32f103xb.h:542:8: error: unknown type name 'uint16_t'
  542 |   __IO uint16_t ISTR;                 /*!< Interrupt status register,                 Address offset: 0x44 */
      |        ^~~~~~~~
../Drivers/CMSIS/Device/ST/STM32F1xx/Include/stm32f103xb.h:543:8: error: unknown type name 'uint16_t'
  543 |   __IO uint16_t RESERVED9;            /*!< Reserved */
      |        ^~~~~~~~
../Drivers/CMSIS/Device/ST/STM32F1xx/Include/stm32f103xb.h:544:8: error: unknown type name 'uint16_t'
  544 |   __IO uint16_t FNR;                  /*!< Frame number register,                     Address offset: 0x48 */
      |        ^~~~~~~~
../Drivers/CMSIS/Device/ST/STM32F1xx/Include/stm32f103xb.h:545:8: error: unknown type name 'uint16_t'
  545 |   __IO uint16_t RESERVEDA;            /*!< Reserved */
      |        ^~~~~~~~
../Drivers/CMSIS/Device/ST/STM32F1xx/Include/stm32f103xb.h:546:8: error: unknown type name 'uint16_t'
  546 |   __IO uint16_t DADDR;                /*!< Device address register,                   Address offset: 0x4C */
      |        ^~~~~~~~
../Drivers/CMSIS/Device/ST/STM32F1xx/Include/stm32f103xb.h:547:8: error: unknown type name 'uint16_t'
  547 |   __IO uint16_t RESERVEDB;            /*!< Reserved */
      |        ^~~~~~~~
../Drivers/CMSIS/Device/ST/STM32F1xx/Include/stm32f103xb.h:548:8: error: unknown type name 'uint16_t'
  548 |   __IO uint16_t BTABLE;               /*!< Buffer Table address register,             Address offset: 0x50 */
      |        ^~~~~~~~
../Drivers/CMSIS/Device/ST/STM32F1xx/Include/stm32f103xb.h:549:8: error: unknown type name 'uint16_t'
  549 |   __IO uint16_t RESERVEDC;            /*!< Reserved */
      |        ^~~~~~~~
../Drivers/CMSIS/Device/ST/STM32F1xx/Include/stm32f103xb.h:550:3: error: storage class specified for parameter 'USB_TypeDef'
  550 | } USB_TypeDef;
      |   ^~~~~~~~~~~
../Drivers/CMSIS/Device/ST/STM32F1xx/Include/stm32f103xb.h:559:8: error: unknown type name 'uint32_t'
  559 |   __IO uint32_t CR;   /*!< WWDG Control register,       Address offset: 0x00 */
      |        ^~~~~~~~
../Drivers/CMSIS/Device/ST/STM32F1xx/Include/stm32f103xb.h:560:8: error: unknown type name 'uint32_t'
  560 |   __IO uint32_t CFR;  /*!< WWDG Configuration register, Address offset: 0x04 */
      |        ^~~~~~~~
../Drivers/CMSIS/Device/ST/STM32F1xx/Include/stm32f103xb.h:561:8: error: unknown type name 'uint32_t'
  561 |   __IO uint32_t SR;   /*!< WWDG Status register,        Address offset: 0x08 */
      |        ^~~~~~~~
../Drivers/CMSIS/Device/ST/STM32F1xx/Include/stm32f103xb.h:562:3: error: storage class specified for parameter 'WWDG_TypeDef'
  562 | } WWDG_TypeDef;
      |   ^~~~~~~~~~~~
In file included from ../Drivers/STM32F1xx_HAL_Driver/Inc/stm32f1xx_hal_def.h:30,
                 from ../Drivers/STM32F1xx_HAL_Driver/Inc/stm32f1xx_hal_rcc.h:29,
                 from ../Core/Inc/stm32f1xx_hal_conf.h:238,
                 from ../Drivers/STM32F1xx_HAL_Driver/Inc/stm32f1xx_hal.h:30,
                 from ../Core/Inc/main.h:30,
                 from ../Core/Src/main.c:20:
../Drivers/CMSIS/Device/ST/STM32F1xx/Include/stm32f1xx.h:155:3: error: storage class specified for parameter 'FlagStatus'
  155 | } FlagStatus, ITStatus;
      |   ^~~~~~~~~~
../Drivers/CMSIS/Device/ST/STM32F1xx/Include/stm32f1xx.h:155:15: error: storage class specified for parameter 'ITStatus'
  155 | } FlagStatus, ITStatus;
      |               ^~~~~~~~
../Drivers/CMSIS/Device/ST/STM32F1xx/Include/stm32f1xx.h:161:3: error: storage class specified for parameter 'FunctionalState'
  161 | } FunctionalState;
      |   ^~~~~~~~~~~~~~~
../Drivers/CMSIS/Device/ST/STM32F1xx/Include/stm32f1xx.h:168:3: error: storage class specified for parameter 'ErrorStatus'
  168 | } ErrorStatus;
      |   ^~~~~~~~~~~
In file included from ../Drivers/STM32F1xx_HAL_Driver/Inc/stm32f1xx_hal_def.h:32,
                 from ../Drivers/STM32F1xx_HAL_Driver/Inc/stm32f1xx_hal_rcc.h:29,
                 from ../Core/Inc/stm32f1xx_hal_conf.h:238,
                 from ../Drivers/STM32F1xx_HAL_Driver/Inc/stm32f1xx_hal.h:30,
                 from ../Core/Inc/main.h:30,
                 from ../Core/Src/main.c:20:
d:\stm32cubeide_1.10.1\stm32cubeide\plugins\com.st.stm32cube.ide.mcu.externaltools.gnu-tools-for-stm32.10.3-2021.10.win32_1.0.0.202111181127\tools\lib\gcc\arm-none-eabi\10.3.1\include\stddef.h:143:26: error: storage class specified for parameter 'ptrdiff_t'
  143 | typedef __PTRDIFF_TYPE__ ptrdiff_t;
      |                          ^~~~~~~~~
d:\stm32cubeide_1.10.1\stm32cubeide\plugins\com.st.stm32cube.ide.mcu.externaltools.gnu-tools-for-stm32.10.3-2021.10.win32_1.0.0.202111181127\tools\lib\gcc\arm-none-eabi\10.3.1\include\stddef.h:209:23: error: storage class specified for parameter 'size_t'
  209 | typedef __SIZE_TYPE__ size_t;
      |                       ^~~~~~
d:\stm32cubeide_1.10.1\stm32cubeide\plugins\com.st.stm32cube.ide.mcu.externaltools.gnu-tools-for-stm32.10.3-2021.10.win32_1.0.0.202111181127\tools\lib\gcc\arm-none-eabi\10.3.1\include\stddef.h:321:24: error: storage class specified for parameter 'wchar_t'
  321 | typedef __WCHAR_TYPE__ wchar_t;
      |                        ^~~~~~~
d:\stm32cubeide_1.10.1\stm32cubeide\plugins\com.st.stm32cube.ide.mcu.externaltools.gnu-tools-for-stm32.10.3-2021.10.win32_1.0.0.202111181127\tools\lib\gcc\arm-none-eabi\10.3.1\include\stddef.h:426:3: error: storage class specified for parameter 'max_align_t'
  426 | } max_align_t;
      |   ^~~~~~~~~~~
In file included from ../Drivers/STM32F1xx_HAL_Driver/Inc/stm32f1xx_hal_rcc.h:29,
                 from ../Core/Inc/stm32f1xx_hal_conf.h:238,
                 from ../Drivers/STM32F1xx_HAL_Driver/Inc/stm32f1xx_hal.h:30,
                 from ../Core/Inc/main.h:30,
                 from ../Core/Src/main.c:20:
../Drivers/STM32F1xx_HAL_Driver/Inc/stm32f1xx_hal_def.h:45:3: error: storage class specified for parameter 'HAL_StatusTypeDef'
   45 | } HAL_StatusTypeDef;
      |   ^~~~~~~~~~~~~~~~~
../Drivers/STM32F1xx_HAL_Driver/Inc/stm32f1xx_hal_def.h:54:3: error: storage class specified for parameter 'HAL_LockTypeDef'
   54 | } HAL_LockTypeDef;
      |   ^~~~~~~~~~~~~~~
In file included from ../Core/Inc/stm32f1xx_hal_conf.h:238,
                 from ../Drivers/STM32F1xx_HAL_Driver/Inc/stm32f1xx_hal.h:30,
                 from ../Core/Inc/main.h:30,
                 from ../Core/Src/main.c:20:
../Drivers/STM32F1xx_HAL_Driver/Inc/stm32f1xx_hal_rcc.h:51:3: error: unknown type name 'uint32_t'
   51 |   uint32_t PLLState;      /*!< PLLState: The new state of the PLL.
      |   ^~~~~~~~
../Drivers/STM32F1xx_HAL_Driver/Inc/stm32f1xx_hal_rcc.h:54:3: error: unknown type name 'uint32_t'
   54 |   uint32_t PLLSource;     /*!< PLLSource: PLL entry clock source.
      |   ^~~~~~~~
../Drivers/STM32F1xx_HAL_Driver/Inc/stm32f1xx_hal_rcc.h:57:3: error: unknown type name 'uint32_t'
   57 |   uint32_t PLLMUL;        /*!< PLLMUL: Multiplication factor for PLL VCO input clock
      |   ^~~~~~~~
../Drivers/STM32F1xx_HAL_Driver/Inc/stm32f1xx_hal_rcc.h:59:3: error: storage class specified for parameter 'RCC_PLLInitTypeDef'
   59 | } RCC_PLLInitTypeDef;
      |   ^~~~~~~~~~~~~~~~~~
../Drivers/STM32F1xx_HAL_Driver/Inc/stm32f1xx_hal_rcc.h:66:3: error: unknown type name 'uint32_t'
   66 |   uint32_t ClockType;             /*!< The clock to be configured.
      |   ^~~~~~~~
../Drivers/STM32F1xx_HAL_Driver/Inc/stm32f1xx_hal_rcc.h:69:3: error: unknown type name 'uint32_t'
   69 |   uint32_t SYSCLKSource;          /*!< The clock source (SYSCLKS) used as system clock.
      |   ^~~~~~~~
../Drivers/STM32F1xx_HAL_Driver/Inc/stm32f1xx_hal_rcc.h:72:3: error: unknown type name 'uint32_t'
   72 |   uint32_t AHBCLKDivider;         /*!< The AHB clock (HCLK) divider. This clock is derived from the system clock (SYSCLK).
      |   ^~~~~~~~
../Drivers/STM32F1xx_HAL_Driver/Inc/stm32f1xx_hal_rcc.h:75:3: error: unknown type name 'uint32_t'
   75 |   uint32_t APB1CLKDivider;        /*!< The APB1 clock (PCLK1) divider. This clock is derived from the AHB clock (HCLK).
      |   ^~~~~~~~
../Drivers/STM32F1xx_HAL_Driver/Inc/stm32f1xx_hal_rcc.h:78:3: error: unknown type name 'uint32_t'
   78 |   uint32_t APB2CLKDivider;        /*!< The APB2 clock (PCLK2) divider. This clock is derived from the AHB clock (HCLK).
      |   ^~~~~~~~
../Drivers/STM32F1xx_HAL_Driver/Inc/stm32f1xx_hal_rcc.h:80:3: error: storage class specified for parameter 'RCC_ClkInitTypeDef'
   80 | } RCC_ClkInitTypeDef;
      |   ^~~~~~~~~~~~~~~~~~
In file included from ../Drivers/STM32F1xx_HAL_Driver/Inc/stm32f1xx_hal_rcc.h:1144,
                 from ../Core/Inc/stm32f1xx_hal_conf.h:238,
                 from ../Drivers/STM32F1xx_HAL_Driver/Inc/stm32f1xx_hal.h:30,
                 from ../Core/Inc/main.h:30,
                 from ../Core/Src/main.c:20:
../Drivers/STM32F1xx_HAL_Driver/Inc/stm32f1xx_hal_rcc_ex.h:230:3: error: unknown type name 'uint32_t'
  230 |   uint32_t OscillatorType;       /*!< The oscillators to be configured.
      |   ^~~~~~~~
../Drivers/STM32F1xx_HAL_Driver/Inc/stm32f1xx_hal_rcc_ex.h:238:3: error: unknown type name 'uint32_t'
  238 |   uint32_t HSEState;              /*!< The new state of the HSE.
      |   ^~~~~~~~
../Drivers/STM32F1xx_HAL_Driver/Inc/stm32f1xx_hal_rcc_ex.h:241:3: error: unknown type name 'uint32_t'
  241 |   uint32_t HSEPredivValue;       /*!<  The Prediv1 factor value (named PREDIV1 or PLLXTPRE in RM)
      |   ^~~~~~~~
../Drivers/STM32F1xx_HAL_Driver/Inc/stm32f1xx_hal_rcc_ex.h:244:3: error: unknown type name 'uint32_t'
  244 |   uint32_t LSEState;              /*!<  The new state of the LSE.
      |   ^~~~~~~~
../Drivers/STM32F1xx_HAL_Driver/Inc/stm32f1xx_hal_rcc_ex.h:247:3: error: unknown type name 'uint32_t'
  247 |   uint32_t HSIState;              /*!< The new state of the HSI.
      |   ^~~~~~~~
../Drivers/STM32F1xx_HAL_Driver/Inc/stm32f1xx_hal_rcc_ex.h:250:3: error: unknown type name 'uint32_t'
  250 |   uint32_t HSICalibrationValue;   /*!< The HSI calibration trimming value (default is RCC_HSICALIBRATION_DEFAULT).
      |   ^~~~~~~~
../Drivers/STM32F1xx_HAL_Driver/Inc/stm32f1xx_hal_rcc_ex.h:253:3: error: unknown type name 'uint32_t'
  253 |   uint32_t LSIState;              /*!<  The new state of the LSI.
      |   ^~~~~~~~
../Drivers/STM32F1xx_HAL_Driver/Inc/stm32f1xx_hal_rcc_ex.h:256:3: error: expected specifier-qualifier-list before 'RCC_PLLInitTypeDef'
  256 |   RCC_PLLInitTypeDef PLL;         /*!< PLL structure parameters */
      |   ^~~~~~~~~~~~~~~~~~
../Drivers/STM32F1xx_HAL_Driver/Inc/stm32f1xx_hal_rcc_ex.h:261:3: error: storage class specified for parameter 'RCC_OscInitTypeDef'
  261 | } RCC_OscInitTypeDef;
      |   ^~~~~~~~~~~~~~~~~~
../Drivers/STM32F1xx_HAL_Driver/Inc/stm32f1xx_hal_rcc_ex.h:285:3: error: unknown type name 'uint32_t'
  285 |   uint32_t PeriphClockSelection;      /*!< The Extended Clock to be configured.
      |   ^~~~~~~~
../Drivers/STM32F1xx_HAL_Driver/Inc/stm32f1xx_hal_rcc_ex.h:288:3: error: unknown type name 'uint32_t'
  288 |   uint32_t RTCClockSelection;         /*!< specifies the RTC clock source.
      |   ^~~~~~~~
../Drivers/STM32F1xx_HAL_Driver/Inc/stm32f1xx_hal_rcc_ex.h:291:3: error: unknown type name 'uint32_t'
  291 |   uint32_t AdcClockSelection;         /*!< ADC clock source
      |   ^~~~~~~~
../Drivers/STM32F1xx_HAL_Driver/Inc/stm32f1xx_hal_rcc_ex.h:312:3: error: unknown type name 'uint32_t'
  312 |   uint32_t UsbClockSelection;         /*!< USB clock source
      |   ^~~~~~~~
../Drivers/STM32F1xx_HAL_Driver/Inc/stm32f1xx_hal_rcc_ex.h:316:3: error: storage class specified for parameter 'RCC_PeriphCLKInitTypeDef'
  316 | } RCC_PeriphCLKInitTypeDef;
      |   ^~~~~~~~~~~~~~~~~~~~~~~~
../Drivers/STM32F1xx_HAL_Driver/Inc/stm32f1xx_hal_rcc_ex.h:1859:1: error: expected declaration specifiers before 'HAL_StatusTypeDef'
 1859 | HAL_StatusTypeDef HAL_RCCEx_PeriphCLKConfig(RCC_PeriphCLKInitTypeDef  *PeriphClkInit);
      | ^~~~~~~~~~~~~~~~~
../Drivers/STM32F1xx_HAL_Driver/Inc/stm32f1xx_hal_rcc_ex.h:1860:48: error: expected declaration specifiers or '...' before 'RCC_PeriphCLKInitTypeDef'
 1860 | void              HAL_RCCEx_GetPeriphCLKConfig(RCC_PeriphCLKInitTypeDef  *PeriphClkInit);
      |                                                ^~~~~~~~~~~~~~~~~~~~~~~~
../Drivers/STM32F1xx_HAL_Driver/Inc/stm32f1xx_hal_rcc_ex.h:1861:1: error: unknown type name 'uint32_t'
 1861 | uint32_t          HAL_RCCEx_GetPeriphCLKFreq(uint32_t PeriphClk);
      | ^~~~~~~~
../Drivers/STM32F1xx_HAL_Driver/Inc/stm32f1xx_hal_rcc_ex.h:1861:46: error: unknown type name 'uint32_t'
 1861 | uint32_t          HAL_RCCEx_GetPeriphCLKFreq(uint32_t PeriphClk);
      |                                              ^~~~~~~~
In file included from ../Core/Inc/stm32f1xx_hal_conf.h:238,
                 from ../Drivers/STM32F1xx_HAL_Driver/Inc/stm32f1xx_hal.h:30,
                 from ../Core/Inc/main.h:30,
                 from ../Core/Src/main.c:20:
../Drivers/STM32F1xx_HAL_Driver/Inc/stm32f1xx_hal_rcc.h:1156:1: error: expected declaration specifiers before 'HAL_StatusTypeDef'
 1156 | HAL_StatusTypeDef HAL_RCC_DeInit(void);
      | ^~~~~~~~~~~~~~~~~
../Drivers/STM32F1xx_HAL_Driver/Inc/stm32f1xx_hal_rcc.h:1157:1: error: expected declaration specifiers before 'HAL_StatusTypeDef'
 1157 | HAL_StatusTypeDef HAL_RCC_OscConfig(RCC_OscInitTypeDef  *RCC_OscInitStruct);
      | ^~~~~~~~~~~~~~~~~
../Drivers/STM32F1xx_HAL_Driver/Inc/stm32f1xx_hal_rcc.h:1158:1: error: expected declaration specifiers before 'HAL_StatusTypeDef'
 1158 | HAL_StatusTypeDef HAL_RCC_ClockConfig(RCC_ClkInitTypeDef  *RCC_ClkInitStruct, uint32_t FLatency);
      | ^~~~~~~~~~~~~~~~~
../Drivers/STM32F1xx_HAL_Driver/Inc/stm32f1xx_hal_rcc.h:1169:37: error: unknown type name 'uint32_t'
 1169 | void              HAL_RCC_MCOConfig(uint32_t RCC_MCOx, uint32_t RCC_MCOSource, uint32_t RCC_MCODiv);
      |                                     ^~~~~~~~
../Drivers/STM32F1xx_HAL_Driver/Inc/stm32f1xx_hal_rcc.h:1169:56: error: unknown type name 'uint32_t'
 1169 | void              HAL_RCC_MCOConfig(uint32_t RCC_MCOx, uint32_t RCC_MCOSource, uint32_t RCC_MCODiv);
      |                                                        ^~~~~~~~
../Drivers/STM32F1xx_HAL_Driver/Inc/stm32f1xx_hal_rcc.h:1169:80: error: unknown type name 'uint32_t'
 1169 | void              HAL_RCC_MCOConfig(uint32_t RCC_MCOx, uint32_t RCC_MCOSource, uint32_t RCC_MCODiv);
      |                                                                                ^~~~~~~~
../Drivers/STM32F1xx_HAL_Driver/Inc/stm32f1xx_hal_rcc.h:1172:1: error: unknown type name 'uint32_t'
 1172 | uint32_t          HAL_RCC_GetSysClockFreq(void);
      | ^~~~~~~~
../Drivers/STM32F1xx_HAL_Driver/Inc/stm32f1xx_hal_rcc.h:1173:1: error: unknown type name 'uint32_t'
 1173 | uint32_t          HAL_RCC_GetHCLKFreq(void);
      | ^~~~~~~~
../Drivers/STM32F1xx_HAL_Driver/Inc/stm32f1xx_hal_rcc.h:1174:1: error: unknown type name 'uint32_t'
 1174 | uint32_t          HAL_RCC_GetPCLK1Freq(void);
      | ^~~~~~~~
../Drivers/STM32F1xx_HAL_Driver/Inc/stm32f1xx_hal_rcc.h:1175:1: error: unknown type name 'uint32_t'
 1175 | uint32_t          HAL_RCC_GetPCLK2Freq(void);
      | ^~~~~~~~
../Drivers/STM32F1xx_HAL_Driver/Inc/stm32f1xx_hal_rcc.h:1176:40: error: expected declaration specifiers or '...' before 'RCC_OscInitTypeDef'
 1176 | void              HAL_RCC_GetOscConfig(RCC_OscInitTypeDef  *RCC_OscInitStruct);
      |                                        ^~~~~~~~~~~~~~~~~~
../Drivers/STM32F1xx_HAL_Driver/Inc/stm32f1xx_hal_rcc.h:1177:42: error: expected declaration specifiers or '...' before 'RCC_ClkInitTypeDef'
 1177 | void              HAL_RCC_GetClockConfig(RCC_ClkInitTypeDef  *RCC_ClkInitStruct, uint32_t *pFLatency);
      |                                          ^~~~~~~~~~~~~~~~~~
../Drivers/STM32F1xx_HAL_Driver/Inc/stm32f1xx_hal_rcc.h:1177:82: error: unknown type name 'uint32_t'
 1177 | void              HAL_RCC_GetClockConfig(RCC_ClkInitTypeDef  *RCC_ClkInitStruct, uint32_t *pFLatency);
      |                                                                                  ^~~~~~~~
In file included from ../Core/Inc/stm32f1xx_hal_conf.h:242,
                 from ../Drivers/STM32F1xx_HAL_Driver/Inc/stm32f1xx_hal.h:30,
                 from ../Core/Inc/main.h:30,
                 from ../Core/Src/main.c:20:
../Drivers/STM32F1xx_HAL_Driver/Inc/stm32f1xx_hal_gpio.h:49:3: error: unknown type name 'uint32_t'
   49 |   uint32_t Pin;       /*!< Specifies the GPIO pins to be configured.
      |   ^~~~~~~~
../Drivers/STM32F1xx_HAL_Driver/Inc/stm32f1xx_hal_gpio.h:52:3: error: unknown type name 'uint32_t'
   52 |   uint32_t Mode;      /*!< Specifies the operating mode for the selected pins.
      |   ^~~~~~~~
../Drivers/STM32F1xx_HAL_Driver/Inc/stm32f1xx_hal_gpio.h:55:3: error: unknown type name 'uint32_t'
   55 |   uint32_t Pull;      /*!< Specifies the Pull-up or Pull-Down activation for the selected pins.
      |   ^~~~~~~~
../Drivers/STM32F1xx_HAL_Driver/Inc/stm32f1xx_hal_gpio.h:58:3: error: unknown type name 'uint32_t'
   58 |   uint32_t Speed;     /*!< Specifies the speed for the selected pins.
      |   ^~~~~~~~
../Drivers/STM32F1xx_HAL_Driver/Inc/stm32f1xx_hal_gpio.h:60:3: error: storage class specified for parameter 'GPIO_InitTypeDef'
   60 | } GPIO_InitTypeDef;
      |   ^~~~~~~~~~~~~~~~
../Drivers/STM32F1xx_HAL_Driver/Inc/stm32f1xx_hal_gpio.h:69:3: error: storage class specified for parameter 'GPIO_PinState'
   69 | } GPIO_PinState;
      |   ^~~~~~~~~~~~~
In file included from ../Drivers/STM32F1xx_HAL_Driver/Inc/stm32f1xx_hal_gpio.h:213,
                 from ../Core/Inc/stm32f1xx_hal_conf.h:242,
                 from ../Drivers/STM32F1xx_HAL_Driver/Inc/stm32f1xx_hal.h:30,
                 from ../Core/Inc/main.h:30,
                 from ../Core/Src/main.c:20:
../Drivers/STM32F1xx_HAL_Driver/Inc/stm32f1xx_hal_gpio_ex.h:868:32: error: unknown type name 'uint32_t'
  868 | void HAL_GPIOEx_ConfigEventout(uint32_t GPIO_PortSource, uint32_t GPIO_PinSource);
      |                                ^~~~~~~~
../Drivers/STM32F1xx_HAL_Driver/Inc/stm32f1xx_hal_gpio_ex.h:868:58: error: unknown type name 'uint32_t'
  868 | void HAL_GPIOEx_ConfigEventout(uint32_t GPIO_PortSource, uint32_t GPIO_PinSource);
      |                                                          ^~~~~~~~
In file included from ../Core/Inc/stm32f1xx_hal_conf.h:242,
                 from ../Drivers/STM32F1xx_HAL_Driver/Inc/stm32f1xx_hal.h:30,
                 from ../Core/Inc/main.h:30,
                 from ../Core/Src/main.c:20:
../Drivers/STM32F1xx_HAL_Driver/Inc/stm32f1xx_hal_gpio.h:224:21: error: expected declaration specifiers or '...' before 'GPIO_TypeDef'
  224 | void  HAL_GPIO_Init(GPIO_TypeDef  *GPIOx, GPIO_InitTypeDef *GPIO_Init);
      |                     ^~~~~~~~~~~~
../Drivers/STM32F1xx_HAL_Driver/Inc/stm32f1xx_hal_gpio.h:224:43: error: expected declaration specifiers or '...' before 'GPIO_InitTypeDef'
  224 | void  HAL_GPIO_Init(GPIO_TypeDef  *GPIOx, GPIO_InitTypeDef *GPIO_Init);
      |                                           ^~~~~~~~~~~~~~~~
../Drivers/STM32F1xx_HAL_Driver/Inc/stm32f1xx_hal_gpio.h:225:23: error: expected declaration specifiers or '...' before 'GPIO_TypeDef'
  225 | void  HAL_GPIO_DeInit(GPIO_TypeDef  *GPIOx, uint32_t GPIO_Pin);
      |                       ^~~~~~~~~~~~
../Drivers/STM32F1xx_HAL_Driver/Inc/stm32f1xx_hal_gpio.h:225:45: error: unknown type name 'uint32_t'
  225 | void  HAL_GPIO_DeInit(GPIO_TypeDef  *GPIOx, uint32_t GPIO_Pin);
      |                                             ^~~~~~~~
../Drivers/STM32F1xx_HAL_Driver/Inc/stm32f1xx_hal_gpio.h:234:1: error: expected declaration specifiers before 'GPIO_PinState'
  234 | GPIO_PinState HAL_GPIO_ReadPin(GPIO_TypeDef *GPIOx, uint16_t GPIO_Pin);
      | ^~~~~~~~~~~~~
../Drivers/STM32F1xx_HAL_Driver/Inc/stm32f1xx_hal_gpio.h:235:24: error: expected declaration specifiers or '...' before 'GPIO_TypeDef'
  235 | void HAL_GPIO_WritePin(GPIO_TypeDef *GPIOx, uint16_t GPIO_Pin, GPIO_PinState PinState);
      |                        ^~~~~~~~~~~~
../Drivers/STM32F1xx_HAL_Driver/Inc/stm32f1xx_hal_gpio.h:235:45: error: unknown type name 'uint16_t'
  235 | void HAL_GPIO_WritePin(GPIO_TypeDef *GPIOx, uint16_t GPIO_Pin, GPIO_PinState PinState);
      |                                             ^~~~~~~~
../Drivers/STM32F1xx_HAL_Driver/Inc/stm32f1xx_hal_gpio.h:235:64: error: expected declaration specifiers or '...' before 'GPIO_PinState'
  235 | void HAL_GPIO_WritePin(GPIO_TypeDef *GPIOx, uint16_t GPIO_Pin, GPIO_PinState PinState);
      |                                                                ^~~~~~~~~~~~~
../Drivers/STM32F1xx_HAL_Driver/Inc/stm32f1xx_hal_gpio.h:236:25: error: expected declaration specifiers or '...' before 'GPIO_TypeDef'
  236 | void HAL_GPIO_TogglePin(GPIO_TypeDef *GPIOx, uint16_t GPIO_Pin);
      |                         ^~~~~~~~~~~~
../Drivers/STM32F1xx_HAL_Driver/Inc/stm32f1xx_hal_gpio.h:236:46: error: unknown type name 'uint16_t'
  236 | void HAL_GPIO_TogglePin(GPIO_TypeDef *GPIOx, uint16_t GPIO_Pin);
      |                                              ^~~~~~~~
../Drivers/STM32F1xx_HAL_Driver/Inc/stm32f1xx_hal_gpio.h:237:1: error: expected declaration specifiers before 'HAL_StatusTypeDef'
  237 | HAL_StatusTypeDef HAL_GPIO_LockPin(GPIO_TypeDef *GPIOx, uint16_t GPIO_Pin);
      | ^~~~~~~~~~~~~~~~~
../Drivers/STM32F1xx_HAL_Driver/Inc/stm32f1xx_hal_gpio.h:238:31: error: unknown type name 'uint16_t'
  238 | void HAL_GPIO_EXTI_IRQHandler(uint16_t GPIO_Pin);
      |                               ^~~~~~~~
../Drivers/STM32F1xx_HAL_Driver/Inc/stm32f1xx_hal_gpio.h:239:29: error: unknown type name 'uint16_t'
  239 | void HAL_GPIO_EXTI_Callback(uint16_t GPIO_Pin);
      |                             ^~~~~~~~
In file included from ../Core/Inc/stm32f1xx_hal_conf.h:246,
                 from ../Drivers/STM32F1xx_HAL_Driver/Inc/stm32f1xx_hal.h:30,
                 from ../Core/Inc/main.h:30,
                 from ../Core/Src/main.c:20:
../Drivers/STM32F1xx_HAL_Driver/Inc/stm32f1xx_hal_exti.h:52:3: error: storage class specified for parameter 'EXTI_CallbackIDTypeDef'
   52 | } EXTI_CallbackIDTypeDef;
      |   ^~~~~~~~~~~~~~~~~~~~~~
../Drivers/STM32F1xx_HAL_Driver/Inc/stm32f1xx_hal_exti.h:59:3: error: unknown type name 'uint32_t'
   59 |   uint32_t Line;                    /*!<  Exti line number */
      |   ^~~~~~~~
../Drivers/STM32F1xx_HAL_Driver/Inc/stm32f1xx_hal_exti.h:61:3: error: storage class specified for parameter 'EXTI_HandleTypeDef'
   61 | } EXTI_HandleTypeDef;
      |   ^~~~~~~~~~~~~~~~~~
../Drivers/STM32F1xx_HAL_Driver/Inc/stm32f1xx_hal_exti.h:68:3: error: unknown type name 'uint32_t'
   68 |   uint32_t Line;      /*!< The Exti line to be configured. This parameter
      |   ^~~~~~~~
../Drivers/STM32F1xx_HAL_Driver/Inc/stm32f1xx_hal_exti.h:70:3: error: unknown type name 'uint32_t'
   70 |   uint32_t Mode;      /*!< The Exit Mode to be configured for a core.
      |   ^~~~~~~~
../Drivers/STM32F1xx_HAL_Driver/Inc/stm32f1xx_hal_exti.h:72:3: error: unknown type name 'uint32_t'
   72 |   uint32_t Trigger;   /*!< The Exti Trigger to be configured. This parameter
      |   ^~~~~~~~
../Drivers/STM32F1xx_HAL_Driver/Inc/stm32f1xx_hal_exti.h:74:3: error: unknown type name 'uint32_t'
   74 |   uint32_t GPIOSel;   /*!< The Exti GPIO multiplexer selection to be configured.
      |   ^~~~~~~~
../Drivers/STM32F1xx_HAL_Driver/Inc/stm32f1xx_hal_exti.h:77:3: error: storage class specified for parameter 'EXTI_ConfigTypeDef'
   77 | } EXTI_ConfigTypeDef;
      |   ^~~~~~~~~~~~~~~~~~
In file included from ../Core/Inc/stm32f1xx_hal_conf.h:246,
                 from ../Drivers/STM32F1xx_HAL_Driver/Inc/stm32f1xx_hal.h:30,
                 from ../Core/Inc/main.h:30,
                 from ../Core/Src/main.c:20:
../Drivers/STM32F1xx_HAL_Driver/Inc/stm32f1xx_hal_exti.h:279:1: error: expected declaration specifiers before 'HAL_StatusTypeDef'
  279 | HAL_StatusTypeDef HAL_EXTI_SetConfigLine(EXTI_HandleTypeDef *hexti, EXTI_ConfigTypeDef *pExtiConfig);
      | ^~~~~~~~~~~~~~~~~
../Drivers/STM32F1xx_HAL_Driver/Inc/stm32f1xx_hal_exti.h:280:1: error: expected declaration specifiers before 'HAL_StatusTypeDef'
  280 | HAL_StatusTypeDef HAL_EXTI_GetConfigLine(EXTI_HandleTypeDef *hexti, EXTI_ConfigTypeDef *pExtiConfig);
      | ^~~~~~~~~~~~~~~~~
../Drivers/STM32F1xx_HAL_Driver/Inc/stm32f1xx_hal_exti.h:281:1: error: expected declaration specifiers before 'HAL_StatusTypeDef'
  281 | HAL_StatusTypeDef HAL_EXTI_ClearConfigLine(EXTI_HandleTypeDef *hexti);
      | ^~~~~~~~~~~~~~~~~
../Drivers/STM32F1xx_HAL_Driver/Inc/stm32f1xx_hal_exti.h:282:1: error: expected declaration specifiers before 'HAL_StatusTypeDef'
  282 | HAL_StatusTypeDef HAL_EXTI_RegisterCallback(EXTI_HandleTypeDef *hexti, EXTI_CallbackIDTypeDef CallbackID, void (*pPendingCbfn)(void));
      | ^~~~~~~~~~~~~~~~~
../Drivers/STM32F1xx_HAL_Driver/Inc/stm32f1xx_hal_exti.h:283:1: error: expected declaration specifiers before 'HAL_StatusTypeDef'
  283 | HAL_StatusTypeDef HAL_EXTI_GetHandle(EXTI_HandleTypeDef *hexti, uint32_t ExtiLine);
      | ^~~~~~~~~~~~~~~~~
../Drivers/STM32F1xx_HAL_Driver/Inc/stm32f1xx_hal_exti.h:293:39: error: expected declaration specifiers or '...' before 'EXTI_HandleTypeDef'
  293 | void              HAL_EXTI_IRQHandler(EXTI_HandleTypeDef *hexti);
      |                                       ^~~~~~~~~~~~~~~~~~
../Drivers/STM32F1xx_HAL_Driver/Inc/stm32f1xx_hal_exti.h:294:1: error: unknown type name 'uint32_t'
  294 | uint32_t          HAL_EXTI_GetPending(EXTI_HandleTypeDef *hexti, uint32_t Edge);
      | ^~~~~~~~
../Drivers/STM32F1xx_HAL_Driver/Inc/stm32f1xx_hal_exti.h:294:39: error: expected declaration specifiers or '...' before 'EXTI_HandleTypeDef'
  294 | uint32_t          HAL_EXTI_GetPending(EXTI_HandleTypeDef *hexti, uint32_t Edge);
      |                                       ^~~~~~~~~~~~~~~~~~
../Drivers/STM32F1xx_HAL_Driver/Inc/stm32f1xx_hal_exti.h:294:66: error: unknown type name 'uint32_t'
  294 | uint32_t          HAL_EXTI_GetPending(EXTI_HandleTypeDef *hexti, uint32_t Edge);
      |                                                                  ^~~~~~~~
../Drivers/STM32F1xx_HAL_Driver/Inc/stm32f1xx_hal_exti.h:295:41: error: expected declaration specifiers or '...' before 'EXTI_HandleTypeDef'
  295 | void              HAL_EXTI_ClearPending(EXTI_HandleTypeDef *hexti, uint32_t Edge);
      |                                         ^~~~~~~~~~~~~~~~~~
../Drivers/STM32F1xx_HAL_Driver/Inc/stm32f1xx_hal_exti.h:295:68: error: unknown type name 'uint32_t'
  295 | void              HAL_EXTI_ClearPending(EXTI_HandleTypeDef *hexti, uint32_t Edge);
      |                                                                    ^~~~~~~~
../Drivers/STM32F1xx_HAL_Driver/Inc/stm32f1xx_hal_exti.h:296:40: error: expected declaration specifiers or '...' before 'EXTI_HandleTypeDef'
  296 | void              HAL_EXTI_GenerateSWI(EXTI_HandleTypeDef *hexti);
      |                                        ^~~~~~~~~~~~~~~~~~
In file included from ../Core/Inc/stm32f1xx_hal_conf.h:250,
                 from ../Drivers/STM32F1xx_HAL_Driver/Inc/stm32f1xx_hal.h:30,
                 from ../Core/Inc/main.h:30,
                 from ../Core/Src/main.c:20:
../Drivers/STM32F1xx_HAL_Driver/Inc/stm32f1xx_hal_dma.h:50:3: error: unknown type name 'uint32_t'
   50 |   uint32_t Direction;                 /*!< Specifies if the data will be transferred from memory to peripheral,
      |   ^~~~~~~~
../Drivers/STM32F1xx_HAL_Driver/Inc/stm32f1xx_hal_dma.h:54:3: error: unknown type name 'uint32_t'
   54 |   uint32_t PeriphInc;                 /*!< Specifies whether the Peripheral address register should be incremented or not.
      |   ^~~~~~~~
../Drivers/STM32F1xx_HAL_Driver/Inc/stm32f1xx_hal_dma.h:57:3: error: unknown type name 'uint32_t'
   57 |   uint32_t MemInc;                    /*!< Specifies whether the memory address register should be incremented or not.
      |   ^~~~~~~~
../Drivers/STM32F1xx_HAL_Driver/Inc/stm32f1xx_hal_dma.h:60:3: error: unknown type name 'uint32_t'
   60 |   uint32_t PeriphDataAlignment;       /*!< Specifies the Peripheral data width.
      |   ^~~~~~~~
../Drivers/STM32F1xx_HAL_Driver/Inc/stm32f1xx_hal_dma.h:63:3: error: unknown type name 'uint32_t'
   63 |   uint32_t MemDataAlignment;          /*!< Specifies the Memory data width.
      |   ^~~~~~~~
../Drivers/STM32F1xx_HAL_Driver/Inc/stm32f1xx_hal_dma.h:66:3: error: unknown type name 'uint32_t'
   66 |   uint32_t Mode;                      /*!< Specifies the operation mode of the DMAy Channelx.
      |   ^~~~~~~~
../Drivers/STM32F1xx_HAL_Driver/Inc/stm32f1xx_hal_dma.h:71:3: error: unknown type name 'uint32_t'
   71 |   uint32_t Priority;                  /*!< Specifies the software priority for the DMAy Channelx.
      |   ^~~~~~~~
../Drivers/STM32F1xx_HAL_Driver/Inc/stm32f1xx_hal_dma.h:73:3: error: storage class specified for parameter 'DMA_InitTypeDef'
   73 | } DMA_InitTypeDef;
      |   ^~~~~~~~~~~~~~~
../Drivers/STM32F1xx_HAL_Driver/Inc/stm32f1xx_hal_dma.h:84:2: error: storage class specified for parameter 'HAL_DMA_StateTypeDef'
   84 | }HAL_DMA_StateTypeDef;
      |  ^~~~~~~~~~~~~~~~~~~~
../Drivers/STM32F1xx_HAL_Driver/Inc/stm32f1xx_hal_dma.h:93:2: error: storage class specified for parameter 'HAL_DMA_LevelCompleteTypeDef'
   93 | }HAL_DMA_LevelCompleteTypeDef;
      |  ^~~~~~~~~~~~~~~~~~~~~~~~~~~~
../Drivers/STM32F1xx_HAL_Driver/Inc/stm32f1xx_hal_dma.h:106:2: error: storage class specified for parameter 'HAL_DMA_CallbackIDTypeDef'
  106 | }HAL_DMA_CallbackIDTypeDef;
      |  ^~~~~~~~~~~~~~~~~~~~~~~~~
../Drivers/STM32F1xx_HAL_Driver/Inc/stm32f1xx_hal_dma.h:113:3: error: expected specifier-qualifier-list before 'DMA_Channel_TypeDef'
  113 |   DMA_Channel_TypeDef   *Instance;                       /*!< Register base address                  */
      |   ^~~~~~~~~~~~~~~~~~~
In file included from ../Core/Inc/stm32f1xx_hal_conf.h:250,
                 from ../Drivers/STM32F1xx_HAL_Driver/Inc/stm32f1xx_hal.h:30,
                 from ../Core/Inc/main.h:30,
                 from ../Core/Src/main.c:20:
../Drivers/STM32F1xx_HAL_Driver/Inc/stm32f1xx_hal_dma.h:137:3: error: storage class specified for parameter 'DMA_HandleTypeDef'
  137 | } DMA_HandleTypeDef;
      |   ^~~~~~~~~~~~~~~~~
In file included from ../Core/Inc/stm32f1xx_hal_conf.h:250,
                 from ../Drivers/STM32F1xx_HAL_Driver/Inc/stm32f1xx_hal.h:30,
                 from ../Core/Inc/main.h:30,
                 from ../Core/Src/main.c:20:
../Drivers/STM32F1xx_HAL_Driver/Inc/stm32f1xx_hal_dma.h:367:1: error: expected declaration specifiers before 'HAL_StatusTypeDef'
  367 | HAL_StatusTypeDef HAL_DMA_Init(DMA_HandleTypeDef *hdma);
      | ^~~~~~~~~~~~~~~~~
../Drivers/STM32F1xx_HAL_Driver/Inc/stm32f1xx_hal_dma.h:368:1: error: expected declaration specifiers before 'HAL_StatusTypeDef'
  368 | HAL_StatusTypeDef HAL_DMA_DeInit (DMA_HandleTypeDef *hdma);
      | ^~~~~~~~~~~~~~~~~
../Drivers/STM32F1xx_HAL_Driver/Inc/stm32f1xx_hal_dma.h:377:1: error: expected declaration specifiers before 'HAL_StatusTypeDef'
  377 | HAL_StatusTypeDef HAL_DMA_Start (DMA_HandleTypeDef *hdma, uint32_t SrcAddress, uint32_t DstAddress, uint32_t DataLength);
      | ^~~~~~~~~~~~~~~~~
../Drivers/STM32F1xx_HAL_Driver/Inc/stm32f1xx_hal_dma.h:378:1: error: expected declaration specifiers before 'HAL_StatusTypeDef'
  378 | HAL_StatusTypeDef HAL_DMA_Start_IT(DMA_HandleTypeDef *hdma, uint32_t SrcAddress, uint32_t DstAddress, uint32_t DataLength);
      | ^~~~~~~~~~~~~~~~~
../Drivers/STM32F1xx_HAL_Driver/Inc/stm32f1xx_hal_dma.h:379:1: error: expected declaration specifiers before 'HAL_StatusTypeDef'
  379 | HAL_StatusTypeDef HAL_DMA_Abort(DMA_HandleTypeDef *hdma);
      | ^~~~~~~~~~~~~~~~~
../Drivers/STM32F1xx_HAL_Driver/Inc/stm32f1xx_hal_dma.h:380:1: error: expected declaration specifiers before 'HAL_StatusTypeDef'
  380 | HAL_StatusTypeDef HAL_DMA_Abort_IT(DMA_HandleTypeDef *hdma);
      | ^~~~~~~~~~~~~~~~~
../Drivers/STM32F1xx_HAL_Driver/Inc/stm32f1xx_hal_dma.h:381:1: error: expected declaration specifiers before 'HAL_StatusTypeDef'
  381 | HAL_StatusTypeDef HAL_DMA_PollForTransfer(DMA_HandleTypeDef *hdma, uint32_t CompleteLevel, uint32_t Timeout);
      | ^~~~~~~~~~~~~~~~~
../Drivers/STM32F1xx_HAL_Driver/Inc/stm32f1xx_hal_dma.h:382:25: error: expected declaration specifiers or '...' before 'DMA_HandleTypeDef'
  382 | void HAL_DMA_IRQHandler(DMA_HandleTypeDef *hdma);
      |                         ^~~~~~~~~~~~~~~~~
../Drivers/STM32F1xx_HAL_Driver/Inc/stm32f1xx_hal_dma.h:383:1: error: expected declaration specifiers before 'HAL_StatusTypeDef'
  383 | HAL_StatusTypeDef HAL_DMA_RegisterCallback(DMA_HandleTypeDef *hdma, HAL_DMA_CallbackIDTypeDef CallbackID, void (* pCallback)( DMA_HandleTypeDef * _hdma));
      | ^~~~~~~~~~~~~~~~~
In file included from ../Core/Inc/stm32f1xx_hal_conf.h:250,
                 from ../Drivers/STM32F1xx_HAL_Driver/Inc/stm32f1xx_hal.h:30,
                 from ../Core/Inc/main.h:30,
                 from ../Core/Src/main.c:20:
../Drivers/STM32F1xx_HAL_Driver/Inc/stm32f1xx_hal_dma.h:384:1: error: expected declaration specifiers before 'HAL_StatusTypeDef'
  384 | HAL_StatusTypeDef HAL_DMA_UnRegisterCallback(DMA_HandleTypeDef *hdma, HAL_DMA_CallbackIDTypeDef CallbackID);
      | ^~~~~~~~~~~~~~~~~
../Drivers/STM32F1xx_HAL_Driver/Inc/stm32f1xx_hal_dma.h:394:1: error: expected declaration specifiers before 'HAL_DMA_StateTypeDef'
  394 | HAL_DMA_StateTypeDef HAL_DMA_GetState(DMA_HandleTypeDef *hdma);
      | ^~~~~~~~~~~~~~~~~~~~
../Drivers/STM32F1xx_HAL_Driver/Inc/stm32f1xx_hal_dma.h:395:1: error: unknown type name 'uint32_t'
  395 | uint32_t HAL_DMA_GetError(DMA_HandleTypeDef *hdma);
      | ^~~~~~~~
../Drivers/STM32F1xx_HAL_Driver/Inc/stm32f1xx_hal_dma.h:395:27: error: expected declaration specifiers or '...' before 'DMA_HandleTypeDef'
  395 | uint32_t HAL_DMA_GetError(DMA_HandleTypeDef *hdma);
      |                           ^~~~~~~~~~~~~~~~~
In file included from ../Core/Inc/stm32f1xx_hal_conf.h:270,
                 from ../Drivers/STM32F1xx_HAL_Driver/Inc/stm32f1xx_hal.h:30,
                 from ../Core/Inc/main.h:30,
                 from ../Core/Src/main.c:20:
../Drivers/STM32F1xx_HAL_Driver/Inc/stm32f1xx_hal_cortex.h:262:35: error: unknown type name 'uint32_t'
  262 | void HAL_NVIC_SetPriorityGrouping(uint32_t PriorityGroup);
      |                                   ^~~~~~~~
../Drivers/STM32F1xx_HAL_Driver/Inc/stm32f1xx_hal_cortex.h:263:27: error: unknown type name 'IRQn_Type'
  263 | void HAL_NVIC_SetPriority(IRQn_Type IRQn, uint32_t PreemptPriority, uint32_t SubPriority);
      |                           ^~~~~~~~~
../Drivers/STM32F1xx_HAL_Driver/Inc/stm32f1xx_hal_cortex.h:263:43: error: unknown type name 'uint32_t'
  263 | void HAL_NVIC_SetPriority(IRQn_Type IRQn, uint32_t PreemptPriority, uint32_t SubPriority);
      |                                           ^~~~~~~~
../Drivers/STM32F1xx_HAL_Driver/Inc/stm32f1xx_hal_cortex.h:263:69: error: unknown type name 'uint32_t'
  263 | void HAL_NVIC_SetPriority(IRQn_Type IRQn, uint32_t PreemptPriority, uint32_t SubPriority);
      |                                                                     ^~~~~~~~
../Drivers/STM32F1xx_HAL_Driver/Inc/stm32f1xx_hal_cortex.h:264:25: error: unknown type name 'IRQn_Type'
  264 | void HAL_NVIC_EnableIRQ(IRQn_Type IRQn);
      |                         ^~~~~~~~~
../Drivers/STM32F1xx_HAL_Driver/Inc/stm32f1xx_hal_cortex.h:265:26: error: unknown type name 'IRQn_Type'
  265 | void HAL_NVIC_DisableIRQ(IRQn_Type IRQn);
      |                          ^~~~~~~~~
../Drivers/STM32F1xx_HAL_Driver/Inc/stm32f1xx_hal_cortex.h:267:1: error: unknown type name 'uint32_t'
  267 | uint32_t HAL_SYSTICK_Config(uint32_t TicksNumb);
      | ^~~~~~~~
../Drivers/STM32F1xx_HAL_Driver/Inc/stm32f1xx_hal_cortex.h:267:29: error: unknown type name 'uint32_t'
  267 | uint32_t HAL_SYSTICK_Config(uint32_t TicksNumb);
      |                             ^~~~~~~~
../Drivers/STM32F1xx_HAL_Driver/Inc/stm32f1xx_hal_cortex.h:276:1: error: unknown type name 'uint32_t'
  276 | uint32_t HAL_NVIC_GetPriorityGrouping(void);
      | ^~~~~~~~
../Drivers/STM32F1xx_HAL_Driver/Inc/stm32f1xx_hal_cortex.h:277:27: error: unknown type name 'IRQn_Type'
  277 | void HAL_NVIC_GetPriority(IRQn_Type IRQn, uint32_t PriorityGroup, uint32_t* pPreemptPriority, uint32_t* pSubPriority);
      |                           ^~~~~~~~~
../Drivers/STM32F1xx_HAL_Driver/Inc/stm32f1xx_hal_cortex.h:277:43: error: unknown type name 'uint32_t'
  277 | void HAL_NVIC_GetPriority(IRQn_Type IRQn, uint32_t PriorityGroup, uint32_t* pPreemptPriority, uint32_t* pSubPriority);
      |                                           ^~~~~~~~
../Drivers/STM32F1xx_HAL_Driver/Inc/stm32f1xx_hal_cortex.h:277:67: error: unknown type name 'uint32_t'
  277 | void HAL_NVIC_GetPriority(IRQn_Type IRQn, uint32_t PriorityGroup, uint32_t* pPreemptPriority, uint32_t* pSubPriority);
      |                                                                   ^~~~~~~~
../Drivers/STM32F1xx_HAL_Driver/Inc/stm32f1xx_hal_cortex.h:277:95: error: unknown type name 'uint32_t'
  277 | void HAL_NVIC_GetPriority(IRQn_Type IRQn, uint32_t PriorityGroup, uint32_t* pPreemptPriority, uint32_t* pSubPriority);
      |                                                                                               ^~~~~~~~
../Drivers/STM32F1xx_HAL_Driver/Inc/stm32f1xx_hal_cortex.h:278:1: error: unknown type name 'uint32_t'
  278 | uint32_t HAL_NVIC_GetPendingIRQ(IRQn_Type IRQn);
      | ^~~~~~~~
../Drivers/STM32F1xx_HAL_Driver/Inc/stm32f1xx_hal_cortex.h:278:33: error: unknown type name 'IRQn_Type'
  278 | uint32_t HAL_NVIC_GetPendingIRQ(IRQn_Type IRQn);
      |                                 ^~~~~~~~~
../Drivers/STM32F1xx_HAL_Driver/Inc/stm32f1xx_hal_cortex.h:279:29: error: unknown type name 'IRQn_Type'
  279 | void HAL_NVIC_SetPendingIRQ(IRQn_Type IRQn);
      |                             ^~~~~~~~~
../Drivers/STM32F1xx_HAL_Driver/Inc/stm32f1xx_hal_cortex.h:280:31: error: unknown type name 'IRQn_Type'
  280 | void HAL_NVIC_ClearPendingIRQ(IRQn_Type IRQn);
      |                               ^~~~~~~~~
../Drivers/STM32F1xx_HAL_Driver/Inc/stm32f1xx_hal_cortex.h:281:1: error: unknown type name 'uint32_t'
  281 | uint32_t HAL_NVIC_GetActive(IRQn_Type IRQn);
      | ^~~~~~~~
../Drivers/STM32F1xx_HAL_Driver/Inc/stm32f1xx_hal_cortex.h:281:29: error: unknown type name 'IRQn_Type'
  281 | uint32_t HAL_NVIC_GetActive(IRQn_Type IRQn);
      |                             ^~~~~~~~~
../Drivers/STM32F1xx_HAL_Driver/Inc/stm32f1xx_hal_cortex.h:282:34: error: unknown type name 'uint32_t'
  282 | void HAL_SYSTICK_CLKSourceConfig(uint32_t CLKSource);
      |                                  ^~~~~~~~
In file included from ../Core/Inc/stm32f1xx_hal_conf.h:286,
                 from ../Drivers/STM32F1xx_HAL_Driver/Inc/stm32f1xx_hal.h:30,
                 from ../Core/Inc/main.h:30,
                 from ../Core/Src/main.c:20:
../Drivers/STM32F1xx_HAL_Driver/Inc/stm32f1xx_hal_flash.h:83:3: error: storage class specified for parameter 'FLASH_ProcedureTypeDef'
   83 | } FLASH_ProcedureTypeDef;
      |   ^~~~~~~~~~~~~~~~~~~~~~
../Drivers/STM32F1xx_HAL_Driver/Inc/stm32f1xx_hal_flash.h:90:31: error: expected ':', ',', ';', '}' or '__attribute__' before 'ProcedureOnGoing'
   90 |   __IO FLASH_ProcedureTypeDef ProcedureOnGoing; /*!< Internal variable to indicate which procedure is ongoing or not in IT context */
      |                               ^~~~~~~~~~~~~~~~
In file included from ../Core/Inc/stm32f1xx_hal_conf.h:286,
                 from ../Drivers/STM32F1xx_HAL_Driver/Inc/stm32f1xx_hal.h:30,
                 from ../Core/Inc/main.h:30,
                 from ../Core/Src/main.c:20:
../Drivers/STM32F1xx_HAL_Driver/Inc/stm32f1xx_hal_flash.h:102:3: error: storage class specified for parameter 'FLASH_ProcessTypeDef'
  102 | } FLASH_ProcessTypeDef;
      |   ^~~~~~~~~~~~~~~~~~~~
In file included from ../Drivers/STM32F1xx_HAL_Driver/Inc/stm32f1xx_hal_flash.h:248,
                 from ../Core/Inc/stm32f1xx_hal_conf.h:286,
                 from ../Drivers/STM32F1xx_HAL_Driver/Inc/stm32f1xx_hal.h:30,
                 from ../Core/Inc/main.h:30,
                 from ../Core/Src/main.c:20:
../Drivers/STM32F1xx_HAL_Driver/Inc/stm32f1xx_hal_flash_ex.h:172:3: error: unknown type name 'uint32_t'
  172 |   uint32_t TypeErase;   /*!< TypeErase: Mass erase or page erase.
      |   ^~~~~~~~
../Drivers/STM32F1xx_HAL_Driver/Inc/stm32f1xx_hal_flash_ex.h:175:3: error: unknown type name 'uint32_t'
  175 |   uint32_t Banks;       /*!< Select banks to erase when Mass erase is enabled.
      |   ^~~~~~~~
../Drivers/STM32F1xx_HAL_Driver/Inc/stm32f1xx_hal_flash_ex.h:178:3: error: unknown type name 'uint32_t'
  178 |   uint32_t PageAddress; /*!< PageAdress: Initial FLASH page address to erase when mass erase is disabled
      |   ^~~~~~~~
../Drivers/STM32F1xx_HAL_Driver/Inc/stm32f1xx_hal_flash_ex.h:182:3: error: unknown type name 'uint32_t'
  182 |   uint32_t NbPages;     /*!< NbPages: Number of pagess to be erased.
      |   ^~~~~~~~
../Drivers/STM32F1xx_HAL_Driver/Inc/stm32f1xx_hal_flash_ex.h:185:3: error: storage class specified for parameter 'FLASH_EraseInitTypeDef'
  185 | } FLASH_EraseInitTypeDef;
      |   ^~~~~~~~~~~~~~~~~~~~~~
../Drivers/STM32F1xx_HAL_Driver/Inc/stm32f1xx_hal_flash_ex.h:192:3: error: unknown type name 'uint32_t'
  192 |   uint32_t OptionType;  /*!< OptionType: Option byte to be configured.
      |   ^~~~~~~~
../Drivers/STM32F1xx_HAL_Driver/Inc/stm32f1xx_hal_flash_ex.h:195:3: error: unknown type name 'uint32_t'
  195 |   uint32_t WRPState;    /*!< WRPState: Write protection activation or deactivation.
      |   ^~~~~~~~
../Drivers/STM32F1xx_HAL_Driver/Inc/stm32f1xx_hal_flash_ex.h:198:3: error: unknown type name 'uint32_t'
  198 |   uint32_t WRPPage;     /*!< WRPPage: specifies the page(s) to be write protected
      |   ^~~~~~~~
../Drivers/STM32F1xx_HAL_Driver/Inc/stm32f1xx_hal_flash_ex.h:201:3: error: unknown type name 'uint32_t'
  201 |   uint32_t Banks;        /*!< Select banks for WRP activation/deactivation of all sectors.
      |   ^~~~~~~~
../Drivers/STM32F1xx_HAL_Driver/Inc/stm32f1xx_hal_flash_ex.h:204:3: error: unknown type name 'uint8_t'
  204 |   uint8_t RDPLevel;     /*!< RDPLevel: Set the read protection level..
      |   ^~~~~~~
../Drivers/STM32F1xx_HAL_Driver/Inc/stm32f1xx_hal_flash_ex.h:213:3: error: unknown type name 'uint8_t'
  213 |   uint8_t USERConfig;   /*!< USERConfig: Program the FLASH User Option Byte:
      |   ^~~~~~~
../Drivers/STM32F1xx_HAL_Driver/Inc/stm32f1xx_hal_flash_ex.h:219:3: error: unknown type name 'uint32_t'
  219 |   uint32_t DATAAddress; /*!< DATAAddress: Address of the option byte DATA to be programmed
      |   ^~~~~~~~
../Drivers/STM32F1xx_HAL_Driver/Inc/stm32f1xx_hal_flash_ex.h:222:3: error: unknown type name 'uint8_t'
  222 |   uint8_t DATAData;     /*!< DATAData: Data to be stored in the option byte DATA
      |   ^~~~~~~
../Drivers/STM32F1xx_HAL_Driver/Inc/stm32f1xx_hal_flash_ex.h:224:3: error: storage class specified for parameter 'FLASH_OBProgramInitTypeDef'
  224 | } FLASH_OBProgramInitTypeDef;
      |   ^~~~~~~~~~~~~~~~~~~~~~~~~~
../Drivers/STM32F1xx_HAL_Driver/Inc/stm32f1xx_hal_flash_ex.h:750:1: error: expected declaration specifiers before 'HAL_StatusTypeDef'
  750 | HAL_StatusTypeDef  HAL_FLASHEx_Erase(FLASH_EraseInitTypeDef *pEraseInit, uint32_t *PageError);
      | ^~~~~~~~~~~~~~~~~
../Drivers/STM32F1xx_HAL_Driver/Inc/stm32f1xx_hal_flash_ex.h:751:1: error: expected declaration specifiers before 'HAL_StatusTypeDef'
  751 | HAL_StatusTypeDef  HAL_FLASHEx_Erase_IT(FLASH_EraseInitTypeDef *pEraseInit);
      | ^~~~~~~~~~~~~~~~~
../Drivers/STM32F1xx_HAL_Driver/Inc/stm32f1xx_hal_flash_ex.h:761:1: error: expected declaration specifiers before 'HAL_StatusTypeDef'
  761 | HAL_StatusTypeDef  HAL_FLASHEx_OBErase(void);
      | ^~~~~~~~~~~~~~~~~
../Drivers/STM32F1xx_HAL_Driver/Inc/stm32f1xx_hal_flash_ex.h:762:1: error: expected declaration specifiers before 'HAL_StatusTypeDef'
  762 | HAL_StatusTypeDef  HAL_FLASHEx_OBProgram(FLASH_OBProgramInitTypeDef *pOBInit);
      | ^~~~~~~~~~~~~~~~~
../Drivers/STM32F1xx_HAL_Driver/Inc/stm32f1xx_hal_flash_ex.h:763:44: error: expected declaration specifiers or '...' before 'FLASH_OBProgramInitTypeDef'
  763 | void               HAL_FLASHEx_OBGetConfig(FLASH_OBProgramInitTypeDef *pOBInit);
      |                                            ^~~~~~~~~~~~~~~~~~~~~~~~~~
../Drivers/STM32F1xx_HAL_Driver/Inc/stm32f1xx_hal_flash_ex.h:764:1: error: unknown type name 'uint32_t'
  764 | uint32_t           HAL_FLASHEx_OBGetUserData(uint32_t DATAAdress);
      | ^~~~~~~~
../Drivers/STM32F1xx_HAL_Driver/Inc/stm32f1xx_hal_flash_ex.h:764:46: error: unknown type name 'uint32_t'
  764 | uint32_t           HAL_FLASHEx_OBGetUserData(uint32_t DATAAdress);
      |                                              ^~~~~~~~
In file included from ../Core/Inc/stm32f1xx_hal_conf.h:286,
                 from ../Drivers/STM32F1xx_HAL_Driver/Inc/stm32f1xx_hal.h:30,
                 from ../Core/Inc/main.h:30,
                 from ../Core/Src/main.c:20:
../Drivers/STM32F1xx_HAL_Driver/Inc/stm32f1xx_hal_flash.h:259:1: error: expected declaration specifiers before 'HAL_StatusTypeDef'
  259 | HAL_StatusTypeDef HAL_FLASH_Program(uint32_t TypeProgram, uint32_t Address, uint64_t Data);
      | ^~~~~~~~~~~~~~~~~
../Drivers/STM32F1xx_HAL_Driver/Inc/stm32f1xx_hal_flash.h:260:1: error: expected declaration specifiers before 'HAL_StatusTypeDef'
  260 | HAL_StatusTypeDef HAL_FLASH_Program_IT(uint32_t TypeProgram, uint32_t Address, uint64_t Data);
      | ^~~~~~~~~~~~~~~~~
../Drivers/STM32F1xx_HAL_Driver/Inc/stm32f1xx_hal_flash.h:265:45: error: unknown type name 'uint32_t'
  265 | void       HAL_FLASH_EndOfOperationCallback(uint32_t ReturnValue);
      |                                             ^~~~~~~~
../Drivers/STM32F1xx_HAL_Driver/Inc/stm32f1xx_hal_flash.h:266:45: error: unknown type name 'uint32_t'
  266 | void       HAL_FLASH_OperationErrorCallback(uint32_t ReturnValue);
      |                                             ^~~~~~~~
../Drivers/STM32F1xx_HAL_Driver/Inc/stm32f1xx_hal_flash.h:276:1: error: expected declaration specifiers before 'HAL_StatusTypeDef'
  276 | HAL_StatusTypeDef HAL_FLASH_Unlock(void);
      | ^~~~~~~~~~~~~~~~~
../Drivers/STM32F1xx_HAL_Driver/Inc/stm32f1xx_hal_flash.h:277:1: error: expected declaration specifiers before 'HAL_StatusTypeDef'
  277 | HAL_StatusTypeDef HAL_FLASH_Lock(void);
      | ^~~~~~~~~~~~~~~~~
../Drivers/STM32F1xx_HAL_Driver/Inc/stm32f1xx_hal_flash.h:278:1: error: expected declaration specifiers before 'HAL_StatusTypeDef'
  278 | HAL_StatusTypeDef HAL_FLASH_OB_Unlock(void);
      | ^~~~~~~~~~~~~~~~~
../Drivers/STM32F1xx_HAL_Driver/Inc/stm32f1xx_hal_flash.h:279:1: error: expected declaration specifiers before 'HAL_StatusTypeDef'
  279 | HAL_StatusTypeDef HAL_FLASH_OB_Lock(void);
      | ^~~~~~~~~~~~~~~~~
../Drivers/STM32F1xx_HAL_Driver/Inc/stm32f1xx_hal_flash.h:290:1: error: unknown type name 'uint32_t'
  290 | uint32_t HAL_FLASH_GetError(void);
      | ^~~~~~~~
../Drivers/STM32F1xx_HAL_Driver/Inc/stm32f1xx_hal_flash.h:304:1: error: expected declaration specifiers before 'HAL_StatusTypeDef'
  304 | HAL_StatusTypeDef       FLASH_WaitForLastOperation(uint32_t Timeout);
      | ^~~~~~~~~~~~~~~~~
In file included from ../Core/Inc/stm32f1xx_hal_conf.h:310,
                 from ../Drivers/STM32F1xx_HAL_Driver/Inc/stm32f1xx_hal.h:30,
                 from ../Core/Inc/main.h:30,
                 from ../Core/Src/main.c:20:
../Drivers/STM32F1xx_HAL_Driver/Inc/stm32f1xx_hal_pwr.h:50:3: error: unknown type name 'uint32_t'
   50 |   uint32_t PVDLevel;   /*!< PVDLevel: Specifies the PVD detection level.
      |   ^~~~~~~~
../Drivers/STM32F1xx_HAL_Driver/Inc/stm32f1xx_hal_pwr.h:53:3: error: unknown type name 'uint32_t'
   53 |   uint32_t Mode;      /*!< Mode: Specifies the operating mode for the selected pins.
      |   ^~~~~~~~
../Drivers/STM32F1xx_HAL_Driver/Inc/stm32f1xx_hal_pwr.h:55:2: error: storage class specified for parameter 'PWR_PVDTypeDef'
   55 | }PWR_PVDTypeDef;
      |  ^~~~~~~~~~~~~~
In file included from ../Core/Inc/stm32f1xx_hal_conf.h:310,
                 from ../Drivers/STM32F1xx_HAL_Driver/Inc/stm32f1xx_hal.h:30,
                 from ../Core/Inc/main.h:30,
                 from ../Core/Src/main.c:20:
../Drivers/STM32F1xx_HAL_Driver/Inc/stm32f1xx_hal_pwr.h:342:24: error: expected declaration specifiers or '...' before 'PWR_PVDTypeDef'
  342 | void HAL_PWR_ConfigPVD(PWR_PVDTypeDef *sConfigPVD);
      |                        ^~~~~~~~~~~~~~
../Drivers/STM32F1xx_HAL_Driver/Inc/stm32f1xx_hal_pwr.h:348:30: error: unknown type name 'uint32_t'
  348 | void HAL_PWR_EnableWakeUpPin(uint32_t WakeUpPinx);
      |                              ^~~~~~~~
../Drivers/STM32F1xx_HAL_Driver/Inc/stm32f1xx_hal_pwr.h:349:31: error: unknown type name 'uint32_t'
  349 | void HAL_PWR_DisableWakeUpPin(uint32_t WakeUpPinx);
      |                               ^~~~~~~~
../Drivers/STM32F1xx_HAL_Driver/Inc/stm32f1xx_hal_pwr.h:352:28: error: unknown type name 'uint32_t'
  352 | void HAL_PWR_EnterSTOPMode(uint32_t Regulator, uint8_t STOPEntry);
      |                            ^~~~~~~~
../Drivers/STM32F1xx_HAL_Driver/Inc/stm32f1xx_hal_pwr.h:352:48: error: unknown type name 'uint8_t'
  352 | void HAL_PWR_EnterSTOPMode(uint32_t Regulator, uint8_t STOPEntry);
      |                                                ^~~~~~~
../Drivers/STM32F1xx_HAL_Driver/Inc/stm32f1xx_hal_pwr.h:353:29: error: unknown type name 'uint32_t'
  353 | void HAL_PWR_EnterSLEEPMode(uint32_t Regulator, uint8_t SLEEPEntry);
      |                             ^~~~~~~~
../Drivers/STM32F1xx_HAL_Driver/Inc/stm32f1xx_hal_pwr.h:353:49: error: unknown type name 'uint8_t'
  353 | void HAL_PWR_EnterSLEEPMode(uint32_t Regulator, uint8_t SLEEPEntry);
      |                                                 ^~~~~~~
In file included from ../Core/Inc/stm32f1xx_hal_conf.h:338,
                 from ../Drivers/STM32F1xx_HAL_Driver/Inc/stm32f1xx_hal.h:30,
                 from ../Core/Inc/main.h:30,
                 from ../Core/Src/main.c:20:
../Drivers/STM32F1xx_HAL_Driver/Inc/stm32f1xx_hal_uart.h:49:3: error: unknown type name 'uint32_t'
   49 |   uint32_t BaudRate;                  /*!< This member configures the UART communication baud rate.
      |   ^~~~~~~~
In file included from ../Core/Inc/stm32f1xx_hal_conf.h:338,
                 from ../Drivers/STM32F1xx_HAL_Driver/Inc/stm32f1xx_hal.h:30,
                 from ../Core/Inc/main.h:30,
                 from ../Core/Src/main.c:20:
../Drivers/STM32F1xx_HAL_Driver/Inc/stm32f1xx_hal_uart.h:54:3: error: unknown type name 'uint32_t'
   54 |   uint32_t WordLength;                /*!< Specifies the number of data bits transmitted or received in a frame.
      |   ^~~~~~~~
../Drivers/STM32F1xx_HAL_Driver/Inc/stm32f1xx_hal_uart.h:57:3: error: unknown type name 'uint32_t'
   57 |   uint32_t StopBits;                  /*!< Specifies the number of stop bits transmitted.
      |   ^~~~~~~~
../Drivers/STM32F1xx_HAL_Driver/Inc/stm32f1xx_hal_uart.h:60:3: error: unknown type name 'uint32_t'
   60 |   uint32_t Parity;                    /*!< Specifies the parity mode.
      |   ^~~~~~~~
../Drivers/STM32F1xx_HAL_Driver/Inc/stm32f1xx_hal_uart.h:67:3: error: unknown type name 'uint32_t'
   67 |   uint32_t Mode;                      /*!< Specifies whether the Receive or Transmit mode is enabled or disabled.
      |   ^~~~~~~~
../Drivers/STM32F1xx_HAL_Driver/Inc/stm32f1xx_hal_uart.h:70:3: error: unknown type name 'uint32_t'
   70 |   uint32_t HwFlowCtl;                 /*!< Specifies whether the hardware flow control mode is enabled or disabled.
      |   ^~~~~~~~
../Drivers/STM32F1xx_HAL_Driver/Inc/stm32f1xx_hal_uart.h:73:3: error: unknown type name 'uint32_t'
   73 |   uint32_t OverSampling;              /*!< Specifies whether the Over sampling 8 is enabled or disabled, to achieve higher speed (up to fPCLK/8).
      |   ^~~~~~~~
../Drivers/STM32F1xx_HAL_Driver/Inc/stm32f1xx_hal_uart.h:76:3: error: storage class specified for parameter 'UART_InitTypeDef'
   76 | } UART_InitTypeDef;
      |   ^~~~~~~~~~~~~~~~
../Drivers/STM32F1xx_HAL_Driver/Inc/stm32f1xx_hal_uart.h:136:3: error: storage class specified for parameter 'HAL_UART_StateTypeDef'
  136 | } HAL_UART_StateTypeDef;
      |   ^~~~~~~~~~~~~~~~~~~~~
../Drivers/STM32F1xx_HAL_Driver/Inc/stm32f1xx_hal_uart.h:145:9: error: unknown type name 'uint32_t'
  145 | typedef uint32_t HAL_UART_RxTypeTypeDef;
      |         ^~~~~~~~
../Drivers/STM32F1xx_HAL_Driver/Inc/stm32f1xx_hal_uart.h:145:18: error: storage class specified for parameter 'HAL_UART_RxTypeTypeDef'
  145 | typedef uint32_t HAL_UART_RxTypeTypeDef;
      |                  ^~~~~~~~~~~~~~~~~~~~~~
../Drivers/STM32F1xx_HAL_Driver/Inc/stm32f1xx_hal_uart.h:152:3: error: expected specifier-qualifier-list before 'USART_TypeDef'
  152 |   USART_TypeDef                 *Instance;        /*!< UART registers base address        */
      |   ^~~~~~~~~~~~~
../Drivers/STM32F1xx_HAL_Driver/Inc/stm32f1xx_hal_uart.h:201:3: error: storage class specified for parameter 'UART_HandleTypeDef'
  201 | } UART_HandleTypeDef;
      |   ^~~~~~~~~~~~~~~~~~
../Drivers/STM32F1xx_HAL_Driver/Inc/stm32f1xx_hal_uart.h:699:1: error: expected declaration specifiers before 'HAL_StatusTypeDef'
  699 | HAL_StatusTypeDef HAL_UART_Init(UART_HandleTypeDef *huart);
      | ^~~~~~~~~~~~~~~~~
../Drivers/STM32F1xx_HAL_Driver/Inc/stm32f1xx_hal_uart.h:700:1: error: expected declaration specifiers before 'HAL_StatusTypeDef'
  700 | HAL_StatusTypeDef HAL_HalfDuplex_Init(UART_HandleTypeDef *huart);
      | ^~~~~~~~~~~~~~~~~
../Drivers/STM32F1xx_HAL_Driver/Inc/stm32f1xx_hal_uart.h:701:1: error: expected declaration specifiers before 'HAL_StatusTypeDef'
  701 | HAL_StatusTypeDef HAL_LIN_Init(UART_HandleTypeDef *huart, uint32_t BreakDetectLength);
      | ^~~~~~~~~~~~~~~~~
../Drivers/STM32F1xx_HAL_Driver/Inc/stm32f1xx_hal_uart.h:702:1: error: expected declaration specifiers before 'HAL_StatusTypeDef'
  702 | HAL_StatusTypeDef HAL_MultiProcessor_Init(UART_HandleTypeDef *huart, uint8_t Address, uint32_t WakeUpMethod);
      | ^~~~~~~~~~~~~~~~~
../Drivers/STM32F1xx_HAL_Driver/Inc/stm32f1xx_hal_uart.h:703:1: error: expected declaration specifiers before 'HAL_StatusTypeDef'
  703 | HAL_StatusTypeDef HAL_UART_DeInit(UART_HandleTypeDef *huart);
      | ^~~~~~~~~~~~~~~~~
../Drivers/STM32F1xx_HAL_Driver/Inc/stm32f1xx_hal_uart.h:704:23: error: expected declaration specifiers or '...' before 'UART_HandleTypeDef'
  704 | void HAL_UART_MspInit(UART_HandleTypeDef *huart);
      |                       ^~~~~~~~~~~~~~~~~~
../Drivers/STM32F1xx_HAL_Driver/Inc/stm32f1xx_hal_uart.h:705:25: error: expected declaration specifiers or '...' before 'UART_HandleTypeDef'
  705 | void HAL_UART_MspDeInit(UART_HandleTypeDef *huart);
      |                         ^~~~~~~~~~~~~~~~~~
../Drivers/STM32F1xx_HAL_Driver/Inc/stm32f1xx_hal_uart.h:725:1: error: expected declaration specifiers before 'HAL_StatusTypeDef'
  725 | HAL_StatusTypeDef HAL_UART_Transmit(UART_HandleTypeDef *huart, uint8_t *pData, uint16_t Size, uint32_t Timeout);
      | ^~~~~~~~~~~~~~~~~
../Drivers/STM32F1xx_HAL_Driver/Inc/stm32f1xx_hal_uart.h:726:1: error: expected declaration specifiers before 'HAL_StatusTypeDef'
  726 | HAL_StatusTypeDef HAL_UART_Receive(UART_HandleTypeDef *huart, uint8_t *pData, uint16_t Size, uint32_t Timeout);
      | ^~~~~~~~~~~~~~~~~
../Drivers/STM32F1xx_HAL_Driver/Inc/stm32f1xx_hal_uart.h:727:1: error: expected declaration specifiers before 'HAL_StatusTypeDef'
  727 | HAL_StatusTypeDef HAL_UART_Transmit_IT(UART_HandleTypeDef *huart, uint8_t *pData, uint16_t Size);
      | ^~~~~~~~~~~~~~~~~
../Drivers/STM32F1xx_HAL_Driver/Inc/stm32f1xx_hal_uart.h:728:1: error: expected declaration specifiers before 'HAL_StatusTypeDef'
  728 | HAL_StatusTypeDef HAL_UART_Receive_IT(UART_HandleTypeDef *huart, uint8_t *pData, uint16_t Size);
      | ^~~~~~~~~~~~~~~~~
../Drivers/STM32F1xx_HAL_Driver/Inc/stm32f1xx_hal_uart.h:729:1: error: expected declaration specifiers before 'HAL_StatusTypeDef'
  729 | HAL_StatusTypeDef HAL_UART_Transmit_DMA(UART_HandleTypeDef *huart, uint8_t *pData, uint16_t Size);
      | ^~~~~~~~~~~~~~~~~
../Drivers/STM32F1xx_HAL_Driver/Inc/stm32f1xx_hal_uart.h:730:1: error: expected declaration specifiers before 'HAL_StatusTypeDef'
  730 | HAL_StatusTypeDef HAL_UART_Receive_DMA(UART_HandleTypeDef *huart, uint8_t *pData, uint16_t Size);
      | ^~~~~~~~~~~~~~~~~
../Drivers/STM32F1xx_HAL_Driver/Inc/stm32f1xx_hal_uart.h:731:1: error: expected declaration specifiers before 'HAL_StatusTypeDef'
  731 | HAL_StatusTypeDef HAL_UART_DMAPause(UART_HandleTypeDef *huart);
      | ^~~~~~~~~~~~~~~~~
../Drivers/STM32F1xx_HAL_Driver/Inc/stm32f1xx_hal_uart.h:732:1: error: expected declaration specifiers before 'HAL_StatusTypeDef'
  732 | HAL_StatusTypeDef HAL_UART_DMAResume(UART_HandleTypeDef *huart);
      | ^~~~~~~~~~~~~~~~~
../Drivers/STM32F1xx_HAL_Driver/Inc/stm32f1xx_hal_uart.h:733:1: error: expected declaration specifiers before 'HAL_StatusTypeDef'
  733 | HAL_StatusTypeDef HAL_UART_DMAStop(UART_HandleTypeDef *huart);
      | ^~~~~~~~~~~~~~~~~
../Drivers/STM32F1xx_HAL_Driver/Inc/stm32f1xx_hal_uart.h:735:1: error: expected declaration specifiers before 'HAL_StatusTypeDef'
  735 | HAL_StatusTypeDef HAL_UARTEx_ReceiveToIdle(UART_HandleTypeDef *huart, uint8_t *pData, uint16_t Size, uint16_t *RxLen, uint32_t Timeout);
      | ^~~~~~~~~~~~~~~~~
../Drivers/STM32F1xx_HAL_Driver/Inc/stm32f1xx_hal_uart.h:736:1: error: expected declaration specifiers before 'HAL_StatusTypeDef'
  736 | HAL_StatusTypeDef HAL_UARTEx_ReceiveToIdle_IT(UART_HandleTypeDef *huart, uint8_t *pData, uint16_t Size);
      | ^~~~~~~~~~~~~~~~~
../Drivers/STM32F1xx_HAL_Driver/Inc/stm32f1xx_hal_uart.h:737:1: error: expected declaration specifiers before 'HAL_StatusTypeDef'
  737 | HAL_StatusTypeDef HAL_UARTEx_ReceiveToIdle_DMA(UART_HandleTypeDef *huart, uint8_t *pData, uint16_t Size);
      | ^~~~~~~~~~~~~~~~~
../Drivers/STM32F1xx_HAL_Driver/Inc/stm32f1xx_hal_uart.h:740:1: error: expected declaration specifiers before 'HAL_StatusTypeDef'
  740 | HAL_StatusTypeDef HAL_UART_Abort(UART_HandleTypeDef *huart);
      | ^~~~~~~~~~~~~~~~~
../Drivers/STM32F1xx_HAL_Driver/Inc/stm32f1xx_hal_uart.h:741:1: error: expected declaration specifiers before 'HAL_StatusTypeDef'
  741 | HAL_StatusTypeDef HAL_UART_AbortTransmit(UART_HandleTypeDef *huart);
      | ^~~~~~~~~~~~~~~~~
../Drivers/STM32F1xx_HAL_Driver/Inc/stm32f1xx_hal_uart.h:742:1: error: expected declaration specifiers before 'HAL_StatusTypeDef'
  742 | HAL_StatusTypeDef HAL_UART_AbortReceive(UART_HandleTypeDef *huart);
      | ^~~~~~~~~~~~~~~~~
../Drivers/STM32F1xx_HAL_Driver/Inc/stm32f1xx_hal_uart.h:743:1: error: expected declaration specifiers before 'HAL_StatusTypeDef'
  743 | HAL_StatusTypeDef HAL_UART_Abort_IT(UART_HandleTypeDef *huart);
      | ^~~~~~~~~~~~~~~~~
../Drivers/STM32F1xx_HAL_Driver/Inc/stm32f1xx_hal_uart.h:744:1: error: expected declaration specifiers before 'HAL_StatusTypeDef'
  744 | HAL_StatusTypeDef HAL_UART_AbortTransmit_IT(UART_HandleTypeDef *huart);
      | ^~~~~~~~~~~~~~~~~
../Drivers/STM32F1xx_HAL_Driver/Inc/stm32f1xx_hal_uart.h:745:1: error: expected declaration specifiers before 'HAL_StatusTypeDef'
  745 | HAL_StatusTypeDef HAL_UART_AbortReceive_IT(UART_HandleTypeDef *huart);
      | ^~~~~~~~~~~~~~~~~
../Drivers/STM32F1xx_HAL_Driver/Inc/stm32f1xx_hal_uart.h:747:26: error: expected declaration specifiers or '...' before 'UART_HandleTypeDef'
  747 | void HAL_UART_IRQHandler(UART_HandleTypeDef *huart);
      |                          ^~~~~~~~~~~~~~~~~~
../Drivers/STM32F1xx_HAL_Driver/Inc/stm32f1xx_hal_uart.h:748:30: error: expected declaration specifiers or '...' before 'UART_HandleTypeDef'
  748 | void HAL_UART_TxCpltCallback(UART_HandleTypeDef *huart);
      |                              ^~~~~~~~~~~~~~~~~~
../Drivers/STM32F1xx_HAL_Driver/Inc/stm32f1xx_hal_uart.h:749:34: error: expected declaration specifiers or '...' before 'UART_HandleTypeDef'
  749 | void HAL_UART_TxHalfCpltCallback(UART_HandleTypeDef *huart);
      |                                  ^~~~~~~~~~~~~~~~~~
../Drivers/STM32F1xx_HAL_Driver/Inc/stm32f1xx_hal_uart.h:750:30: error: expected declaration specifiers or '...' before 'UART_HandleTypeDef'
  750 | void HAL_UART_RxCpltCallback(UART_HandleTypeDef *huart);
      |                              ^~~~~~~~~~~~~~~~~~
../Drivers/STM32F1xx_HAL_Driver/Inc/stm32f1xx_hal_uart.h:751:34: error: expected declaration specifiers or '...' before 'UART_HandleTypeDef'
  751 | void HAL_UART_RxHalfCpltCallback(UART_HandleTypeDef *huart);
      |                                  ^~~~~~~~~~~~~~~~~~
../Drivers/STM32F1xx_HAL_Driver/Inc/stm32f1xx_hal_uart.h:752:29: error: expected declaration specifiers or '...' before 'UART_HandleTypeDef'
  752 | void HAL_UART_ErrorCallback(UART_HandleTypeDef *huart);
      |                             ^~~~~~~~~~~~~~~~~~
../Drivers/STM32F1xx_HAL_Driver/Inc/stm32f1xx_hal_uart.h:753:33: error: expected declaration specifiers or '...' before 'UART_HandleTypeDef'
  753 | void HAL_UART_AbortCpltCallback(UART_HandleTypeDef *huart);
      |                                 ^~~~~~~~~~~~~~~~~~
../Drivers/STM32F1xx_HAL_Driver/Inc/stm32f1xx_hal_uart.h:754:41: error: expected declaration specifiers or '...' before 'UART_HandleTypeDef'
  754 | void HAL_UART_AbortTransmitCpltCallback(UART_HandleTypeDef *huart);
      |                                         ^~~~~~~~~~~~~~~~~~
../Drivers/STM32F1xx_HAL_Driver/Inc/stm32f1xx_hal_uart.h:755:40: error: expected declaration specifiers or '...' before 'UART_HandleTypeDef'
  755 | void HAL_UART_AbortReceiveCpltCallback(UART_HandleTypeDef *huart);
      |                                        ^~~~~~~~~~~~~~~~~~
../Drivers/STM32F1xx_HAL_Driver/Inc/stm32f1xx_hal_uart.h:757:33: error: expected declaration specifiers or '...' before 'UART_HandleTypeDef'
  757 | void HAL_UARTEx_RxEventCallback(UART_HandleTypeDef *huart, uint16_t Size);
      |                                 ^~~~~~~~~~~~~~~~~~
../Drivers/STM32F1xx_HAL_Driver/Inc/stm32f1xx_hal_uart.h:757:60: error: unknown type name 'uint16_t'
  757 | void HAL_UARTEx_RxEventCallback(UART_HandleTypeDef *huart, uint16_t Size);
      |                                                            ^~~~~~~~
../Drivers/STM32F1xx_HAL_Driver/Inc/stm32f1xx_hal_uart.h:767:1: error: expected declaration specifiers before 'HAL_StatusTypeDef'
  767 | HAL_StatusTypeDef HAL_LIN_SendBreak(UART_HandleTypeDef *huart);
      | ^~~~~~~~~~~~~~~~~
../Drivers/STM32F1xx_HAL_Driver/Inc/stm32f1xx_hal_uart.h:768:1: error: expected declaration specifiers before 'HAL_StatusTypeDef'
  768 | HAL_StatusTypeDef HAL_MultiProcessor_EnterMuteMode(UART_HandleTypeDef *huart);
      | ^~~~~~~~~~~~~~~~~
../Drivers/STM32F1xx_HAL_Driver/Inc/stm32f1xx_hal_uart.h:769:1: error: expected declaration specifiers before 'HAL_StatusTypeDef'
  769 | HAL_StatusTypeDef HAL_MultiProcessor_ExitMuteMode(UART_HandleTypeDef *huart);
      | ^~~~~~~~~~~~~~~~~
../Drivers/STM32F1xx_HAL_Driver/Inc/stm32f1xx_hal_uart.h:770:1: error: expected declaration specifiers before 'HAL_StatusTypeDef'
  770 | HAL_StatusTypeDef HAL_HalfDuplex_EnableTransmitter(UART_HandleTypeDef *huart);
      | ^~~~~~~~~~~~~~~~~
../Drivers/STM32F1xx_HAL_Driver/Inc/stm32f1xx_hal_uart.h:771:1: error: expected declaration specifiers before 'HAL_StatusTypeDef'
  771 | HAL_StatusTypeDef HAL_HalfDuplex_EnableReceiver(UART_HandleTypeDef *huart);
      | ^~~~~~~~~~~~~~~~~
../Drivers/STM32F1xx_HAL_Driver/Inc/stm32f1xx_hal_uart.h:780:1: error: expected declaration specifiers before 'HAL_UART_StateTypeDef'
  780 | HAL_UART_StateTypeDef HAL_UART_GetState(UART_HandleTypeDef *huart);
      | ^~~~~~~~~~~~~~~~~~~~~
../Drivers/STM32F1xx_HAL_Driver/Inc/stm32f1xx_hal_uart.h:781:1: error: unknown type name 'uint32_t'
  781 | uint32_t              HAL_UART_GetError(UART_HandleTypeDef *huart);
      | ^~~~~~~~
../Drivers/STM32F1xx_HAL_Driver/Inc/stm32f1xx_hal_uart.h:781:41: error: expected declaration specifiers or '...' before 'UART_HandleTypeDef'
  781 | uint32_t              HAL_UART_GetError(UART_HandleTypeDef *huart);
      |                                         ^~~~~~~~~~~~~~~~~~
../Drivers/STM32F1xx_HAL_Driver/Inc/stm32f1xx_hal_uart.h:866:1: error: expected declaration specifiers before 'HAL_StatusTypeDef'
  866 | HAL_StatusTypeDef UART_Start_Receive_IT(UART_HandleTypeDef *huart, uint8_t *pData, uint16_t Size);
      | ^~~~~~~~~~~~~~~~~
../Drivers/STM32F1xx_HAL_Driver/Inc/stm32f1xx_hal_uart.h:867:1: error: expected declaration specifiers before 'HAL_StatusTypeDef'
  867 | HAL_StatusTypeDef UART_Start_Receive_DMA(UART_HandleTypeDef *huart, uint8_t *pData, uint16_t Size);
      | ^~~~~~~~~~~~~~~~~
In file included from ../Core/Inc/main.h:30,
                 from ../Core/Src/main.c:20:
../Drivers/STM32F1xx_HAL_Driver/Inc/stm32f1xx_hal.h:55:3: error: storage class specified for parameter 'HAL_TickFreqTypeDef'
   55 | } HAL_TickFreqTypeDef;
      |   ^~~~~~~~~~~~~~~~~~~
../Drivers/STM32F1xx_HAL_Driver/Inc/stm32f1xx_hal.h:60:13: error: unknown type name 'uint32_t'
   60 | extern __IO uint32_t uwTick;
      |             ^~~~~~~~
../Drivers/STM32F1xx_HAL_Driver/Inc/stm32f1xx_hal.h:60:22: error: storage class specified for parameter 'uwTick'
   60 | extern __IO uint32_t uwTick;
      |                      ^~~~~~
../Drivers/STM32F1xx_HAL_Driver/Inc/stm32f1xx_hal.h:61:8: error: unknown type name 'uint32_t'
   61 | extern uint32_t uwTickPrio;
      |        ^~~~~~~~
../Drivers/STM32F1xx_HAL_Driver/Inc/stm32f1xx_hal.h:61:17: error: storage class specified for parameter 'uwTickPrio'
   61 | extern uint32_t uwTickPrio;
      |                 ^~~~~~~~~~
../Drivers/STM32F1xx_HAL_Driver/Inc/stm32f1xx_hal.h:62:28: error: expected '=', ',', ';', 'asm' or '__attribute__' before 'uwTickFreq'
   62 | extern HAL_TickFreqTypeDef uwTickFreq;
      |                            ^~~~~~~~~~
../Drivers/STM32F1xx_HAL_Driver/Inc/stm32f1xx_hal.h:283:1: error: expected declaration specifiers before 'HAL_StatusTypeDef'
  283 | HAL_StatusTypeDef HAL_Init(void);
      | ^~~~~~~~~~~~~~~~~
../Drivers/STM32F1xx_HAL_Driver/Inc/stm32f1xx_hal.h:284:1: error: expected declaration specifiers before 'HAL_StatusTypeDef'
  284 | HAL_StatusTypeDef HAL_DeInit(void);
      | ^~~~~~~~~~~~~~~~~
../Drivers/STM32F1xx_HAL_Driver/Inc/stm32f1xx_hal.h:287:1: error: expected declaration specifiers before 'HAL_StatusTypeDef'
  287 | HAL_StatusTypeDef HAL_InitTick(uint32_t TickPriority);
      | ^~~~~~~~~~~~~~~~~
../Drivers/STM32F1xx_HAL_Driver/Inc/stm32f1xx_hal.h:297:16: error: unknown type name 'uint32_t'
  297 | void HAL_Delay(uint32_t Delay);
      |                ^~~~~~~~
../Drivers/STM32F1xx_HAL_Driver/Inc/stm32f1xx_hal.h:298:1: error: unknown type name 'uint32_t'
  298 | uint32_t HAL_GetTick(void);
      | ^~~~~~~~
../Drivers/STM32F1xx_HAL_Driver/Inc/stm32f1xx_hal.h:299:1: error: unknown type name 'uint32_t'
  299 | uint32_t HAL_GetTickPrio(void);
      | ^~~~~~~~
../Drivers/STM32F1xx_HAL_Driver/Inc/stm32f1xx_hal.h:300:1: error: expected declaration specifiers before 'HAL_StatusTypeDef'
  300 | HAL_StatusTypeDef HAL_SetTickFreq(HAL_TickFreqTypeDef Freq);
      | ^~~~~~~~~~~~~~~~~
../Drivers/STM32F1xx_HAL_Driver/Inc/stm32f1xx_hal.h:301:1: error: expected declaration specifiers before 'HAL_TickFreqTypeDef'
  301 | HAL_TickFreqTypeDef HAL_GetTickFreq(void);
      | ^~~~~~~~~~~~~~~~~~~
../Drivers/STM32F1xx_HAL_Driver/Inc/stm32f1xx_hal.h:304:1: error: unknown type name 'uint32_t'
  304 | uint32_t HAL_GetHalVersion(void);
      | ^~~~~~~~
../Drivers/STM32F1xx_HAL_Driver/Inc/stm32f1xx_hal.h:305:1: error: unknown type name 'uint32_t'
  305 | uint32_t HAL_GetREVID(void);
      | ^~~~~~~~
../Drivers/STM32F1xx_HAL_Driver/Inc/stm32f1xx_hal.h:306:1: error: unknown type name 'uint32_t'
  306 | uint32_t HAL_GetDEVID(void);
      | ^~~~~~~~
../Drivers/STM32F1xx_HAL_Driver/Inc/stm32f1xx_hal.h:307:1: error: unknown type name 'uint32_t'
  307 | uint32_t HAL_GetUIDw0(void);
      | ^~~~~~~~
../Drivers/STM32F1xx_HAL_Driver/Inc/stm32f1xx_hal.h:308:1: error: unknown type name 'uint32_t'
  308 | uint32_t HAL_GetUIDw1(void);
      | ^~~~~~~~
../Drivers/STM32F1xx_HAL_Driver/Inc/stm32f1xx_hal.h:309:1: error: unknown type name 'uint32_t'
  309 | uint32_t HAL_GetUIDw2(void);
      | ^~~~~~~~
In file included from ../Core/Src/main.c:24:
../Core/Inc/rb.h:22:3: error: storage class specified for parameter 'RingFifo_t'
   22 | } RingFifo_t;
      |   ^~~~~~~~~~
../Core/Inc/rb.h:24:30: error: expected declaration specifiers or '...' before 'RingFifo_t'
   24 | extern unsigned char RB_init(RingFifo_t * ptRB, unsigned short size);
      |                              ^~~~~~~~~~
../Core/Inc/rb.h:25:22: error: expected declaration specifiers or '...' before 'RingFifo_t'
   25 | extern void RB_clear(RingFifo_t * ptRB);
      |                      ^~~~~~~~~~
../Core/Inc/rb.h:26:22: error: expected declaration specifiers or '...' before 'RingFifo_t'
   26 | extern void RB_write(RingFifo_t * ptRB, unsigned char data);
      |                      ^~~~~~~~~~
../Core/Inc/rb.h:27:30: error: expected declaration specifiers or '...' before 'RingFifo_t'
   27 | extern unsigned char RB_read(RingFifo_t * ptRB);
      |                              ^~~~~~~~~~
../Core/Inc/rb.h:28:33: error: expected declaration specifiers or '...' before 'RingFifo_t'
   28 | extern unsigned char RB_isempty(RingFifo_t * ptRB);
      |                                 ^~~~~~~~~~
../Core/Inc/rb.h:29:32: error: expected declaration specifiers or '...' before 'RingFifo_t'
   29 | extern unsigned char RB_isfull(RingFifo_t * ptRB);
      |                                ^~~~~~~~~~
../Core/Inc/rb.h:30:32: error: expected declaration specifiers or '...' before 'RingFifo_t'
   30 | extern unsigned short RB_count(RingFifo_t * ptRB);
      |                                ^~~~~~~~~~
../Core/Src/main.c:42:1: error: expected declaration specifiers before 'UART_HandleTypeDef'
   42 | UART_HandleTypeDef huart2;
      | ^~~~~~~~~~~~~~~~~~
../Core/Src/main.c:45:1: error: expected declaration specifiers before 'RingFifo_t'
   45 | RingFifo_t gtUart2Fifo;
      | ^~~~~~~~~~
../Core/Src/main.c:50:13: error: storage class specified for parameter 'MX_GPIO_Init'
   50 | static void MX_GPIO_Init(void);
      |             ^~~~~~~~~~~~
../Core/Src/main.c:51:13: error: storage class specified for parameter 'MX_USART2_UART_Init'
   51 | static void MX_USART2_UART_Init(void);
      |             ^~~~~~~~~~~~~~~~~~~
../Core/Src/main.c:66:1: error: expected '=', ',', ';', 'asm' or '__attribute__' before '{' token
   66 | {
      | ^
../Core/Src/main.c:121:1: error: expected '=', ',', ';', 'asm' or '__attribute__' before '{' token
  121 | {
      | ^
../Core/Src/main.c:158:1: error: expected '=', ',', ';', 'asm' or '__attribute__' before '{' token
  158 | {
      | ^
../Core/Src/main.c:191:1: error: expected '=', ',', ';', 'asm' or '__attribute__' before '{' token
  191 | {
      | ^
../Core/Src/main.c:224:26: error: expected declaration specifiers or '...' before 'UART_HandleTypeDef'
  224 | HAL_UART_RxCpltCallback (UART_HandleTypeDef *UartHandle)
      |                          ^~~~~~~~~~~~~~~~~~
../Core/Src/main.c:241:1: error: expected '=', ',', ';', 'asm' or '__attribute__' before '{' token
  241 | {
      | ^
../Core/Src/main.c:7:24: warning: type of 'c' defaults to 'int' [-Wimplicit-int]
    7 |   * <h2><center>&copy; Copyright (c) 2020 STMicroelectronics.
      |                        ^~~~~~~~~
../Core/Src/main.c:51:13: error: declaration for parameter 'MX_USART2_UART_Init' but no such parameter
   51 | static void MX_USART2_UART_Init(void);
      |             ^~~~~~~~~~~~~~~~~~~
../Core/Src/main.c:50:13: error: declaration for parameter 'MX_GPIO_Init' but no such parameter
   50 | static void MX_GPIO_Init(void);
      |             ^~~~~~~~~~~~
../Core/Src/main.c:49:6: error: declaration for parameter 'SystemClock_Config' but no such parameter
   49 | void SystemClock_Config(void);
      |      ^~~~~~~~~~~~~~~~~~
In file included from ../Core/Src/main.c:24:
../Core/Inc/rb.h:22:3: error: declaration for parameter 'RingFifo_t' but no such parameter
   22 | } RingFifo_t;
      |   ^~~~~~~~~~
In file included from ../Core/Src/main.c:20:
../Core/Inc/main.h:53:6: error: declaration for parameter 'Error_Handler' but no such parameter
   53 | void Error_Handler(void);
      |      ^~~~~~~~~~~~~
In file included from ../Core/Inc/main.h:30,
                 from ../Core/Src/main.c:20:
../Drivers/STM32F1xx_HAL_Driver/Inc/stm32f1xx_hal.h:315:6: error: declaration for parameter 'HAL_DBGMCU_DisableDBGStandbyMode' but no such parameter
  315 | void HAL_DBGMCU_DisableDBGStandbyMode(void);
      |      ^~~~~~~~~~~~~~~~~~~~~~~~~~~~~~~~
../Drivers/STM32F1xx_HAL_Driver/Inc/stm32f1xx_hal.h:314:6: error: declaration for parameter 'HAL_DBGMCU_EnableDBGStandbyMode' but no such parameter
  314 | void HAL_DBGMCU_EnableDBGStandbyMode(void);
      |      ^~~~~~~~~~~~~~~~~~~~~~~~~~~~~~~
../Drivers/STM32F1xx_HAL_Driver/Inc/stm32f1xx_hal.h:313:6: error: declaration for parameter 'HAL_DBGMCU_DisableDBGStopMode' but no such parameter
  313 | void HAL_DBGMCU_DisableDBGStopMode(void);
      |      ^~~~~~~~~~~~~~~~~~~~~~~~~~~~~
../Drivers/STM32F1xx_HAL_Driver/Inc/stm32f1xx_hal.h:312:6: error: declaration for parameter 'HAL_DBGMCU_EnableDBGStopMode' but no such parameter
  312 | void HAL_DBGMCU_EnableDBGStopMode(void);
      |      ^~~~~~~~~~~~~~~~~~~~~~~~~~~~
../Drivers/STM32F1xx_HAL_Driver/Inc/stm32f1xx_hal.h:311:6: error: declaration for parameter 'HAL_DBGMCU_DisableDBGSleepMode' but no such parameter
  311 | void HAL_DBGMCU_DisableDBGSleepMode(void);
      |      ^~~~~~~~~~~~~~~~~~~~~~~~~~~~~~
../Drivers/STM32F1xx_HAL_Driver/Inc/stm32f1xx_hal.h:310:6: error: declaration for parameter 'HAL_DBGMCU_EnableDBGSleepMode' but no such parameter
  310 | void HAL_DBGMCU_EnableDBGSleepMode(void);
      |      ^~~~~~~~~~~~~~~~~~~~~~~~~~~~~
../Drivers/STM32F1xx_HAL_Driver/Inc/stm32f1xx_hal.h:309:10: error: declaration for parameter 'HAL_GetUIDw2' but no such parameter
  309 | uint32_t HAL_GetUIDw2(void);
      |          ^~~~~~~~~~~~
../Drivers/STM32F1xx_HAL_Driver/Inc/stm32f1xx_hal.h:308:10: error: declaration for parameter 'HAL_GetUIDw1' but no such parameter
  308 | uint32_t HAL_GetUIDw1(void);
      |          ^~~~~~~~~~~~
../Drivers/STM32F1xx_HAL_Driver/Inc/stm32f1xx_hal.h:307:10: error: declaration for parameter 'HAL_GetUIDw0' but no such parameter
  307 | uint32_t HAL_GetUIDw0(void);
      |          ^~~~~~~~~~~~
../Drivers/STM32F1xx_HAL_Driver/Inc/stm32f1xx_hal.h:306:10: error: declaration for parameter 'HAL_GetDEVID' but no such parameter
  306 | uint32_t HAL_GetDEVID(void);
      |          ^~~~~~~~~~~~
../Drivers/STM32F1xx_HAL_Driver/Inc/stm32f1xx_hal.h:305:10: error: declaration for parameter 'HAL_GetREVID' but no such parameter
  305 | uint32_t HAL_GetREVID(void);
      |          ^~~~~~~~~~~~
../Drivers/STM32F1xx_HAL_Driver/Inc/stm32f1xx_hal.h:304:10: error: declaration for parameter 'HAL_GetHalVersion' but no such parameter
  304 | uint32_t HAL_GetHalVersion(void);
      |          ^~~~~~~~~~~~~~~~~
../Drivers/STM32F1xx_HAL_Driver/Inc/stm32f1xx_hal.h:303:6: error: declaration for parameter 'HAL_ResumeTick' but no such parameter
  303 | void HAL_ResumeTick(void);
      |      ^~~~~~~~~~~~~~
../Drivers/STM32F1xx_HAL_Driver/Inc/stm32f1xx_hal.h:302:6: error: declaration for parameter 'HAL_SuspendTick' but no such parameter
  302 | void HAL_SuspendTick(void);
      |      ^~~~~~~~~~~~~~~
../Drivers/STM32F1xx_HAL_Driver/Inc/stm32f1xx_hal.h:299:10: error: declaration for parameter 'HAL_GetTickPrio' but no such parameter
  299 | uint32_t HAL_GetTickPrio(void);
      |          ^~~~~~~~~~~~~~~
../Drivers/STM32F1xx_HAL_Driver/Inc/stm32f1xx_hal.h:298:10: error: declaration for parameter 'HAL_GetTick' but no such parameter
  298 | uint32_t HAL_GetTick(void);
      |          ^~~~~~~~~~~
../Drivers/STM32F1xx_HAL_Driver/Inc/stm32f1xx_hal.h:296:6: error: declaration for parameter 'HAL_IncTick' but no such parameter
  296 | void HAL_IncTick(void);
      |      ^~~~~~~~~~~
../Drivers/STM32F1xx_HAL_Driver/Inc/stm32f1xx_hal.h:286:6: error: declaration for parameter 'HAL_MspDeInit' but no such parameter
  286 | void HAL_MspDeInit(void);
      |      ^~~~~~~~~~~~~
../Drivers/STM32F1xx_HAL_Driver/Inc/stm32f1xx_hal.h:285:6: error: declaration for parameter 'HAL_MspInit' but no such parameter
  285 | void HAL_MspInit(void);
      |      ^~~~~~~~~~~
../Drivers/STM32F1xx_HAL_Driver/Inc/stm32f1xx_hal.h:61:17: error: declaration for parameter 'uwTickPrio' but no such parameter
   61 | extern uint32_t uwTickPrio;
      |                 ^~~~~~~~~~
../Drivers/STM32F1xx_HAL_Driver/Inc/stm32f1xx_hal.h:60:22: error: declaration for parameter 'uwTick' but no such parameter
   60 | extern __IO uint32_t uwTick;
      |                      ^~~~~~
../Drivers/STM32F1xx_HAL_Driver/Inc/stm32f1xx_hal.h:55:3: error: declaration for parameter 'HAL_TickFreqTypeDef' but no such parameter
   55 | } HAL_TickFreqTypeDef;
      |   ^~~~~~~~~~~~~~~~~~~
In file included from ../Core/Inc/stm32f1xx_hal_conf.h:338,
                 from ../Drivers/STM32F1xx_HAL_Driver/Inc/stm32f1xx_hal.h:30,
                 from ../Core/Inc/main.h:30,
                 from ../Core/Src/main.c:20:
../Drivers/STM32F1xx_HAL_Driver/Inc/stm32f1xx_hal_uart.h:201:3: error: declaration for parameter 'UART_HandleTypeDef' but no such parameter
  201 | } UART_HandleTypeDef;
      |   ^~~~~~~~~~~~~~~~~~
../Drivers/STM32F1xx_HAL_Driver/Inc/stm32f1xx_hal_uart.h:145:18: error: declaration for parameter 'HAL_UART_RxTypeTypeDef' but no such parameter
  145 | typedef uint32_t HAL_UART_RxTypeTypeDef;
      |                  ^~~~~~~~~~~~~~~~~~~~~~
../Drivers/STM32F1xx_HAL_Driver/Inc/stm32f1xx_hal_uart.h:136:3: error: declaration for parameter 'HAL_UART_StateTypeDef' but no such parameter
  136 | } HAL_UART_StateTypeDef;
      |   ^~~~~~~~~~~~~~~~~~~~~
../Drivers/STM32F1xx_HAL_Driver/Inc/stm32f1xx_hal_uart.h:76:3: error: declaration for parameter 'UART_InitTypeDef' but no such parameter
   76 | } UART_InitTypeDef;
      |   ^~~~~~~~~~~~~~~~
In file included from ../Core/Inc/stm32f1xx_hal_conf.h:310,
                 from ../Drivers/STM32F1xx_HAL_Driver/Inc/stm32f1xx_hal.h:30,
                 from ../Core/Inc/main.h:30,
                 from ../Core/Src/main.c:20:
../Drivers/STM32F1xx_HAL_Driver/Inc/stm32f1xx_hal_pwr.h:364:6: error: declaration for parameter 'HAL_PWR_PVDCallback' but no such parameter
  364 | void HAL_PWR_PVDCallback(void);
      |      ^~~~~~~~~~~~~~~~~~~
../Drivers/STM32F1xx_HAL_Driver/Inc/stm32f1xx_hal_pwr.h:363:6: error: declaration for parameter 'HAL_PWR_PVD_IRQHandler' but no such parameter
  363 | void HAL_PWR_PVD_IRQHandler(void);
      |      ^~~~~~~~~~~~~~~~~~~~~~
../Drivers/STM32F1xx_HAL_Driver/Inc/stm32f1xx_hal_pwr.h:359:6: error: declaration for parameter 'HAL_PWR_DisableSEVOnPend' but no such parameter
  359 | void HAL_PWR_DisableSEVOnPend(void);
      |      ^~~~~~~~~~~~~~~~~~~~~~~~
../Drivers/STM32F1xx_HAL_Driver/Inc/stm32f1xx_hal_pwr.h:358:6: error: declaration for parameter 'HAL_PWR_EnableSEVOnPend' but no such parameter
  358 | void HAL_PWR_EnableSEVOnPend(void);
      |      ^~~~~~~~~~~~~~~~~~~~~~~
../Drivers/STM32F1xx_HAL_Driver/Inc/stm32f1xx_hal_pwr.h:357:6: error: declaration for parameter 'HAL_PWR_DisableSleepOnExit' but no such parameter
  357 | void HAL_PWR_DisableSleepOnExit(void);
      |      ^~~~~~~~~~~~~~~~~~~~~~~~~~
../Drivers/STM32F1xx_HAL_Driver/Inc/stm32f1xx_hal_pwr.h:356:6: error: declaration for parameter 'HAL_PWR_EnableSleepOnExit' but no such parameter
  356 | void HAL_PWR_EnableSleepOnExit(void);
      |      ^~~~~~~~~~~~~~~~~~~~~~~~~
../Drivers/STM32F1xx_HAL_Driver/Inc/stm32f1xx_hal_pwr.h:354:6: error: declaration for parameter 'HAL_PWR_EnterSTANDBYMode' but no such parameter
  354 | void HAL_PWR_EnterSTANDBYMode(void);
      |      ^~~~~~~~~~~~~~~~~~~~~~~~
../Drivers/STM32F1xx_HAL_Driver/Inc/stm32f1xx_hal_pwr.h:345:6: error: declaration for parameter 'HAL_PWR_DisablePVD' but no such parameter
  345 | void HAL_PWR_DisablePVD(void);
      |      ^~~~~~~~~~~~~~~~~~
../Drivers/STM32F1xx_HAL_Driver/Inc/stm32f1xx_hal_pwr.h:344:6: error: declaration for parameter 'HAL_PWR_EnablePVD' but no such parameter
  344 | void HAL_PWR_EnablePVD(void);
      |      ^~~~~~~~~~~~~~~~~
../Drivers/STM32F1xx_HAL_Driver/Inc/stm32f1xx_hal_pwr.h:331:6: error: declaration for parameter 'HAL_PWR_DisableBkUpAccess' but no such parameter
  331 | void HAL_PWR_DisableBkUpAccess(void);
      |      ^~~~~~~~~~~~~~~~~~~~~~~~~
../Drivers/STM32F1xx_HAL_Driver/Inc/stm32f1xx_hal_pwr.h:330:6: error: declaration for parameter 'HAL_PWR_EnableBkUpAccess' but no such parameter
  330 | void HAL_PWR_EnableBkUpAccess(void);
      |      ^~~~~~~~~~~~~~~~~~~~~~~~
../Drivers/STM32F1xx_HAL_Driver/Inc/stm32f1xx_hal_pwr.h:329:6: error: declaration for parameter 'HAL_PWR_DeInit' but no such parameter
  329 | void HAL_PWR_DeInit(void);
      |      ^~~~~~~~~~~~~~
In file included from ../Core/Inc/stm32f1xx_hal_conf.h:310,
                 from ../Drivers/STM32F1xx_HAL_Driver/Inc/stm32f1xx_hal.h:30,
                 from ../Core/Inc/main.h:30,
                 from ../Core/Src/main.c:20:
../Drivers/STM32F1xx_HAL_Driver/Inc/stm32f1xx_hal_pwr.h:55:2: error: declaration for parameter 'PWR_PVDTypeDef' but no such parameter
   55 | }PWR_PVDTypeDef;
      |  ^~~~~~~~~~~~~~
In file included from ../Core/Inc/stm32f1xx_hal_conf.h:286,
                 from ../Drivers/STM32F1xx_HAL_Driver/Inc/stm32f1xx_hal.h:30,
                 from ../Core/Inc/main.h:30,
                 from ../Core/Src/main.c:20:
../Drivers/STM32F1xx_HAL_Driver/Inc/stm32f1xx_hal_flash.h:290:10: error: declaration for parameter 'HAL_FLASH_GetError' but no such parameter
  290 | uint32_t HAL_FLASH_GetError(void);
      |          ^~~~~~~~~~~~~~~~~~
../Drivers/STM32F1xx_HAL_Driver/Inc/stm32f1xx_hal_flash.h:280:6: error: declaration for parameter 'HAL_FLASH_OB_Launch' but no such parameter
  280 | void HAL_FLASH_OB_Launch(void);
      |      ^~~~~~~~~~~~~~~~~~~
../Drivers/STM32F1xx_HAL_Driver/Inc/stm32f1xx_hal_flash.h:263:12: error: declaration for parameter 'HAL_FLASH_IRQHandler' but no such parameter
  263 | void       HAL_FLASH_IRQHandler(void);
      |            ^~~~~~~~~~~~~~~~~~~~
In file included from ../Drivers/STM32F1xx_HAL_Driver/Inc/stm32f1xx_hal_flash.h:248,
                 from ../Core/Inc/stm32f1xx_hal_conf.h:286,
                 from ../Drivers/STM32F1xx_HAL_Driver/Inc/stm32f1xx_hal.h:30,
                 from ../Core/Inc/main.h:30,
                 from ../Core/Src/main.c:20:
../Drivers/STM32F1xx_HAL_Driver/Inc/stm32f1xx_hal_flash_ex.h:224:3: error: declaration for parameter 'FLASH_OBProgramInitTypeDef' but no such parameter
  224 | } FLASH_OBProgramInitTypeDef;
      |   ^~~~~~~~~~~~~~~~~~~~~~~~~~
../Drivers/STM32F1xx_HAL_Driver/Inc/stm32f1xx_hal_flash_ex.h:185:3: error: declaration for parameter 'FLASH_EraseInitTypeDef' but no such parameter
  185 | } FLASH_EraseInitTypeDef;
      |   ^~~~~~~~~~~~~~~~~~~~~~
In file included from ../Core/Inc/stm32f1xx_hal_conf.h:286,
                 from ../Drivers/STM32F1xx_HAL_Driver/Inc/stm32f1xx_hal.h:30,
                 from ../Core/Inc/main.h:30,
                 from ../Core/Src/main.c:20:
../Drivers/STM32F1xx_HAL_Driver/Inc/stm32f1xx_hal_flash.h:102:3: error: declaration for parameter 'FLASH_ProcessTypeDef' but no such parameter
  102 | } FLASH_ProcessTypeDef;
      |   ^~~~~~~~~~~~~~~~~~~~
In file included from ../Core/Inc/stm32f1xx_hal_conf.h:286,
                 from ../Drivers/STM32F1xx_HAL_Driver/Inc/stm32f1xx_hal.h:30,
                 from ../Core/Inc/main.h:30,
                 from ../Core/Src/main.c:20:
../Drivers/STM32F1xx_HAL_Driver/Inc/stm32f1xx_hal_flash.h:83:3: error: declaration for parameter 'FLASH_ProcedureTypeDef' but no such parameter
   83 | } FLASH_ProcedureTypeDef;
      |   ^~~~~~~~~~~~~~~~~~~~~~
In file included from ../Core/Inc/stm32f1xx_hal_conf.h:270,
                 from ../Drivers/STM32F1xx_HAL_Driver/Inc/stm32f1xx_hal.h:30,
                 from ../Core/Inc/main.h:30,
                 from ../Core/Src/main.c:20:
../Drivers/STM32F1xx_HAL_Driver/Inc/stm32f1xx_hal_cortex.h:284:6: error: declaration for parameter 'HAL_SYSTICK_Callback' but no such parameter
  284 | void HAL_SYSTICK_Callback(void);
      |      ^~~~~~~~~~~~~~~~~~~~
../Drivers/STM32F1xx_HAL_Driver/Inc/stm32f1xx_hal_cortex.h:283:6: error: declaration for parameter 'HAL_SYSTICK_IRQHandler' but no such parameter
  283 | void HAL_SYSTICK_IRQHandler(void);
      |      ^~~~~~~~~~~~~~~~~~~~~~
../Drivers/STM32F1xx_HAL_Driver/Inc/stm32f1xx_hal_cortex.h:276:10: error: declaration for parameter 'HAL_NVIC_GetPriorityGrouping' but no such parameter
  276 | uint32_t HAL_NVIC_GetPriorityGrouping(void);
      |          ^~~~~~~~~~~~~~~~~~~~~~~~~~~~
../Drivers/STM32F1xx_HAL_Driver/Inc/stm32f1xx_hal_cortex.h:266:6: error: declaration for parameter 'HAL_NVIC_SystemReset' but no such parameter
  266 | void HAL_NVIC_SystemReset(void);
      |      ^~~~~~~~~~~~~~~~~~~~
In file included from ../Core/Inc/stm32f1xx_hal_conf.h:250,
                 from ../Drivers/STM32F1xx_HAL_Driver/Inc/stm32f1xx_hal.h:30,
                 from ../Core/Inc/main.h:30,
                 from ../Core/Src/main.c:20:
../Drivers/STM32F1xx_HAL_Driver/Inc/stm32f1xx_hal_dma.h:137:3: error: declaration for parameter 'DMA_HandleTypeDef' but no such parameter
  137 | } DMA_HandleTypeDef;
      |   ^~~~~~~~~~~~~~~~~
In file included from ../Core/Inc/stm32f1xx_hal_conf.h:250,
                 from ../Drivers/STM32F1xx_HAL_Driver/Inc/stm32f1xx_hal.h:30,
                 from ../Core/Inc/main.h:30,
                 from ../Core/Src/main.c:20:
../Drivers/STM32F1xx_HAL_Driver/Inc/stm32f1xx_hal_dma.h:106:2: error: declaration for parameter 'HAL_DMA_CallbackIDTypeDef' but no such parameter
  106 | }HAL_DMA_CallbackIDTypeDef;
      |  ^~~~~~~~~~~~~~~~~~~~~~~~~
../Drivers/STM32F1xx_HAL_Driver/Inc/stm32f1xx_hal_dma.h:93:2: error: declaration for parameter 'HAL_DMA_LevelCompleteTypeDef' but no such parameter
   93 | }HAL_DMA_LevelCompleteTypeDef;
      |  ^~~~~~~~~~~~~~~~~~~~~~~~~~~~
../Drivers/STM32F1xx_HAL_Driver/Inc/stm32f1xx_hal_dma.h:84:2: error: declaration for parameter 'HAL_DMA_StateTypeDef' but no such parameter
   84 | }HAL_DMA_StateTypeDef;
      |  ^~~~~~~~~~~~~~~~~~~~
../Drivers/STM32F1xx_HAL_Driver/Inc/stm32f1xx_hal_dma.h:73:3: error: declaration for parameter 'DMA_InitTypeDef' but no such parameter
   73 | } DMA_InitTypeDef;
      |   ^~~~~~~~~~~~~~~
In file included from ../Core/Inc/stm32f1xx_hal_conf.h:246,
                 from ../Drivers/STM32F1xx_HAL_Driver/Inc/stm32f1xx_hal.h:30,
                 from ../Core/Inc/main.h:30,
                 from ../Core/Src/main.c:20:
../Drivers/STM32F1xx_HAL_Driver/Inc/stm32f1xx_hal_exti.h:77:3: error: declaration for parameter 'EXTI_ConfigTypeDef' but no such parameter
   77 | } EXTI_ConfigTypeDef;
      |   ^~~~~~~~~~~~~~~~~~
../Drivers/STM32F1xx_HAL_Driver/Inc/stm32f1xx_hal_exti.h:61:3: error: declaration for parameter 'EXTI_HandleTypeDef' but no such parameter
   61 | } EXTI_HandleTypeDef;
      |   ^~~~~~~~~~~~~~~~~~
../Drivers/STM32F1xx_HAL_Driver/Inc/stm32f1xx_hal_exti.h:52:3: error: declaration for parameter 'EXTI_CallbackIDTypeDef' but no such parameter
   52 | } EXTI_CallbackIDTypeDef;
      |   ^~~~~~~~~~~~~~~~~~~~~~
In file included from ../Drivers/STM32F1xx_HAL_Driver/Inc/stm32f1xx_hal_gpio.h:213,
                 from ../Core/Inc/stm32f1xx_hal_conf.h:242,
                 from ../Drivers/STM32F1xx_HAL_Driver/Inc/stm32f1xx_hal.h:30,
                 from ../Core/Inc/main.h:30,
                 from ../Core/Src/main.c:20:
../Drivers/STM32F1xx_HAL_Driver/Inc/stm32f1xx_hal_gpio_ex.h:870:6: error: declaration for parameter 'HAL_GPIOEx_DisableEventout' but no such parameter
  870 | void HAL_GPIOEx_DisableEventout(void);
      |      ^~~~~~~~~~~~~~~~~~~~~~~~~~
../Drivers/STM32F1xx_HAL_Driver/Inc/stm32f1xx_hal_gpio_ex.h:869:6: error: declaration for parameter 'HAL_GPIOEx_EnableEventout' but no such parameter
  869 | void HAL_GPIOEx_EnableEventout(void);
      |      ^~~~~~~~~~~~~~~~~~~~~~~~~
In file included from ../Core/Inc/stm32f1xx_hal_conf.h:242,
                 from ../Drivers/STM32F1xx_HAL_Driver/Inc/stm32f1xx_hal.h:30,
                 from ../Core/Inc/main.h:30,
                 from ../Core/Src/main.c:20:
../Drivers/STM32F1xx_HAL_Driver/Inc/stm32f1xx_hal_gpio.h:69:3: error: declaration for parameter 'GPIO_PinState' but no such parameter
   69 | } GPIO_PinState;
      |   ^~~~~~~~~~~~~
../Drivers/STM32F1xx_HAL_Driver/Inc/stm32f1xx_hal_gpio.h:60:3: error: declaration for parameter 'GPIO_InitTypeDef' but no such parameter
   60 | } GPIO_InitTypeDef;
      |   ^~~~~~~~~~~~~~~~
In file included from ../Core/Inc/stm32f1xx_hal_conf.h:238,
                 from ../Drivers/STM32F1xx_HAL_Driver/Inc/stm32f1xx_hal.h:30,
                 from ../Core/Inc/main.h:30,
                 from ../Core/Src/main.c:20:
../Drivers/STM32F1xx_HAL_Driver/Inc/stm32f1xx_hal_rcc.h:1183:19: error: declaration for parameter 'HAL_RCC_CSSCallback' but no such parameter
 1183 | void              HAL_RCC_CSSCallback(void);
      |                   ^~~~~~~~~~~~~~~~~~~
../Drivers/STM32F1xx_HAL_Driver/Inc/stm32f1xx_hal_rcc.h:1180:19: error: declaration for parameter 'HAL_RCC_NMI_IRQHandler' but no such parameter
 1180 | void              HAL_RCC_NMI_IRQHandler(void);
      |                   ^~~~~~~~~~~~~~~~~~~~~~
../Drivers/STM32F1xx_HAL_Driver/Inc/stm32f1xx_hal_rcc.h:1175:19: error: declaration for parameter 'HAL_RCC_GetPCLK2Freq' but no such parameter
 1175 | uint32_t          HAL_RCC_GetPCLK2Freq(void);
      |                   ^~~~~~~~~~~~~~~~~~~~
../Drivers/STM32F1xx_HAL_Driver/Inc/stm32f1xx_hal_rcc.h:1174:19: error: declaration for parameter 'HAL_RCC_GetPCLK1Freq' but no such parameter
 1174 | uint32_t          HAL_RCC_GetPCLK1Freq(void);
      |                   ^~~~~~~~~~~~~~~~~~~~
../Drivers/STM32F1xx_HAL_Driver/Inc/stm32f1xx_hal_rcc.h:1173:19: error: declaration for parameter 'HAL_RCC_GetHCLKFreq' but no such parameter
 1173 | uint32_t          HAL_RCC_GetHCLKFreq(void);
      |                   ^~~~~~~~~~~~~~~~~~~
../Drivers/STM32F1xx_HAL_Driver/Inc/stm32f1xx_hal_rcc.h:1172:19: error: declaration for parameter 'HAL_RCC_GetSysClockFreq' but no such parameter
 1172 | uint32_t          HAL_RCC_GetSysClockFreq(void);
      |                   ^~~~~~~~~~~~~~~~~~~~~~~
../Drivers/STM32F1xx_HAL_Driver/Inc/stm32f1xx_hal_rcc.h:1171:19: error: declaration for parameter 'HAL_RCC_DisableCSS' but no such parameter
 1171 | void              HAL_RCC_DisableCSS(void);
      |                   ^~~~~~~~~~~~~~~~~~
../Drivers/STM32F1xx_HAL_Driver/Inc/stm32f1xx_hal_rcc.h:1170:19: error: declaration for parameter 'HAL_RCC_EnableCSS' but no such parameter
 1170 | void              HAL_RCC_EnableCSS(void);
      |                   ^~~~~~~~~~~~~~~~~
In file included from ../Drivers/STM32F1xx_HAL_Driver/Inc/stm32f1xx_hal_rcc.h:1144,
                 from ../Core/Inc/stm32f1xx_hal_conf.h:238,
                 from ../Drivers/STM32F1xx_HAL_Driver/Inc/stm32f1xx_hal.h:30,
                 from ../Core/Inc/main.h:30,
                 from ../Core/Src/main.c:20:
../Drivers/STM32F1xx_HAL_Driver/Inc/stm32f1xx_hal_rcc_ex.h:316:3: error: declaration for parameter 'RCC_PeriphCLKInitTypeDef' but no such parameter
  316 | } RCC_PeriphCLKInitTypeDef;
      |   ^~~~~~~~~~~~~~~~~~~~~~~~
../Drivers/STM32F1xx_HAL_Driver/Inc/stm32f1xx_hal_rcc_ex.h:261:3: error: declaration for parameter 'RCC_OscInitTypeDef' but no such parameter
  261 | } RCC_OscInitTypeDef;
      |   ^~~~~~~~~~~~~~~~~~
In file included from ../Core/Inc/stm32f1xx_hal_conf.h:238,
                 from ../Drivers/STM32F1xx_HAL_Driver/Inc/stm32f1xx_hal.h:30,
                 from ../Core/Inc/main.h:30,
                 from ../Core/Src/main.c:20:
../Drivers/STM32F1xx_HAL_Driver/Inc/stm32f1xx_hal_rcc.h:80:3: error: declaration for parameter 'RCC_ClkInitTypeDef' but no such parameter
   80 | } RCC_ClkInitTypeDef;
      |   ^~~~~~~~~~~~~~~~~~
../Drivers/STM32F1xx_HAL_Driver/Inc/stm32f1xx_hal_rcc.h:59:3: error: declaration for parameter 'RCC_PLLInitTypeDef' but no such parameter
   59 | } RCC_PLLInitTypeDef;
      |   ^~~~~~~~~~~~~~~~~~
In file included from ../Drivers/STM32F1xx_HAL_Driver/Inc/stm32f1xx_hal_rcc.h:29,
                 from ../Core/Inc/stm32f1xx_hal_conf.h:238,
                 from ../Drivers/STM32F1xx_HAL_Driver/Inc/stm32f1xx_hal.h:30,
                 from ../Core/Inc/main.h:30,
                 from ../Core/Src/main.c:20:
../Drivers/STM32F1xx_HAL_Driver/Inc/stm32f1xx_hal_def.h:54:3: error: declaration for parameter 'HAL_LockTypeDef' but no such parameter
   54 | } HAL_LockTypeDef;
      |   ^~~~~~~~~~~~~~~
../Drivers/STM32F1xx_HAL_Driver/Inc/stm32f1xx_hal_def.h:45:3: error: declaration for parameter 'HAL_StatusTypeDef' but no such parameter
   45 | } HAL_StatusTypeDef;
      |   ^~~~~~~~~~~~~~~~~
In file included from ../Drivers/STM32F1xx_HAL_Driver/Inc/stm32f1xx_hal_def.h:32,
                 from ../Drivers/STM32F1xx_HAL_Driver/Inc/stm32f1xx_hal_rcc.h:29,
                 from ../Core/Inc/stm32f1xx_hal_conf.h:238,
                 from ../Drivers/STM32F1xx_HAL_Driver/Inc/stm32f1xx_hal.h:30,
                 from ../Core/Inc/main.h:30,
                 from ../Core/Src/main.c:20:
d:\stm32cubeide_1.10.1\stm32cubeide\plugins\com.st.stm32cube.ide.mcu.externaltools.gnu-tools-for-stm32.10.3-2021.10.win32_1.0.0.202111181127\tools\lib\gcc\arm-none-eabi\10.3.1\include\stddef.h:426:3: error: declaration for parameter 'max_align_t' but no such parameter
  426 | } max_align_t;
      |   ^~~~~~~~~~~
d:\stm32cubeide_1.10.1\stm32cubeide\plugins\com.st.stm32cube.ide.mcu.externaltools.gnu-tools-for-stm32.10.3-2021.10.win32_1.0.0.202111181127\tools\lib\gcc\arm-none-eabi\10.3.1\include\stddef.h:321:24: error: declaration for parameter 'wchar_t' but no such parameter
  321 | typedef __WCHAR_TYPE__ wchar_t;
      |                        ^~~~~~~
d:\stm32cubeide_1.10.1\stm32cubeide\plugins\com.st.stm32cube.ide.mcu.externaltools.gnu-tools-for-stm32.10.3-2021.10.win32_1.0.0.202111181127\tools\lib\gcc\arm-none-eabi\10.3.1\include\stddef.h:209:23: error: declaration for parameter 'size_t' but no such parameter
  209 | typedef __SIZE_TYPE__ size_t;
      |                       ^~~~~~
d:\stm32cubeide_1.10.1\stm32cubeide\plugins\com.st.stm32cube.ide.mcu.externaltools.gnu-tools-for-stm32.10.3-2021.10.win32_1.0.0.202111181127\tools\lib\gcc\arm-none-eabi\10.3.1\include\stddef.h:143:26: error: declaration for parameter 'ptrdiff_t' but no such parameter
  143 | typedef __PTRDIFF_TYPE__ ptrdiff_t;
      |                          ^~~~~~~~~
In file included from ../Drivers/STM32F1xx_HAL_Driver/Inc/stm32f1xx_hal_def.h:30,
                 from ../Drivers/STM32F1xx_HAL_Driver/Inc/stm32f1xx_hal_rcc.h:29,
                 from ../Core/Inc/stm32f1xx_hal_conf.h:238,
                 from ../Drivers/STM32F1xx_HAL_Driver/Inc/stm32f1xx_hal.h:30,
                 from ../Core/Inc/main.h:30,
                 from ../Core/Src/main.c:20:
../Drivers/CMSIS/Device/ST/STM32F1xx/Include/stm32f1xx.h:168:3: error: declaration for parameter 'ErrorStatus' but no such parameter
  168 | } ErrorStatus;
      |   ^~~~~~~~~~~
../Drivers/CMSIS/Device/ST/STM32F1xx/Include/stm32f1xx.h:161:3: error: declaration for parameter 'FunctionalState' but no such parameter
  161 | } FunctionalState;
      |   ^~~~~~~~~~~~~~~
../Drivers/CMSIS/Device/ST/STM32F1xx/Include/stm32f1xx.h:155:15: error: declaration for parameter 'ITStatus' but no such parameter
  155 | } FlagStatus, ITStatus;
      |               ^~~~~~~~
../Drivers/CMSIS/Device/ST/STM32F1xx/Include/stm32f1xx.h:155:3: error: declaration for parameter 'FlagStatus' but no such parameter
  155 | } FlagStatus, ITStatus;
      |   ^~~~~~~~~~
In file included from ../Drivers/CMSIS/Device/ST/STM32F1xx/Include/stm32f1xx.h:131,
                 from ../Drivers/STM32F1xx_HAL_Driver/Inc/stm32f1xx_hal_def.h:30,
                 from ../Drivers/STM32F1xx_HAL_Driver/Inc/stm32f1xx_hal_rcc.h:29,
                 from ../Core/Inc/stm32f1xx_hal_conf.h:238,
                 from ../Drivers/STM32F1xx_HAL_Driver/Inc/stm32f1xx_hal.h:30,
                 from ../Core/Inc/main.h:30,
                 from ../Core/Src/main.c:20:
../Drivers/CMSIS/Device/ST/STM32F1xx/Include/stm32f103xb.h:562:3: error: declaration for parameter 'WWDG_TypeDef' but no such parameter
  562 | } WWDG_TypeDef;
      |   ^~~~~~~~~~~~
../Drivers/CMSIS/Device/ST/STM32F1xx/Include/stm32f103xb.h:550:3: error: declaration for parameter 'USB_TypeDef' but no such parameter
  550 | } USB_TypeDef;
      |   ^~~~~~~~~~~
../Drivers/CMSIS/Device/ST/STM32F1xx/Include/stm32f103xb.h:516:3: error: declaration for parameter 'USART_TypeDef' but no such parameter
  516 | } USART_TypeDef;
      |   ^~~~~~~~~~~~~
../Drivers/CMSIS/Device/ST/STM32F1xx/Include/stm32f103xb.h:500:2: error: declaration for parameter 'TIM_TypeDef' but no such parameter
  500 | }TIM_TypeDef;
      |  ^~~~~~~~~~~
../Drivers/CMSIS/Device/ST/STM32F1xx/Include/stm32f103xb.h:472:3: error: declaration for parameter 'SPI_TypeDef' but no such parameter
  472 | } SPI_TypeDef;
      |   ^~~~~~~~~~~
../Drivers/CMSIS/Device/ST/STM32F1xx/Include/stm32f103xb.h:456:3: error: declaration for parameter 'RTC_TypeDef' but no such parameter
  456 | } RTC_TypeDef;
      |   ^~~~~~~~~~~
../Drivers/CMSIS/Device/ST/STM32F1xx/Include/stm32f103xb.h:438:3: error: declaration for parameter 'RCC_TypeDef' but no such parameter
  438 | } RCC_TypeDef;
      |   ^~~~~~~~~~~
../Drivers/CMSIS/Device/ST/STM32F1xx/Include/stm32f103xb.h:418:3: error: declaration for parameter 'PWR_TypeDef' but no such parameter
  418 | } PWR_TypeDef;
      |   ^~~~~~~~~~~
../Drivers/CMSIS/Device/ST/STM32F1xx/Include/stm32f103xb.h:408:3: error: declaration for parameter 'IWDG_TypeDef' but no such parameter
  408 | } IWDG_TypeDef;
      |   ^~~~~~~~~~~~
../Drivers/CMSIS/Device/ST/STM32F1xx/Include/stm32f103xb.h:396:3: error: declaration for parameter 'I2C_TypeDef' but no such parameter
  396 | } I2C_TypeDef;
      |   ^~~~~~~~~~~
../Drivers/CMSIS/Device/ST/STM32F1xx/Include/stm32f103xb.h:380:3: error: declaration for parameter 'AFIO_TypeDef' but no such parameter
  380 | } AFIO_TypeDef;
      |   ^~~~~~~~~~~~
../Drivers/CMSIS/Device/ST/STM32F1xx/Include/stm32f103xb.h:367:3: error: declaration for parameter 'GPIO_TypeDef' but no such parameter
  367 | } GPIO_TypeDef;
      |   ^~~~~~~~~~~~
../Drivers/CMSIS/Device/ST/STM32F1xx/Include/stm32f103xb.h:352:3: error: declaration for parameter 'OB_TypeDef' but no such parameter
  352 | } OB_TypeDef;
      |   ^~~~~~~~~~
../Drivers/CMSIS/Device/ST/STM32F1xx/Include/stm32f103xb.h:336:3: error: declaration for parameter 'FLASH_TypeDef' but no such parameter
  336 | } FLASH_TypeDef;
      |   ^~~~~~~~~~~~~
../Drivers/CMSIS/Device/ST/STM32F1xx/Include/stm32f103xb.h:319:3: error: declaration for parameter 'EXTI_TypeDef' but no such parameter
  319 | } EXTI_TypeDef;
      |   ^~~~~~~~~~~~
../Drivers/CMSIS/Device/ST/STM32F1xx/Include/stm32f103xb.h:303:3: error: declaration for parameter 'DMA_TypeDef' but no such parameter
  303 | } DMA_TypeDef;
      |   ^~~~~~~~~~~
../Drivers/CMSIS/Device/ST/STM32F1xx/Include/stm32f103xb.h:297:3: error: declaration for parameter 'DMA_Channel_TypeDef' but no such parameter
  297 | } DMA_Channel_TypeDef;
      |   ^~~~~~~~~~~~~~~~~~~
../Drivers/CMSIS/Device/ST/STM32F1xx/Include/stm32f103xb.h:285:2: error: declaration for parameter 'DBGMCU_TypeDef' but no such parameter
  285 | }DBGMCU_TypeDef;
      |  ^~~~~~~~~~~~~~
../Drivers/CMSIS/Device/ST/STM32F1xx/Include/stm32f103xb.h:274:3: error: declaration for parameter 'CRC_TypeDef' but no such parameter
  274 | } CRC_TypeDef;
      |   ^~~~~~~~~~~
../Drivers/CMSIS/Device/ST/STM32F1xx/Include/stm32f103xb.h:261:3: error: declaration for parameter 'CAN_TypeDef' but no such parameter
  261 | } CAN_TypeDef;
      |   ^~~~~~~~~~~
../Drivers/CMSIS/Device/ST/STM32F1xx/Include/stm32f103xb.h:231:3: error: declaration for parameter 'CAN_FilterRegister_TypeDef' but no such parameter
  231 | } CAN_FilterRegister_TypeDef;
      |   ^~~~~~~~~~~~~~~~~~~~~~~~~~
../Drivers/CMSIS/Device/ST/STM32F1xx/Include/stm32f103xb.h:221:3: error: declaration for parameter 'CAN_FIFOMailBox_TypeDef' but no such parameter
  221 | } CAN_FIFOMailBox_TypeDef;
      |   ^~~~~~~~~~~~~~~~~~~~~~~
../Drivers/CMSIS/Device/ST/STM32F1xx/Include/stm32f103xb.h:209:3: error: declaration for parameter 'CAN_TxMailBox_TypeDef' but no such parameter
  209 | } CAN_TxMailBox_TypeDef;
      |   ^~~~~~~~~~~~~~~~~~~~~
../Drivers/CMSIS/Device/ST/STM32F1xx/Include/stm32f103xb.h:197:3: error: declaration for parameter 'BKP_TypeDef' but no such parameter
  197 | } BKP_TypeDef;
      |   ^~~~~~~~~~~
../Drivers/CMSIS/Device/ST/STM32F1xx/Include/stm32f103xb.h:175:3: error: declaration for parameter 'ADC_Common_TypeDef' but no such parameter
  175 | } ADC_Common_TypeDef;
      |   ^~~~~~~~~~~~~~~~~~
In file included from ../Drivers/CMSIS/Device/ST/STM32F1xx/Include/stm32f1xx.h:131,
                 from ../Drivers/STM32F1xx_HAL_Driver/Inc/stm32f1xx_hal_def.h:30,
                 from ../Drivers/STM32F1xx_HAL_Driver/Inc/stm32f1xx_hal_rcc.h:29,
                 from ../Core/Inc/stm32f1xx_hal_conf.h:238,
                 from ../Drivers/STM32F1xx_HAL_Driver/Inc/stm32f1xx_hal.h:30,
                 from ../Core/Inc/main.h:30,
                 from ../Core/Src/main.c:20:
../Drivers/CMSIS/Device/ST/STM32F1xx/Include/stm32f103xb.h:166:3: error: declaration for parameter 'ADC_TypeDef' but no such parameter
  166 | } ADC_TypeDef;
      |   ^~~~~~~~~~~
In file included from ../Drivers/CMSIS/Device/ST/STM32F1xx/Include/stm32f103xb.h:133,
                 from ../Drivers/CMSIS/Device/ST/STM32F1xx/Include/stm32f1xx.h:131,
                 from ../Drivers/STM32F1xx_HAL_Driver/Inc/stm32f1xx_hal_def.h:30,
                 from ../Drivers/STM32F1xx_HAL_Driver/Inc/stm32f1xx_hal_rcc.h:29,
                 from ../Core/Inc/stm32f1xx_hal_conf.h:238,
                 from ../Drivers/STM32F1xx_HAL_Driver/Inc/stm32f1xx_hal.h:30,
                 from ../Core/Inc/main.h:30,
                 from ../Core/Src/main.c:20:
../Drivers/CMSIS/Device/ST/STM32F1xx/Include/system_stm32f1xx.h:80:13: error: declaration for parameter 'SystemCoreClockUpdate' but no such parameter
   80 | extern void SystemCoreClockUpdate(void);
      |             ^~~~~~~~~~~~~~~~~~~~~
../Drivers/CMSIS/Device/ST/STM32F1xx/Include/system_stm32f1xx.h:79:13: error: declaration for parameter 'SystemInit' but no such parameter
   79 | extern void SystemInit(void);
      |             ^~~~~~~~~~
../Drivers/CMSIS/Device/ST/STM32F1xx/Include/system_stm32f1xx.h:53:23: error: declaration for parameter 'APBPrescTable' but no such parameter
   53 | extern const uint8_t  APBPrescTable[8U];   /*!< APB prescalers table values */
      |                       ^~~~~~~~~~~~~
../Drivers/CMSIS/Device/ST/STM32F1xx/Include/system_stm32f1xx.h:52:23: error: declaration for parameter 'AHBPrescTable' but no such parameter
   52 | extern const uint8_t  AHBPrescTable[16U];  /*!< AHB prescalers table values */
      |                       ^~~~~~~~~~~~~
../Drivers/CMSIS/Device/ST/STM32F1xx/Include/system_stm32f1xx.h:51:17: error: declaration for parameter 'SystemCoreClock' but no such parameter
   51 | extern uint32_t SystemCoreClock;          /*!< System Clock Frequency (Core Clock) */
      |                 ^~~~~~~~~~~~~~~
In file included from ../Drivers/CMSIS/Device/ST/STM32F1xx/Include/stm32f103xb.h:132,
                 from ../Drivers/CMSIS/Device/ST/STM32F1xx/Include/stm32f1xx.h:131,
                 from ../Drivers/STM32F1xx_HAL_Driver/Inc/stm32f1xx_hal_def.h:30,
                 from ../Drivers/STM32F1xx_HAL_Driver/Inc/stm32f1xx_hal_rcc.h:29,
                 from ../Core/Inc/stm32f1xx_hal_conf.h:238,
                 from ../Drivers/STM32F1xx_HAL_Driver/Inc/stm32f1xx_hal.h:30,
                 from ../Core/Inc/main.h:30,
                 from ../Core/Src/main.c:20:
../Drivers/CMSIS/Include/core_cm3.h:1864:25: error: declaration for parameter 'ITM_RxBuffer' but no such parameter
 1864 | extern volatile int32_t ITM_RxBuffer;                              /*!< External variable to receive characters. */
      |                         ^~~~~~~~~~~~
../Drivers/CMSIS/Include/core_cm3.h:1260:3: error: declaration for parameter 'CoreDebug_Type' but no such parameter
 1260 | } CoreDebug_Type;
      |   ^~~~~~~~~~~~~~
../Drivers/CMSIS/Include/core_cm3.h:1022:3: error: declaration for parameter 'TPI_Type' but no such parameter
 1022 | } TPI_Type;
      |   ^~~~~~~~
../Drivers/CMSIS/Include/core_cm3.h:874:3: error: declaration for parameter 'DWT_Type' but no such parameter
  874 | } DWT_Type;
      |   ^~~~~~~~
../Drivers/CMSIS/Include/core_cm3.h:780:3: error: declaration for parameter 'ITM_Type' but no such parameter
  780 | } ITM_Type;
      |   ^~~~~~~~
../Drivers/CMSIS/Include/core_cm3.h:700:3: error: declaration for parameter 'SysTick_Type' but no such parameter
  700 | } SysTick_Type;
      |   ^~~~~~~~~~~~
../Drivers/CMSIS/Include/core_cm3.h:664:3: error: declaration for parameter 'SCnSCB_Type' but no such parameter
  664 | } SCnSCB_Type;
      |   ^~~~~~~~~~~
In file included from ../Drivers/CMSIS/Device/ST/STM32F1xx/Include/stm32f103xb.h:132,
                 from ../Drivers/CMSIS/Device/ST/STM32F1xx/Include/stm32f1xx.h:131,
                 from ../Drivers/STM32F1xx_HAL_Driver/Inc/stm32f1xx_hal_def.h:30,
                 from ../Drivers/STM32F1xx_HAL_Driver/Inc/stm32f1xx_hal_rcc.h:29,
                 from ../Core/Inc/stm32f1xx_hal_conf.h:238,
                 from ../Drivers/STM32F1xx_HAL_Driver/Inc/stm32f1xx_hal.h:30,
                 from ../Core/Inc/main.h:30,
                 from ../Core/Src/main.c:20:
../Drivers/CMSIS/Include/core_cm3.h:397:3: error: declaration for parameter 'SCB_Type' but no such parameter
  397 | } SCB_Type;
      |   ^~~~~~~~
../Drivers/CMSIS/Include/core_cm3.h:355:4: error: declaration for parameter 'NVIC_Type' but no such parameter
  355 | }  NVIC_Type;
      |    ^~~~~~~~~
../Drivers/CMSIS/Include/core_cm3.h:318:3: error: declaration for parameter 'CONTROL_Type' but no such parameter
  318 | } CONTROL_Type;
      |   ^~~~~~~~~~~~
../Drivers/CMSIS/Include/core_cm3.h:275:3: error: declaration for parameter 'xPSR_Type' but no such parameter
  275 | } xPSR_Type;
      |   ^~~~~~~~~
../Drivers/CMSIS/Include/core_cm3.h:248:3: error: declaration for parameter 'IPSR_Type' but no such parameter
  248 | } IPSR_Type;
      |   ^~~~~~~~~
In file included from d:\stm32cubeide_1.10.1\stm32cubeide\plugins\com.st.stm32cube.ide.mcu.externaltools.gnu-tools-for-stm32.10.3-2021.10.win32_1.0.0.202111181127\tools\lib\gcc\arm-none-eabi\10.3.1\include\stdint.h:9,
                 from ../Drivers/CMSIS/Include/core_cm3.h:34,
                 from ../Drivers/CMSIS/Device/ST/STM32F1xx/Include/stm32f103xb.h:132,
                 from ../Drivers/CMSIS/Device/ST/STM32F1xx/Include/stm32f1xx.h:131,
                 from ../Drivers/STM32F1xx_HAL_Driver/Inc/stm32f1xx_hal_def.h:30,
                 from ../Drivers/STM32F1xx_HAL_Driver/Inc/stm32f1xx_hal_rcc.h:29,
                 from ../Core/Inc/stm32f1xx_hal_conf.h:238,
                 from ../Drivers/STM32F1xx_HAL_Driver/Inc/stm32f1xx_hal.h:30,
                 from ../Core/Inc/main.h:30,
                 from ../Core/Src/main.c:20:
d:\stm32cubeide_1.10.1\stm32cubeide\plugins\com.st.stm32cube.ide.mcu.externaltools.gnu-tools-for-stm32.10.3-2021.10.win32_1.0.0.202111181127\tools\arm-none-eabi\include\stdint.h:82:32: error: declaration for parameter 'uint_fast64_t' but no such parameter
   82 |   typedef __UINT_FAST64_TYPE__ uint_fast64_t;
      |                                ^~~~~~~~~~~~~
d:\stm32cubeide_1.10.1\stm32cubeide\plugins\com.st.stm32cube.ide.mcu.externaltools.gnu-tools-for-stm32.10.3-2021.10.win32_1.0.0.202111181127\tools\arm-none-eabi\include\stdint.h:81:31: error: declaration for parameter 'int_fast64_t' but no such parameter
   81 |   typedef __INT_FAST64_TYPE__ int_fast64_t;
      |                               ^~~~~~~~~~~~
d:\stm32cubeide_1.10.1\stm32cubeide\plugins\com.st.stm32cube.ide.mcu.externaltools.gnu-tools-for-stm32.10.3-2021.10.win32_1.0.0.202111181127\tools\arm-none-eabi\include\stdint.h:72:32: error: declaration for parameter 'uint_fast32_t' but no such parameter
   72 |   typedef __UINT_FAST32_TYPE__ uint_fast32_t;
      |                                ^~~~~~~~~~~~~
d:\stm32cubeide_1.10.1\stm32cubeide\plugins\com.st.stm32cube.ide.mcu.externaltools.gnu-tools-for-stm32.10.3-2021.10.win32_1.0.0.202111181127\tools\arm-none-eabi\include\stdint.h:71:31: error: declaration for parameter 'int_fast32_t' but no such parameter
   71 |   typedef __INT_FAST32_TYPE__ int_fast32_t;
      |                               ^~~~~~~~~~~~
d:\stm32cubeide_1.10.1\stm32cubeide\plugins\com.st.stm32cube.ide.mcu.externaltools.gnu-tools-for-stm32.10.3-2021.10.win32_1.0.0.202111181127\tools\arm-none-eabi\include\stdint.h:62:32: error: declaration for parameter 'uint_fast16_t' but no such parameter
   62 |   typedef __UINT_FAST16_TYPE__ uint_fast16_t;
      |                                ^~~~~~~~~~~~~
d:\stm32cubeide_1.10.1\stm32cubeide\plugins\com.st.stm32cube.ide.mcu.externaltools.gnu-tools-for-stm32.10.3-2021.10.win32_1.0.0.202111181127\tools\arm-none-eabi\include\stdint.h:61:31: error: declaration for parameter 'int_fast16_t' but no such parameter
   61 |   typedef __INT_FAST16_TYPE__ int_fast16_t;
      |                               ^~~~~~~~~~~~
d:\stm32cubeide_1.10.1\stm32cubeide\plugins\com.st.stm32cube.ide.mcu.externaltools.gnu-tools-for-stm32.10.3-2021.10.win32_1.0.0.202111181127\tools\arm-none-eabi\include\stdint.h:52:31: error: declaration for parameter 'uint_fast8_t' but no such parameter
   52 |   typedef __UINT_FAST8_TYPE__ uint_fast8_t;
      |                               ^~~~~~~~~~~~
d:\stm32cubeide_1.10.1\stm32cubeide\plugins\com.st.stm32cube.ide.mcu.externaltools.gnu-tools-for-stm32.10.3-2021.10.win32_1.0.0.202111181127\tools\arm-none-eabi\include\stdint.h:51:30: error: declaration for parameter 'int_fast8_t' but no such parameter
   51 |   typedef __INT_FAST8_TYPE__ int_fast8_t;
      |                              ^~~~~~~~~~~
In file included from d:\stm32cubeide_1.10.1\stm32cubeide\plugins\com.st.stm32cube.ide.mcu.externaltools.gnu-tools-for-stm32.10.3-2021.10.win32_1.0.0.202111181127\tools\arm-none-eabi\include\stdint.h:12,
                 from d:\stm32cubeide_1.10.1\stm32cubeide\plugins\com.st.stm32cube.ide.mcu.externaltools.gnu-tools-for-stm32.10.3-2021.10.win32_1.0.0.202111181127\tools\lib\gcc\arm-none-eabi\10.3.1\include\stdint.h:9,
                 from ../Drivers/CMSIS/Include/core_cm3.h:34,
                 from ../Drivers/CMSIS/Device/ST/STM32F1xx/Include/stm32f103xb.h:132,
                 from ../Drivers/CMSIS/Device/ST/STM32F1xx/Include/stm32f1xx.h:131,
                 from ../Drivers/STM32F1xx_HAL_Driver/Inc/stm32f1xx_hal_def.h:30,
                 from ../Drivers/STM32F1xx_HAL_Driver/Inc/stm32f1xx_hal_rcc.h:29,
                 from ../Core/Inc/stm32f1xx_hal_conf.h:238,
                 from ../Drivers/STM32F1xx_HAL_Driver/Inc/stm32f1xx_hal.h:30,
                 from ../Core/Inc/main.h:30,
                 from ../Core/Src/main.c:20:
d:\stm32cubeide_1.10.1\stm32cubeide\plugins\com.st.stm32cube.ide.mcu.externaltools.gnu-tools-for-stm32.10.3-2021.10.win32_1.0.0.202111181127\tools\arm-none-eabi\include\machine\_default_types.h:232:26: error: declaration for parameter '__uintptr_t' but no such parameter
  232 | typedef __UINTPTR_TYPE__ __uintptr_t;
      |                          ^~~~~~~~~~~
d:\stm32cubeide_1.10.1\stm32cubeide\plugins\com.st.stm32cube.ide.mcu.externaltools.gnu-tools-for-stm32.10.3-2021.10.win32_1.0.0.202111181127\tools\arm-none-eabi\include\machine\_default_types.h:230:25: error: declaration for parameter '__intptr_t' but no such parameter
  230 | typedef __INTPTR_TYPE__ __intptr_t;
      |                         ^~~~~~~~~~
d:\stm32cubeide_1.10.1\stm32cubeide\plugins\com.st.stm32cube.ide.mcu.externaltools.gnu-tools-for-stm32.10.3-2021.10.win32_1.0.0.202111181127\tools\arm-none-eabi\include\machine\_default_types.h:222:26: error: declaration for parameter '__uintmax_t' but no such parameter
  222 | typedef __UINTMAX_TYPE__ __uintmax_t;
      |                          ^~~~~~~~~~~
d:\stm32cubeide_1.10.1\stm32cubeide\plugins\com.st.stm32cube.ide.mcu.externaltools.gnu-tools-for-stm32.10.3-2021.10.win32_1.0.0.202111181127\tools\arm-none-eabi\include\machine\_default_types.h:214:25: error: declaration for parameter '__intmax_t' but no such parameter
  214 | typedef __INTMAX_TYPE__ __intmax_t;
      |                         ^~~~~~~~~~
d:\stm32cubeide_1.10.1\stm32cubeide\plugins\com.st.stm32cube.ide.mcu.externaltools.gnu-tools-for-stm32.10.3-2021.10.win32_1.0.0.202111181127\tools\arm-none-eabi\include\machine\_default_types.h:202:31: error: declaration for parameter '__uint_least64_t' but no such parameter
  202 | typedef __UINT_LEAST64_TYPE__ __uint_least64_t;
      |                               ^~~~~~~~~~~~~~~~
d:\stm32cubeide_1.10.1\stm32cubeide\plugins\com.st.stm32cube.ide.mcu.externaltools.gnu-tools-for-stm32.10.3-2021.10.win32_1.0.0.202111181127\tools\arm-none-eabi\include\machine\_default_types.h:200:30: error: declaration for parameter '__int_least64_t' but no such parameter
  200 | typedef __INT_LEAST64_TYPE__ __int_least64_t;
      |                              ^~~~~~~~~~~~~~~
d:\stm32cubeide_1.10.1\stm32cubeide\plugins\com.st.stm32cube.ide.mcu.externaltools.gnu-tools-for-stm32.10.3-2021.10.win32_1.0.0.202111181127\tools\arm-none-eabi\include\machine\_default_types.h:184:31: error: declaration for parameter '__uint_least32_t' but no such parameter
  184 | typedef __UINT_LEAST32_TYPE__ __uint_least32_t;
      |                               ^~~~~~~~~~~~~~~~
d:\stm32cubeide_1.10.1\stm32cubeide\plugins\com.st.stm32cube.ide.mcu.externaltools.gnu-tools-for-stm32.10.3-2021.10.win32_1.0.0.202111181127\tools\arm-none-eabi\include\machine\_default_types.h:182:30: error: declaration for parameter '__int_least32_t' but no such parameter
  182 | typedef __INT_LEAST32_TYPE__ __int_least32_t;
      |                              ^~~~~~~~~~~~~~~
d:\stm32cubeide_1.10.1\stm32cubeide\plugins\com.st.stm32cube.ide.mcu.externaltools.gnu-tools-for-stm32.10.3-2021.10.win32_1.0.0.202111181127\tools\arm-none-eabi\include\machine\_default_types.h:162:31: error: declaration for parameter '__uint_least16_t' but no such parameter
  162 | typedef __UINT_LEAST16_TYPE__ __uint_least16_t;
      |                               ^~~~~~~~~~~~~~~~
d:\stm32cubeide_1.10.1\stm32cubeide\plugins\com.st.stm32cube.ide.mcu.externaltools.gnu-tools-for-stm32.10.3-2021.10.win32_1.0.0.202111181127\tools\arm-none-eabi\include\machine\_default_types.h:160:30: error: declaration for parameter '__int_least16_t' but no such parameter
  160 | typedef __INT_LEAST16_TYPE__ __int_least16_t;
      |                              ^~~~~~~~~~~~~~~
d:\stm32cubeide_1.10.1\stm32cubeide\plugins\com.st.stm32cube.ide.mcu.externaltools.gnu-tools-for-stm32.10.3-2021.10.win32_1.0.0.202111181127\tools\arm-none-eabi\include\machine\_default_types.h:136:30: error: declaration for parameter '__uint_least8_t' but no such parameter
  136 | typedef __UINT_LEAST8_TYPE__ __uint_least8_t;
      |                              ^~~~~~~~~~~~~~~
d:\stm32cubeide_1.10.1\stm32cubeide\plugins\com.st.stm32cube.ide.mcu.externaltools.gnu-tools-for-stm32.10.3-2021.10.win32_1.0.0.202111181127\tools\arm-none-eabi\include\machine\_default_types.h:134:29: error: declaration for parameter '__int_least8_t' but no such parameter
  134 | typedef __INT_LEAST8_TYPE__ __int_least8_t;
      |                             ^~~~~~~~~~~~~~
d:\stm32cubeide_1.10.1\stm32cubeide\plugins\com.st.stm32cube.ide.mcu.externaltools.gnu-tools-for-stm32.10.3-2021.10.win32_1.0.0.202111181127\tools\arm-none-eabi\include\machine\_default_types.h:105:25: error: declaration for parameter '__uint64_t' but no such parameter
  105 | typedef __UINT64_TYPE__ __uint64_t;
      |                         ^~~~~~~~~~
d:\stm32cubeide_1.10.1\stm32cubeide\plugins\com.st.stm32cube.ide.mcu.externaltools.gnu-tools-for-stm32.10.3-2021.10.win32_1.0.0.202111181127\tools\arm-none-eabi\include\machine\_default_types.h:103:24: error: declaration for parameter '__int64_t' but no such parameter
  103 | typedef __INT64_TYPE__ __int64_t;
      |                        ^~~~~~~~~
d:\stm32cubeide_1.10.1\stm32cubeide\plugins\com.st.stm32cube.ide.mcu.externaltools.gnu-tools-for-stm32.10.3-2021.10.win32_1.0.0.202111181127\tools\arm-none-eabi\include\machine\_default_types.h:79:25: error: declaration for parameter '__uint32_t' but no such parameter
   79 | typedef __UINT32_TYPE__ __uint32_t;
      |                         ^~~~~~~~~~
d:\stm32cubeide_1.10.1\stm32cubeide\plugins\com.st.stm32cube.ide.mcu.externaltools.gnu-tools-for-stm32.10.3-2021.10.win32_1.0.0.202111181127\tools\arm-none-eabi\include\machine\_default_types.h:77:24: error: declaration for parameter '__int32_t' but no such parameter
   77 | typedef __INT32_TYPE__ __int32_t;
      |                        ^~~~~~~~~
d:\stm32cubeide_1.10.1\stm32cubeide\plugins\com.st.stm32cube.ide.mcu.externaltools.gnu-tools-for-stm32.10.3-2021.10.win32_1.0.0.202111181127\tools\arm-none-eabi\include\machine\_default_types.h:57:25: error: declaration for parameter '__uint16_t' but no such parameter
   57 | typedef __UINT16_TYPE__ __uint16_t;
      |                         ^~~~~~~~~~
d:\stm32cubeide_1.10.1\stm32cubeide\plugins\com.st.stm32cube.ide.mcu.externaltools.gnu-tools-for-stm32.10.3-2021.10.win32_1.0.0.202111181127\tools\arm-none-eabi\include\machine\_default_types.h:55:24: error: declaration for parameter '__int16_t' but no such parameter
   55 | typedef __INT16_TYPE__ __int16_t;
      |                        ^~~~~~~~~
d:\stm32cubeide_1.10.1\stm32cubeide\plugins\com.st.stm32cube.ide.mcu.externaltools.gnu-tools-for-stm32.10.3-2021.10.win32_1.0.0.202111181127\tools\arm-none-eabi\include\machine\_default_types.h:43:24: error: declaration for parameter '__uint8_t' but no such parameter
   43 | typedef __UINT8_TYPE__ __uint8_t;
      |                        ^~~~~~~~~
d:\stm32cubeide_1.10.1\stm32cubeide\plugins\com.st.stm32cube.ide.mcu.externaltools.gnu-tools-for-stm32.10.3-2021.10.win32_1.0.0.202111181127\tools\arm-none-eabi\include\machine\_default_types.h:41:23: error: declaration for parameter '__int8_t' but no such parameter
   41 | typedef __INT8_TYPE__ __int8_t;
      |                       ^~~~~~~~
../Core/Src/main.c:266: error: expected '{' at end of input
../Core/Src/main.c:266: warning: control reaches end of non-void function [-Wreturn-type]
make: *** [Core/Src/subdir.mk:37: Core/Src/main.o] Error 1
"make -j12 all" terminated with exit code 2. Build might be incomplete.

16:33:42 Build Failed. 987 errors, 3 warnings. (took 840ms)

